<?xml version="1.0" encoding="UTF-8"?>
<testng-results ignored="0" total="165" passed="165" failed="0" skipped="0">
  <reporter-output>
  </reporter-output>
  <suite started-at="2023-12-15T11:25:48 IST" name="Default suite" finished-at="2023-12-15T13:05:38 IST" duration-ms="5989494">
    <groups>
    </groups>
    <test started-at="2023-12-15T11:25:48 IST" name="Default test" finished-at="2023-12-15T13:05:38 IST" duration-ms="5989494">
      <class name="com.qa.beameducation.testscripts.Class4Test">
        <test-method is-config="true" signature="launchBrowser()[pri:0, instance:com.qa.beameducation.testscripts.Class4Test@4ced35ed]" started-at="2023-12-15T11:25:48 IST" name="launchBrowser" finished-at="2023-12-15T11:26:13 IST" duration-ms="24862" status="PASS">
          <reporter-output>
          </reporter-output>
        </test-method> <!-- launchBrowser -->
        <test-method signature="addcase(java.lang.String,java.lang.String,java.lang.String,java.lang.String,java.lang.String,java.lang.String,java.lang.String,java.lang.String,java.lang.String,java.lang.String,java.lang.String,java.lang.String)[pri:1, instance:com.qa.beameducation.testscripts.Class4Test@4ced35ed]" started-at="2023-12-15T11:26:19 IST" name="addcase" data-provider="Beam" finished-at="2023-12-15T11:26:57 IST" duration-ms="38410" status="PASS">
          <params>
            <param index="0">
              <value>
                <![CDATA[//p[text()='Plan multiple sentence ideas, with support']/../span]]>
              </value>
            </param>
            <param index="1">
              <value>
                <![CDATA[//p[text()='Create appropriate headings for the text type, using some sub-headings for clarity']/../span]]>
              </value>
            </param>
            <param index="2">
              <value>
                <![CDATA[//p[text()='Group sentences to create paragraphs with some success']/../span]]>
              </value>
            </param>
            <param index="3">
              <value>
                <![CDATA[//p[text()='Select setting and characters; develop a simple plot']/../span]]>
              </value>
            </param>
            <param index="4">
              <value>
                <![CDATA[//p[text()='Tailor text to its purpose, including many appropriate features and Y4 vocabulary']/../span]]>
              </value>
            </param>
            <param index="5">
              <value>
                <![CDATA[//p[text()='Use inverted commas accurately for direct speech with other speech punctuation; use some Y4 punctuation']/../span]]>
              </value>
            </param>
            <param index="6">
              <value>
                <![CDATA[//p[text()='Apply present perfect verb form and past tense (e.g. I have cooked and I cooked); transcribe with limited support']/../span]]>
              </value>
            </param>
            <param index="7">
              <value>
                <![CDATA[//p[text()='Use diagonal and horizontal strokes for joining, sometimes independently']/../span]]>
              </value>
            </param>
            <param index="8">
              <value>
                <![CDATA[//p[text()='Correctly spell words with suffixes beginning with vowel letters; understand when to double the final consonant in the root word']/../span]]>
              </value>
            </param>
            <param index="9">
              <value>
                <![CDATA[//p[text()='Use most Year 2 spelling rules in written work, practising new spellings for known phonemes']/../span]]>
              </value>
            </param>
            <param index="10">
              <value>
                <![CDATA[//p[text()='BELOW']/../span]]>
              </value>
            </param>
            <param index="11">
              <value>
                <![CDATA[//p[text()='Confidently choose appropriate nouns or pronouns to create cohesion, avoid repetition and achieve clarity']/../span]]>
              </value>
            </param>
          </params>
          <reporter-output>
          </reporter-output>
        </test-method> <!-- addcase -->
        <test-method signature="addcase(java.lang.String,java.lang.String,java.lang.String,java.lang.String,java.lang.String,java.lang.String,java.lang.String,java.lang.String,java.lang.String,java.lang.String,java.lang.String,java.lang.String)[pri:1, instance:com.qa.beameducation.testscripts.Class4Test@4ced35ed]" started-at="2023-12-15T11:26:57 IST" name="addcase" data-provider="Beam" finished-at="2023-12-15T11:27:33 IST" duration-ms="36345" status="PASS">
          <params>
            <param index="0">
              <value>
                <![CDATA[//p[text()='Prepare writing orally, sentence by sentence, without losing focus']/../span]]>
              </value>
            </param>
            <param index="1">
              <value>
                <![CDATA[//p[text()='Select some appropriate non-fiction devices that clearly demonstrate awareness of the reader']/../span]]>
              </value>
            </param>
            <param index="2">
              <value>
                <![CDATA[//p[text()='Begin to organise paragraphs by theme / change of subject, time or setting']/../span]]>
              </value>
            </param>
            <param index="3">
              <value>
                <![CDATA[//p[text()='Develop own settings, characters and plot with some detail']/../span]]>
              </value>
            </param>
            <param index="4">
              <value>
                <![CDATA[//p[text()='Tailor text to its purpose, including only appropriate features and Y4 vocabulary']/../span]]>
              </value>
            </param>
            <param index="5">
              <value>
                <![CDATA[//p[text()='Routinely use correct speech punctuation and commas to clarify meaning']/../span]]>
              </value>
            </param>
            <param index="6">
              <value>
                <![CDATA[//p[text()='BELOW']/../span]]>
              </value>
            </param>
            <param index="7">
              <value>
                <![CDATA[//p[text()='Make attempts to join some letters, albeit inconsistently']/../span]]>
              </value>
            </param>
            <param index="8">
              <value>
                <![CDATA[//p[text()='Begin to use prefixes: dis-, mis-, il-, im-, un-, re-, in-, ir-, super-, anti-, auto- and suffixes: -ly']/../span]]>
              </value>
            </param>
            <param index="9">
              <value>
                <![CDATA[//p[text()='Use some Y2 spellings in written work']/../span]]>
              </value>
            </param>
            <param index="10">
              <value>
                <![CDATA[//p[text()='Confidently use a range of conjunctions, adverbs and prepositions to express time and cause; apply some new vocabulary']/../span]]>
              </value>
            </param>
            <param index="11">
              <value>
                <![CDATA[//p[text()='BELOW']/../span]]>
              </value>
            </param>
          </params>
          <reporter-output>
          </reporter-output>
        </test-method> <!-- addcase -->
        <test-method signature="addcase(java.lang.String,java.lang.String,java.lang.String,java.lang.String,java.lang.String,java.lang.String,java.lang.String,java.lang.String,java.lang.String,java.lang.String,java.lang.String,java.lang.String)[pri:1, instance:com.qa.beameducation.testscripts.Class4Test@4ced35ed]" started-at="2023-12-15T11:27:33 IST" name="addcase" data-provider="Beam" finished-at="2023-12-15T11:28:10 IST" duration-ms="36787" status="PASS">
          <params>
            <param index="0">
              <value>
                <![CDATA[//p[text()='Plan multiple sentence ideas, with support']/../span]]>
              </value>
            </param>
            <param index="1">
              <value>
                <![CDATA[//p[text()='Select simple, appropriate non-fiction devices (e.g. sub-headings, time connectives, diagrams) to structure writing, with success criteria']/../span]]>
              </value>
            </param>
            <param index="2">
              <value>
                <![CDATA[//p[text()='Create simple paragraphs, with growing independence']/../span]]>
              </value>
            </param>
            <param index="3">
              <value>
                <![CDATA[//p[text()='Write sentences that are sequenced to form a short narrative (real or fictional)']/../span]]>
              </value>
            </param>
            <param index="4">
              <value>
                <![CDATA[//p[text()='Write effectively and coherently for different purposes, drawing on reading to inform vocabulary and grammar']/../span]]>
              </value>
            </param>
            <param index="5">
              <value>
                <![CDATA[//p[text()='Demarcate most sentences with capital letters and full stops, and use question marks correctly, when required']/../span]]>
              </value>
            </param>
            <param index="6">
              <value>
                <![CDATA[//p[text()='Confidently use the present perfect verb form and past tense; transcribe independently']/../span]]>
              </value>
            </param>
            <param index="7">
              <value>
                <![CDATA[//p[text()='With support, join most letters with diagonal and horizontal strokes']/../span]]>
              </value>
            </param>
            <param index="8">
              <value>
                <![CDATA[//p[text()='Add suffixes to spell some longer words correctly, including -ment, -ness, -ful, -less, -ly']/../span]]>
              </value>
            </param>
            <param index="9">
              <value>
                <![CDATA[//p[text()='Correctly spell many words from the year 3 / 4 spelling list']/../span]]>
              </value>
            </param>
            <param index="10">
              <value>
                <![CDATA[//p[text()='Express cause or reasoning with conjunctions, such as: due to, after, rather than…']/../span]]>
              </value>
            </param>
            <param index="11">
              <value>
                <![CDATA[//p[text()='Choose appropriate nouns or pronouns to make meanings clear and avoid repetition']/../span]]>
              </value>
            </param>
          </params>
          <reporter-output>
          </reporter-output>
        </test-method> <!-- addcase -->
        <test-method signature="addcase(java.lang.String,java.lang.String,java.lang.String,java.lang.String,java.lang.String,java.lang.String,java.lang.String,java.lang.String,java.lang.String,java.lang.String,java.lang.String,java.lang.String)[pri:1, instance:com.qa.beameducation.testscripts.Class4Test@4ced35ed]" started-at="2023-12-15T11:28:10 IST" name="addcase" data-provider="Beam" finished-at="2023-12-15T11:28:47 IST" duration-ms="37057" status="PASS">
          <params>
            <param index="0">
              <value>
                <![CDATA[//p[text()='Compose sentences with simple, accurate dialogue, including indication of the speaker']/../span]]>
              </value>
            </param>
            <param index="1">
              <value>
                <![CDATA[//p[text()='Use appropriate headings or sub-headings most of the time, with support']/../span]]>
              </value>
            </param>
            <param index="2">
              <value>
                <![CDATA[//p[text()='Independently organise writing into paragraphs with some success']/../span]]>
              </value>
            </param>
            <param index="3">
              <value>
                <![CDATA[//p[text()='Begin to include more ambitious details in narratives']/../span]]>
              </value>
            </param>
            <param index="4">
              <value>
                <![CDATA[//p[text()='Write for different purposes, identifying audience']/../span]]>
              </value>
            </param>
            <param index="5">
              <value>
                <![CDATA[//p[text()='Demarcate some sentences with capital letters and full stops']/../span]]>
              </value>
            </param>
            <param index="6">
              <value>
                <![CDATA[//p[text()='Confidently use the present perfect verb form and past tense; transcribe independently']/../span]]>
              </value>
            </param>
            <param index="7">
              <value>
                <![CDATA[//p[text()='Develop confidence in joining some letters, with support']/../span]]>
              </value>
            </param>
            <param index="8">
              <value>
                <![CDATA[//p[text()='Practise and apply Y3 prefixes']/../span]]>
              </value>
            </param>
            <param index="9">
              <value>
                <![CDATA[//p[text()='Use some Y2 spellings in written work']/../span]]>
              </value>
            </param>
            <param index="10">
              <value>
                <![CDATA[//p[text()='Express time or cause with conjunctions, adverbs or prepositions']/../span]]>
              </value>
            </param>
            <param index="11">
              <value>
                <![CDATA[//p[text()='Practise replacing proper nouns with pronouns to avoid repitition']/../span]]>
              </value>
            </param>
          </params>
          <reporter-output>
          </reporter-output>
        </test-method> <!-- addcase -->
        <test-method signature="addcase(java.lang.String,java.lang.String,java.lang.String,java.lang.String,java.lang.String,java.lang.String,java.lang.String,java.lang.String,java.lang.String,java.lang.String,java.lang.String,java.lang.String)[pri:1, instance:com.qa.beameducation.testscripts.Class4Test@4ced35ed]" started-at="2023-12-15T11:28:47 IST" name="addcase" data-provider="Beam" finished-at="2023-12-15T11:29:24 IST" duration-ms="36759" status="PASS">
          <params>
            <param index="0">
              <value>
                <![CDATA[//p[text()='Compose sentences aloud (including direct speech and some variety in sentence structure); transcribe plausibly']/../span]]>
              </value>
            </param>
            <param index="1">
              <value>
                <![CDATA[//p[text()='Select from appropriate headings provided']/../span]]>
              </value>
            </param>
            <param index="2">
              <value>
                <![CDATA[//p[text()='BELOW']/../span]]>
              </value>
            </param>
            <param index="3">
              <value>
                <![CDATA[//p[text()='Use some exciting vocabulary to create settings, characters and plot in narratives']/../span]]>
              </value>
            </param>
            <param index="4">
              <value>
                <![CDATA[//p[text()='Tailor text to its purpose, including only appropriate features and Y4 vocabulary']/../span]]>
              </value>
            </param>
            <param index="5">
              <value>
                <![CDATA[//p[text()='BELOW']/../span]]>
              </value>
            </param>
            <param index="6">
              <value>
                <![CDATA[//p[text()='Use present perfect verb form accurately when speaking (e.g. We have been friends); begin to transcribe this tense']/../span]]>
              </value>
            </param>
            <param index="7">
              <value>
                <![CDATA[//p[text()='Produce legible handwriting, albeit inconsistently; know most letter combinations that should stay unjoined']/../span]]>
              </value>
            </param>
            <param index="8">
              <value>
                <![CDATA[//p[text()='Understand that some prefixes create antonyms; begin to apply these spellings']/../span]]>
              </value>
            </param>
            <param index="9">
              <value>
                <![CDATA[//p[text()='Apply many Year 3 spellings, including: y (myth), ou (touch), -sion (division), ch (machine), ei (eight)']/../span]]>
              </value>
            </param>
            <param index="10">
              <value>
                <![CDATA[//p[text()='Express time or cause with a growing variety of conjunctions, adverbs and prepositions']/../span]]>
              </value>
            </param>
            <param index="11">
              <value>
                <![CDATA[//p[text()='Choose appropriate nouns or pronouns to make meanings clear and avoid repetition']/../span]]>
              </value>
            </param>
          </params>
          <reporter-output>
          </reporter-output>
        </test-method> <!-- addcase -->
        <test-method signature="addcase(java.lang.String,java.lang.String,java.lang.String,java.lang.String,java.lang.String,java.lang.String,java.lang.String,java.lang.String,java.lang.String,java.lang.String,java.lang.String,java.lang.String)[pri:1, instance:com.qa.beameducation.testscripts.Class4Test@4ced35ed]" started-at="2023-12-15T11:29:24 IST" name="addcase" data-provider="Beam" finished-at="2023-12-15T11:30:01 IST" duration-ms="36697" status="PASS">
          <params>
            <param index="0">
              <value>
                <![CDATA[//p[text()='Compose sentences with simple, accurate dialogue, including indication of the speaker']/../span]]>
              </value>
            </param>
            <param index="1">
              <value>
                <![CDATA[//p[text()='Create appropriate headings and sub-headings for non-fiction; begin to include other features, with some success']/../span]]>
              </value>
            </param>
            <param index="2">
              <value>
                <![CDATA[//p[text()='Group similar ideas together to create a simple paragraph']/../span]]>
              </value>
            </param>
            <param index="3">
              <value>
                <![CDATA[//p[text()='Create appropriate settings, characters and plot, taking inspiration from modelled stories']/../span]]>
              </value>
            </param>
            <param index="4">
              <value>
                <![CDATA[//p[text()='Use success criteria, if needed, to include some appropriate text features and Y3 vocabulary']/../span]]>
              </value>
            </param>
            <param index="5">
              <value>
                <![CDATA[//p[text()='Punctuate direct speech correctly most of the time; use other Y4 punctuation; begin to use commas for meaning']/../span]]>
              </value>
            </param>
            <param index="6">
              <value>
                <![CDATA[//p[text()='Use past and present tenses correctly across a range of writing']/../span]]>
              </value>
            </param>
            <param index="7">
              <value>
                <![CDATA[//p[text()='Produce legible handwriting with developing consistency; know all letter combinations that should stay unjoined']/../span]]>
              </value>
            </param>
            <param index="8">
              <value>
                <![CDATA[//p[text()='BELOW']/../span]]>
              </value>
            </param>
            <param index="9">
              <value>
                <![CDATA[//p[text()='Confidently use Y4 spelling rules to attempt unfamiliar spellings']/../span]]>
              </value>
            </param>
            <param index="10">
              <value>
                <![CDATA[//p[text()='Adopt new vocabulary for expressing time and cause, making phonetically plausible attempts at spelling']/../span]]>
              </value>
            </param>
            <param index="11">
              <value>
                <![CDATA[//p[text()='BELOW']/../span]]>
              </value>
            </param>
          </params>
          <reporter-output>
          </reporter-output>
        </test-method> <!-- addcase -->
        <test-method signature="addcase(java.lang.String,java.lang.String,java.lang.String,java.lang.String,java.lang.String,java.lang.String,java.lang.String,java.lang.String,java.lang.String,java.lang.String,java.lang.String,java.lang.String)[pri:1, instance:com.qa.beameducation.testscripts.Class4Test@4ced35ed]" started-at="2023-12-15T11:30:01 IST" name="addcase" data-provider="Beam" finished-at="2023-12-15T11:30:38 IST" duration-ms="36893" status="PASS">
          <params>
            <param index="0">
              <value>
                <![CDATA[//p[text()='Rehearse aloud a sequence of sentences, one at a time; transcribe with some success']/../span]]>
              </value>
            </param>
            <param index="1">
              <value>
                <![CDATA[//p[text()='BELOW']/../span]]>
              </value>
            </param>
            <param index="2">
              <value>
                <![CDATA[//p[text()='Begin to group sentences by subject or sentence type']/../span]]>
              </value>
            </param>
            <param index="3">
              <value>
                <![CDATA[//p[text()='Write narratives (real or fictional) that include simple additions, revisions and proof-reading corrections']/../span]]>
              </value>
            </param>
            <param index="4">
              <value>
                <![CDATA[//p[text()='Use simple success criteria, if needed, to begin to write for a given purpose']/../span]]>
              </value>
            </param>
            <param index="5">
              <value>
                <![CDATA[//p[text()='In some writing, use inverted commas for direct speech; Use other Y3 punctuation with growing consistency']/../span]]>
              </value>
            </param>
            <param index="6">
              <value>
                <![CDATA[//p[text()='Use past and present tense correctly, when rehearsing sentences aloud; transcribe with some success']/../span]]>
              </value>
            </param>
            <param index="7">
              <value>
                <![CDATA[//p[text()='BELOW']/../span]]>
              </value>
            </param>
            <param index="8">
              <value>
                <![CDATA[//p[text()='Add suffixes to spell most words correctly in writing, e.g. –ment, –ness, –ful, –less, –ly']/../span]]>
              </value>
            </param>
            <param index="9">
              <value>
                <![CDATA[//p[text()='BELOW']/../span]]>
              </value>
            </param>
            <param index="10">
              <value>
                <![CDATA[//p[text()='Use simple phrases to show time of day or sequence ideas: e.g. next, first, before, during, that night...']/../span]]>
              </value>
            </param>
            <param index="11">
              <value>
                <![CDATA[//p[text()='Practise replacing proper nouns with pronouns to avoid repitition']/../span]]>
              </value>
            </param>
          </params>
          <reporter-output>
          </reporter-output>
        </test-method> <!-- addcase -->
        <test-method signature="addcase(java.lang.String,java.lang.String,java.lang.String,java.lang.String,java.lang.String,java.lang.String,java.lang.String,java.lang.String,java.lang.String,java.lang.String,java.lang.String,java.lang.String)[pri:1, instance:com.qa.beameducation.testscripts.Class4Test@4ced35ed]" started-at="2023-12-15T11:30:38 IST" name="addcase" data-provider="Beam" finished-at="2023-12-15T11:31:15 IST" duration-ms="36981" status="PASS">
          <params>
            <param index="0">
              <value>
                <![CDATA[//p[text()='Compose sentences that include dialogue and employ a range of structures']/../span]]>
              </value>
            </param>
            <param index="1">
              <value>
                <![CDATA[//p[text()='Select some appropriate non-fiction devices that clearly demonstrate awareness of the reader']/../span]]>
              </value>
            </param>
            <param index="2">
              <value>
                <![CDATA[//p[text()='BELOW']/../span]]>
              </value>
            </param>
            <param index="3">
              <value>
                <![CDATA[//p[text()='Write sentences that are sequenced to form a short narrative (real or fictional)']/../span]]>
              </value>
            </param>
            <param index="4">
              <value>
                <![CDATA[//p[text()='Use success criteria, if needed, to include mostly relevant text features']/../span]]>
              </value>
            </param>
            <param index="5">
              <value>
                <![CDATA[//p[text()='Confidently use inverted commas for direct speech; Use other speech punctuation, as well as a range of Y3 punctuation']/../span]]>
              </value>
            </param>
            <param index="6">
              <value>
                <![CDATA[//p[text()='Demonstrate confidence in amending verb forms according to tense (e.g. past and present)']/../span]]>
              </value>
            </param>
            <param index="7">
              <value>
                <![CDATA[//p[text()='Use joining strokes mostly independently; know some letter combinations that should remain unjoined']/../span]]>
              </value>
            </param>
            <param index="8">
              <value>
                <![CDATA[//p[text()='Use Y3 prefixes, such as super- and anti-, to generate new nouns']/../span]]>
              </value>
            </param>
            <param index="9">
              <value>
                <![CDATA[//p[text()='Confidently use Y3 spelling rules to attempt unfamiliar spellings']/../span]]>
              </value>
            </param>
            <param index="10">
              <value>
                <![CDATA[//p[text()='Use simple phrases to show time of day or sequence ideas: e.g. next, first, before, during, that night...']/../span]]>
              </value>
            </param>
            <param index="11">
              <value>
                <![CDATA[//p[text()='Confidently choose appropriate nouns or pronouns to create cohesion, avoid repetition and achieve clarity']/../span]]>
              </value>
            </param>
          </params>
          <reporter-output>
          </reporter-output>
        </test-method> <!-- addcase -->
        <test-method signature="addcase(java.lang.String,java.lang.String,java.lang.String,java.lang.String,java.lang.String,java.lang.String,java.lang.String,java.lang.String,java.lang.String,java.lang.String,java.lang.String,java.lang.String)[pri:1, instance:com.qa.beameducation.testscripts.Class4Test@4ced35ed]" started-at="2023-12-15T11:31:15 IST" name="addcase" data-provider="Beam" finished-at="2023-12-15T11:31:52 IST" duration-ms="37462" status="PASS">
          <params>
            <param index="0">
              <value>
                <![CDATA[//p[text()='Choose some vocabulary for impact; automatically use a range of sentence structures']/../span]]>
              </value>
            </param>
            <param index="1">
              <value>
                <![CDATA[//p[text()='Select some appropriate non-fiction devices that clearly demonstrate awareness of the reader']/../span]]>
              </value>
            </param>
            <param index="2">
              <value>
                <![CDATA[//p[text()='Create simple paragraphs, with growing independence']/../span]]>
              </value>
            </param>
            <param index="3">
              <value>
                <![CDATA[//p[text()='Write simple, coherent narratives about personal experiences and those of others (real or fictional)']/../span]]>
              </value>
            </param>
            <param index="4">
              <value>
                <![CDATA[//p[text()='Attempt writing for different purposes, even if the purpose is unclear']/../span]]>
              </value>
            </param>
            <param index="5">
              <value>
                <![CDATA[//p[text()='Punctuate direct speech correctly most of the time; use other Y4 punctuation; begin to use commas for meaning']/../span]]>
              </value>
            </param>
            <param index="6">
              <value>
                <![CDATA[//p[text()='Use present and past tense mostly correctly and consistently']/../span]]>
              </value>
            </param>
            <param index="7">
              <value>
                <![CDATA[//p[text()='Use the diagonal and horizontal strokes needed to join some letters']/../span]]>
              </value>
            </param>
            <param index="8">
              <value>
                <![CDATA[//p[text()='Attempt phonically-plausible spellings of word endings, such as -ment, -ness']/../span]]>
              </value>
            </param>
            <param index="9">
              <value>
                <![CDATA[//p[text()='Apply many Year 3 spellings, including: y (myth), ou (touch), -sion (division), ch (machine), ei (eight)']/../span]]>
              </value>
            </param>
            <param index="10">
              <value>
                <![CDATA[//p[text()='BELOW']/../span]]>
              </value>
            </param>
            <param index="11">
              <value>
                <![CDATA[//p[text()='Practise replacing proper nouns with pronouns to avoid repitition']/../span]]>
              </value>
            </param>
          </params>
          <reporter-output>
          </reporter-output>
        </test-method> <!-- addcase -->
        <test-method signature="addcase(java.lang.String,java.lang.String,java.lang.String,java.lang.String,java.lang.String,java.lang.String,java.lang.String,java.lang.String,java.lang.String,java.lang.String,java.lang.String,java.lang.String)[pri:1, instance:com.qa.beameducation.testscripts.Class4Test@4ced35ed]" started-at="2023-12-15T11:31:52 IST" name="addcase" data-provider="Beam" finished-at="2023-12-15T11:32:29 IST" duration-ms="36807" status="PASS">
          <params>
            <param index="0">
              <value>
                <![CDATA[//p[text()='BELOW']/../span]]>
              </value>
            </param>
            <param index="1">
              <value>
                <![CDATA[//p[text()='Select simple, appropriate non-fiction devices (e.g. sub-headings, time connectives, diagrams) to structure writing, with success criteria']/../span]]>
              </value>
            </param>
            <param index="2">
              <value>
                <![CDATA[//p[text()='Group sentences to create paragraphs with some success']/../span]]>
              </value>
            </param>
            <param index="3">
              <value>
                <![CDATA[//p[text()='Create simple settings, characters and plot with some descriptive language']/../span]]>
              </value>
            </param>
            <param index="4">
              <value>
                <![CDATA[//p[text()='BELOW']/../span]]>
              </value>
            </param>
            <param index="5">
              <value>
                <![CDATA[//p[text()='Use range of punctuation taught at KS1 mostly correctly']/../span]]>
              </value>
            </param>
            <param index="6">
              <value>
                <![CDATA[//p[text()='Develop some consistency in sticking to the correct tense']/../span]]>
              </value>
            </param>
            <param index="7">
              <value>
                <![CDATA[//p[text()='BELOW']/../span]]>
              </value>
            </param>
            <param index="8">
              <value>
                <![CDATA[//p[text()='Use Y4 prefixes: sub-, inter- suffixes: -ous, -ation, -ly (looking at exceptions), suffixes beginning with a vowel: -er, -ing, -en, -erred']/../span]]>
              </value>
            </param>
            <param index="9">
              <value>
                <![CDATA[//p[text()='Correctly spell most words from the year 1 / 2 spelling list and some from the year 3 / 4 list']/../span]]>
              </value>
            </param>
            <param index="10">
              <value>
                <![CDATA[//p[text()='Express time or cause with conjunctions, adverbs or prepositions']/../span]]>
              </value>
            </param>
            <param index="11">
              <value>
                <![CDATA[//p[text()='BELOW']/../span]]>
              </value>
            </param>
          </params>
          <reporter-output>
          </reporter-output>
        </test-method> <!-- addcase -->
        <test-method signature="addcase(java.lang.String,java.lang.String,java.lang.String,java.lang.String,java.lang.String,java.lang.String,java.lang.String,java.lang.String,java.lang.String,java.lang.String,java.lang.String,java.lang.String)[pri:1, instance:com.qa.beameducation.testscripts.Class4Test@4ced35ed]" started-at="2023-12-15T11:32:29 IST" name="addcase" data-provider="Beam" finished-at="2023-12-15T11:33:08 IST" duration-ms="38648" status="PASS">
          <params>
            <param index="0">
              <value>
                <![CDATA[//p[text()='Choose some vocabulary for impact; automatically use a range of sentence structures']/../span]]>
              </value>
            </param>
            <param index="1">
              <value>
                <![CDATA[//p[text()='BELOW']/../span]]>
              </value>
            </param>
            <param index="2">
              <value>
                <![CDATA[//p[text()='Begin to organise paragraphs by theme / change of subject, time or setting']/../span]]>
              </value>
            </param>
            <param index="3">
              <value>
                <![CDATA[//p[text()='Create simple settings, characters and plot with some descriptive language']/../span]]>
              </value>
            </param>
            <param index="4">
              <value>
                <![CDATA[//p[text()='Make some relevant choices to suit purpose of text']/../span]]>
              </value>
            </param>
            <param index="5">
              <value>
                <![CDATA[//p[text()='Begin to demarcate speech; Apply other Y3 punctuation, with support']/../span]]>
              </value>
            </param>
            <param index="6">
              <value>
                <![CDATA[//p[text()='Proof-read and make revisions for tense-verb agreement']/../span]]>
              </value>
            </param>
            <param index="7">
              <value>
                <![CDATA[//p[text()='With support, join many letters with diagonal and horizontal strokes']/../span]]>
              </value>
            </param>
            <param index="8">
              <value>
                <![CDATA[//p[text()='Practise and apply Y3 prefixes']/../span]]>
              </value>
            </param>
            <param index="9">
              <value>
                <![CDATA[//p[text()='Use Y2 spellings across a range of writing; including polysyllabic words containing new spellings of known phonemes; usually use correct spelling of common homophones']/../span]]>
              </value>
            </param>
            <param index="10">
              <value>
                <![CDATA[//p[text()='Adopt new vocabulary for expressing time and cause, making phonetically plausible attempts at spelling']/../span]]>
              </value>
            </param>
            <param index="11">
              <value>
                <![CDATA[//p[text()='Choose appropriate nouns or pronouns to make meanings clear and avoid repetition']/../span]]>
              </value>
            </param>
          </params>
          <reporter-output>
          </reporter-output>
        </test-method> <!-- addcase -->
        <test-method signature="addcase(java.lang.String,java.lang.String,java.lang.String,java.lang.String,java.lang.String,java.lang.String,java.lang.String,java.lang.String,java.lang.String,java.lang.String,java.lang.String,java.lang.String)[pri:1, instance:com.qa.beameducation.testscripts.Class4Test@4ced35ed]" started-at="2023-12-15T11:33:08 IST" name="addcase" data-provider="Beam" finished-at="2023-12-15T11:33:44 IST" duration-ms="36971" status="PASS">
          <params>
            <param index="0">
              <value>
                <![CDATA[//p[text()='Compose simple sentences out loud with accurate tense; transcribe mostly accurately']/../span]]>
              </value>
            </param>
            <param index="1">
              <value>
                <![CDATA[//p[text()='Create appropriate headings for the text type, using some sub-headings for clarity']/../span]]>
              </value>
            </param>
            <param index="2">
              <value>
                <![CDATA[//p[text()='Independently organise writing into paragraphs with some success']/../span]]>
              </value>
            </param>
            <param index="3">
              <value>
                <![CDATA[//p[text()='Write narratives (real or fictional) that include simple additions, revisions and proof-reading corrections']/../span]]>
              </value>
            </param>
            <param index="4">
              <value>
                <![CDATA[//p[text()='Make some relevant choices to suit purpose of text']/../span]]>
              </value>
            </param>
            <param index="5">
              <value>
                <![CDATA[//p[text()='Demarcate most sentences with capital letters and full stops, and use question marks correctly, when required']/../span]]>
              </value>
            </param>
            <param index="6">
              <value>
                <![CDATA[//p[text()='Develop some consistency in sticking to the correct tense']/../span]]>
              </value>
            </param>
            <param index="7">
              <value>
                <![CDATA[//p[text()='Produce legible handwriting, albeit inconsistently; know most letter combinations that should stay unjoined']/../span]]>
              </value>
            </param>
            <param index="8">
              <value>
                <![CDATA[//p[text()='BELOW']/../span]]>
              </value>
            </param>
            <param index="9">
              <value>
                <![CDATA[//p[text()='Apply some Y3 spellings rules in writing']/../span]]>
              </value>
            </param>
            <param index="10">
              <value>
                <![CDATA[//p[text()='Confidently use a range of conjunctions, adverbs and prepositions to express time and cause; apply some new vocabulary']/../span]]>
              </value>
            </param>
            <param index="11">
              <value>
                <![CDATA[//p[text()='Confidently choose appropriate nouns or pronouns to create cohesion, avoid repetition and achieve clarity']/../span]]>
              </value>
            </param>
          </params>
          <reporter-output>
          </reporter-output>
        </test-method> <!-- addcase -->
        <test-method signature="addcase(java.lang.String,java.lang.String,java.lang.String,java.lang.String,java.lang.String,java.lang.String,java.lang.String,java.lang.String,java.lang.String,java.lang.String,java.lang.String,java.lang.String)[pri:1, instance:com.qa.beameducation.testscripts.Class4Test@4ced35ed]" started-at="2023-12-15T11:33:45 IST" name="addcase" data-provider="Beam" finished-at="2023-12-15T11:34:22 IST" duration-ms="37878" status="PASS">
          <params>
            <param index="0">
              <value>
                <![CDATA[//p[text()='Compose simple sentences out loud with accurate tense; transcribe mostly accurately']/../span]]>
              </value>
            </param>
            <param index="1">
              <value>
                <![CDATA[//p[text()='Use appropriate headings or sub-headings most of the time, with support']/../span]]>
              </value>
            </param>
            <param index="2">
              <value>
                <![CDATA[//p[text()='Begin to group sentences by subject or sentence type']/../span]]>
              </value>
            </param>
            <param index="3">
              <value>
                <![CDATA[//p[text()='Create appropriate settings, characters and plot, taking inspiration from modelled stories']/../span]]>
              </value>
            </param>
            <param index="4">
              <value>
                <![CDATA[//p[text()='Write for different purposes, identifying audience']/../span]]>
              </value>
            </param>
            <param index="5">
              <value>
                <![CDATA[//p[text()='Use inverted commas accurately for direct speech with other speech punctuation; use some Y4 punctuation']/../span]]>
              </value>
            </param>
            <param index="6">
              <value>
                <![CDATA[//p[text()='BELOW']/../span]]>
              </value>
            </param>
            <param index="7">
              <value>
                <![CDATA[//p[text()='Use the diagonal and horizontal strokes needed to join some letters']/../span]]>
              </value>
            </param>
            <param index="8">
              <value>
                <![CDATA[//p[text()='Use Y4 prefixes: sub-, inter- suffixes: -ous, -ation, -ly (looking at exceptions), suffixes beginning with a vowel: -er, -ing, -en, -erred']/../span]]>
              </value>
            </param>
            <param index="9">
              <value>
                <![CDATA[//p[text()='Confidently use Y3 spelling rules to attempt unfamiliar spellings']/../span]]>
              </value>
            </param>
            <param index="10">
              <value>
                <![CDATA[//p[text()='Express time or cause with a growing variety of conjunctions, adverbs and prepositions']/../span]]>
              </value>
            </param>
            <param index="11">
              <value>
                <![CDATA[//p[text()='Choose appropriate nouns or pronouns to make meanings clear and avoid repetition']/../span]]>
              </value>
            </param>
          </params>
          <reporter-output>
          </reporter-output>
        </test-method> <!-- addcase -->
        <test-method signature="addcase(java.lang.String,java.lang.String,java.lang.String,java.lang.String,java.lang.String,java.lang.String,java.lang.String,java.lang.String,java.lang.String,java.lang.String,java.lang.String,java.lang.String)[pri:1, instance:com.qa.beameducation.testscripts.Class4Test@4ced35ed]" started-at="2023-12-15T11:34:22 IST" name="addcase" data-provider="Beam" finished-at="2023-12-15T11:35:00 IST" duration-ms="37196" status="PASS">
          <params>
            <param index="0">
              <value>
                <![CDATA[//p[text()='Compose sentences, including dialogue; build varied vocabulary and a range of sentence structures']/../span]]>
              </value>
            </param>
            <param index="1">
              <value>
                <![CDATA[//p[text()='Create appropriate headings for the text type, using some sub-headings for clarity']/../span]]>
              </value>
            </param>
            <param index="2">
              <value>
                <![CDATA[//p[text()='Begin to group sentences by subject or sentence type']/../span]]>
              </value>
            </param>
            <param index="3">
              <value>
                <![CDATA[//p[text()='Begin to include more ambitious details in narratives']/../span]]>
              </value>
            </param>
            <param index="4">
              <value>
                <![CDATA[//p[text()='Attempt writing for different purposes, even if the purpose is unclear']/../span]]>
              </value>
            </param>
            <param index="5">
              <value>
                <![CDATA[//p[text()='Demarcate some sentences with capital letters and full stops']/../span]]>
              </value>
            </param>
            <param index="6">
              <value>
                <![CDATA[//p[text()='Apply present perfect verb form and past tense (e.g. I have cooked and I cooked); transcribe with limited support']/../span]]>
              </value>
            </param>
            <param index="7">
              <value>
                <![CDATA[//p[text()='Use joining strokes mostly independently; know some letter combinations that should remain unjoined']/../span]]>
              </value>
            </param>
            <param index="8">
              <value>
                <![CDATA[//p[text()='Understand that some prefixes create antonyms; begin to apply these spellings']/../span]]>
              </value>
            </param>
            <param index="9">
              <value>
                <![CDATA[//p[text()='Use Y2 spellings across a range of writing; including polysyllabic words containing new spellings of known phonemes; usually use correct spelling of common homophones']/../span]]>
              </value>
            </param>
            <param index="10">
              <value>
                <![CDATA[//p[text()='Express cause or reasoning with conjunctions, such as: due to, after, rather than…']/../span]]>
              </value>
            </param>
            <param index="11">
              <value>
                <![CDATA[//p[text()='BELOW']/../span]]>
              </value>
            </param>
          </params>
          <reporter-output>
          </reporter-output>
        </test-method> <!-- addcase -->
        <test-method signature="addcase(java.lang.String,java.lang.String,java.lang.String,java.lang.String,java.lang.String,java.lang.String,java.lang.String,java.lang.String,java.lang.String,java.lang.String,java.lang.String,java.lang.String)[pri:1, instance:com.qa.beameducation.testscripts.Class4Test@4ced35ed]" started-at="2023-12-15T11:35:00 IST" name="addcase" data-provider="Beam" finished-at="2023-12-15T11:35:38 IST" duration-ms="38527" status="PASS">
          <params>
            <param index="0">
              <value>
                <![CDATA[//p[text()='BELOW']/../span]]>
              </value>
            </param>
            <param index="1">
              <value>
                <![CDATA[//p[text()='Create appropriate headings and sub-headings for non-fiction; begin to include other features, with some success']/../span]]>
              </value>
            </param>
            <param index="2">
              <value>
                <![CDATA[//p[text()='Group similar ideas together to create a simple paragraph']/../span]]>
              </value>
            </param>
            <param index="3">
              <value>
                <![CDATA[//p[text()='Use some exciting vocabulary to create settings, characters and plot in narratives']/../span]]>
              </value>
            </param>
            <param index="4">
              <value>
                <![CDATA[//p[text()='Attempt writing for different purposes, even if the purpose is unclear']/../span]]>
              </value>
            </param>
            <param index="5">
              <value>
                <![CDATA[//p[text()='In some writing, use inverted commas for direct speech; Use other Y3 punctuation with growing consistency']/../span]]>
              </value>
            </param>
            <param index="6">
              <value>
                <![CDATA[//p[text()='BELOW']/../span]]>
              </value>
            </param>
            <param index="7">
              <value>
                <![CDATA[//p[text()='With support, join many letters with diagonal and horizontal strokes']/../span]]>
              </value>
            </param>
            <param index="8">
              <value>
                <![CDATA[//p[text()='Add suffixes to spell some longer words correctly, including -ment, -ness, -ful, -less, -ly']/../span]]>
              </value>
            </param>
            <param index="9">
              <value>
                <![CDATA[//p[text()='BELOW']/../span]]>
              </value>
            </param>
            <param index="10">
              <value>
                <![CDATA[//p[text()='Express time or cause with conjunctions, adverbs or prepositions']/../span]]>
              </value>
            </param>
            <param index="11">
              <value>
                <![CDATA[//p[text()='Confidently choose appropriate nouns or pronouns to create cohesion, avoid repetition and achieve clarity']/../span]]>
              </value>
            </param>
          </params>
          <reporter-output>
          </reporter-output>
        </test-method> <!-- addcase -->
        <test-method signature="addcase(java.lang.String,java.lang.String,java.lang.String,java.lang.String,java.lang.String,java.lang.String,java.lang.String,java.lang.String,java.lang.String,java.lang.String,java.lang.String,java.lang.String)[pri:1, instance:com.qa.beameducation.testscripts.Class4Test@4ced35ed]" started-at="2023-12-15T11:35:38 IST" name="addcase" data-provider="Beam" finished-at="2023-12-15T11:36:16 IST" duration-ms="37882" status="PASS">
          <params>
            <param index="0">
              <value>
                <![CDATA[//p[text()='Compose sentences, including dialogue; build varied vocabulary and a range of sentence structures']/../span]]>
              </value>
            </param>
            <param index="1">
              <value>
                <![CDATA[//p[text()='Select from appropriate headings provided']/../span]]>
              </value>
            </param>
            <param index="2">
              <value>
                <![CDATA[//p[text()='Group similar ideas together to create a simple paragraph']/../span]]>
              </value>
            </param>
            <param index="3">
              <value>
                <![CDATA[//p[text()='Select setting and characters; develop a simple plot']/../span]]>
              </value>
            </param>
            <param index="4">
              <value>
                <![CDATA[//p[text()='Tailor text to its purpose, including many appropriate features and Y4 vocabulary']/../span]]>
              </value>
            </param>
            <param index="5">
              <value>
                <![CDATA[//p[text()='Demarcate most sentences with capital letters and full stops, and use question marks correctly, when required']/../span]]>
              </value>
            </param>
            <param index="6">
              <value>
                <![CDATA[//p[text()='Proof-read and make revisions for tense-verb agreement']/../span]]>
              </value>
            </param>
            <param index="7">
              <value>
                <![CDATA[//p[text()='Develop confidence in joining some letters, with support']/../span]]>
              </value>
            </param>
            <param index="8">
              <value>
                <![CDATA[//p[text()='Use Y3 prefixes, such as super- and anti-, to generate new nouns']/../span]]>
              </value>
            </param>
            <param index="9">
              <value>
                <![CDATA[//p[text()='Apply many Year 3 spellings, including: y (myth), ou (touch), -sion (division), ch (machine), ei (eight)']/../span]]>
              </value>
            </param>
            <param index="10">
              <value>
                <![CDATA[//p[text()='Use simple phrases to show time of day or sequence ideas: e.g. next, first, before, during, that night...']/../span]]>
              </value>
            </param>
            <param index="11">
              <value>
                <![CDATA[//p[text()='BELOW']/../span]]>
              </value>
            </param>
          </params>
          <reporter-output>
          </reporter-output>
        </test-method> <!-- addcase -->
        <test-method signature="addcase(java.lang.String,java.lang.String,java.lang.String,java.lang.String,java.lang.String,java.lang.String,java.lang.String,java.lang.String,java.lang.String,java.lang.String,java.lang.String,java.lang.String)[pri:1, instance:com.qa.beameducation.testscripts.Class4Test@4ced35ed]" started-at="2023-12-15T11:36:16 IST" name="addcase" data-provider="Beam" finished-at="2023-12-15T11:36:54 IST" duration-ms="37655" status="PASS">
          <params>
            <param index="0">
              <value>
                <![CDATA[//p[text()='Rehearse aloud a sequence of sentences, one at a time; transcribe with some success']/../span]]>
              </value>
            </param>
            <param index="1">
              <value>
                <![CDATA[//p[text()='Create appropriate headings and sub-headings for non-fiction; begin to include other features, with some success']/../span]]>
              </value>
            </param>
            <param index="2">
              <value>
                <![CDATA[//p[text()='BELOW']/../span]]>
              </value>
            </param>
            <param index="3">
              <value>
                <![CDATA[//p[text()='Select setting and characters; develop a simple plot']/../span]]>
              </value>
            </param>
            <param index="4">
              <value>
                <![CDATA[//p[text()='Tailor text to its purpose, including only appropriate features and Y4 vocabulary']/../span]]>
              </value>
            </param>
            <param index="5">
              <value>
                <![CDATA[//p[text()='Begin to demarcate speech; Apply other Y3 punctuation, with support']/../span]]>
              </value>
            </param>
            <param index="6">
              <value>
                <![CDATA[//p[text()='Use present and past tense mostly correctly and consistently']/../span]]>
              </value>
            </param>
            <param index="7">
              <value>
                <![CDATA[//p[text()='Produce legible handwriting with developing consistency; know all letter combinations that should stay unjoined']/../span]]>
              </value>
            </param>
            <param index="8">
              <value>
                <![CDATA[//p[text()='Use Y4 prefixes: sub-, inter- suffixes: -ous, -ation, -ly (looking at exceptions), suffixes beginning with a vowel: -er, -ing, -en, -erred']/../span]]>
              </value>
            </param>
            <param index="9">
              <value>
                <![CDATA[//p[text()='Apply some Y3 spellings rules in writing']/../span]]>
              </value>
            </param>
            <param index="10">
              <value>
                <![CDATA[//p[text()='Express cause or reasoning with conjunctions, such as: due to, after, rather than…']/../span]]>
              </value>
            </param>
            <param index="11">
              <value>
                <![CDATA[//p[text()='Practise replacing proper nouns with pronouns to avoid repitition']/../span]]>
              </value>
            </param>
          </params>
          <reporter-output>
          </reporter-output>
        </test-method> <!-- addcase -->
        <test-method signature="addcase(java.lang.String,java.lang.String,java.lang.String,java.lang.String,java.lang.String,java.lang.String,java.lang.String,java.lang.String,java.lang.String,java.lang.String,java.lang.String,java.lang.String)[pri:1, instance:com.qa.beameducation.testscripts.Class4Test@4ced35ed]" started-at="2023-12-15T11:36:54 IST" name="addcase" data-provider="Beam" finished-at="2023-12-15T11:37:30 IST" duration-ms="36641" status="PASS">
          <params>
            <param index="0">
              <value>
                <![CDATA[//p[text()='Prepare writing orally, sentence by sentence, without losing focus']/../span]]>
              </value>
            </param>
            <param index="1">
              <value>
                <![CDATA[//p[text()='Select from appropriate headings provided']/../span]]>
              </value>
            </param>
            <param index="2">
              <value>
                <![CDATA[//p[text()='Independently organise writing into paragraphs with some success']/../span]]>
              </value>
            </param>
            <param index="3">
              <value>
                <![CDATA[//p[text()='Write simple, coherent narratives about personal experiences and those of others (real or fictional)']/../span]]>
              </value>
            </param>
            <param index="4">
              <value>
                <![CDATA[//p[text()='Use success criteria, if needed, to include mostly relevant text features']/../span]]>
              </value>
            </param>
            <param index="5">
              <value>
                <![CDATA[//p[text()='In some writing, use inverted commas for direct speech; Use other Y3 punctuation with growing consistency']/../span]]>
              </value>
            </param>
            <param index="6">
              <value>
                <![CDATA[//p[text()='Use past and present tense correctly, when rehearsing sentences aloud; transcribe with some success']/../span]]>
              </value>
            </param>
            <param index="7">
              <value>
                <![CDATA[//p[text()='Produce legible handwriting with developing consistency; know all letter combinations that should stay unjoined']/../span]]>
              </value>
            </param>
            <param index="8">
              <value>
                <![CDATA[//p[text()='Begin to use prefixes: dis-, mis-, il-, im-, un-, re-, in-, ir-, super-, anti-, auto- and suffixes: -ly']/../span]]>
              </value>
            </param>
            <param index="9">
              <value>
                <![CDATA[//p[text()='Correctly spell most words from the year 1 / 2 spelling list and some from the year 3 / 4 list']/../span]]>
              </value>
            </param>
            <param index="10">
              <value>
                <![CDATA[//p[text()='BELOW']/../span]]>
              </value>
            </param>
            <param index="11">
              <value>
                <![CDATA[//p[text()='Choose appropriate nouns or pronouns to make meanings clear and avoid repetition']/../span]]>
              </value>
            </param>
          </params>
          <reporter-output>
          </reporter-output>
        </test-method> <!-- addcase -->
        <test-method signature="addcase(java.lang.String,java.lang.String,java.lang.String,java.lang.String,java.lang.String,java.lang.String,java.lang.String,java.lang.String,java.lang.String,java.lang.String,java.lang.String,java.lang.String)[pri:1, instance:com.qa.beameducation.testscripts.Class4Test@4ced35ed]" started-at="2023-12-15T11:37:30 IST" name="addcase" data-provider="Beam" finished-at="2023-12-15T11:38:07 IST" duration-ms="36847" status="PASS">
          <params>
            <param index="0">
              <value>
                <![CDATA[//p[text()='Compose sentences, including dialogue; build varied vocabulary and a range of sentence structures']/../span]]>
              </value>
            </param>
            <param index="1">
              <value>
                <![CDATA[//p[text()='Use appropriate headings or sub-headings most of the time, with support']/../span]]>
              </value>
            </param>
            <param index="2">
              <value>
                <![CDATA[//p[text()='Begin to organise paragraphs by theme / change of subject, time or setting']/../span]]>
              </value>
            </param>
            <param index="3">
              <value>
                <![CDATA[//p[text()='Write sentences that are sequenced to form a short narrative (real or fictional)']/../span]]>
              </value>
            </param>
            <param index="4">
              <value>
                <![CDATA[//p[text()='BELOW']/../span]]>
              </value>
            </param>
            <param index="5">
              <value>
                <![CDATA[//p[text()='Confidently use inverted commas for direct speech; Use other speech punctuation, as well as a range of Y3 punctuation']/../span]]>
              </value>
            </param>
            <param index="6">
              <value>
                <![CDATA[//p[text()='Use present perfect verb form accurately when speaking (e.g. We have been friends); begin to transcribe this tense']/../span]]>
              </value>
            </param>
            <param index="7">
              <value>
                <![CDATA[//p[text()='With support, join most letters with diagonal and horizontal strokes']/../span]]>
              </value>
            </param>
            <param index="8">
              <value>
                <![CDATA[//p[text()='Correctly spell words with suffixes beginning with vowel letters; understand when to double the final consonant in the root word']/../span]]>
              </value>
            </param>
            <param index="9">
              <value>
                <![CDATA[//p[text()='Confidently use Y4 spelling rules to attempt unfamiliar spellings']/../span]]>
              </value>
            </param>
            <param index="10">
              <value>
                <![CDATA[//p[text()='Confidently use a range of conjunctions, adverbs and prepositions to express time and cause; apply some new vocabulary']/../span]]>
              </value>
            </param>
            <param index="11">
              <value>
                <![CDATA[//p[text()='Practise replacing proper nouns with pronouns to avoid repitition']/../span]]>
              </value>
            </param>
          </params>
          <reporter-output>
          </reporter-output>
        </test-method> <!-- addcase -->
        <test-method signature="addcase(java.lang.String,java.lang.String,java.lang.String,java.lang.String,java.lang.String,java.lang.String,java.lang.String,java.lang.String,java.lang.String,java.lang.String,java.lang.String,java.lang.String)[pri:1, instance:com.qa.beameducation.testscripts.Class4Test@4ced35ed]" started-at="2023-12-15T11:38:07 IST" name="addcase" data-provider="Beam" finished-at="2023-12-15T11:38:45 IST" duration-ms="37729" status="PASS">
          <params>
            <param index="0">
              <value>
                <![CDATA[//p[text()='Rehearse aloud a sequence of sentences, one at a time; transcribe with some success']/../span]]>
              </value>
            </param>
            <param index="1">
              <value>
                <![CDATA[//p[text()='Select from appropriate headings provided']/../span]]>
              </value>
            </param>
            <param index="2">
              <value>
                <![CDATA[//p[text()='Begin to organise paragraphs by theme / change of subject, time or setting']/../span]]>
              </value>
            </param>
            <param index="3">
              <value>
                <![CDATA[//p[text()='Begin to include more ambitious details in narratives']/../span]]>
              </value>
            </param>
            <param index="4">
              <value>
                <![CDATA[//p[text()='Write effectively and coherently for different purposes, drawing on reading to inform vocabulary and grammar']/../span]]>
              </value>
            </param>
            <param index="5">
              <value>
                <![CDATA[//p[text()='BELOW']/../span]]>
              </value>
            </param>
            <param index="6">
              <value>
                <![CDATA[//p[text()='Demonstrate confidence in amending verb forms according to tense (e.g. past and present)']/../span]]>
              </value>
            </param>
            <param index="7">
              <value>
                <![CDATA[//p[text()='BELOW']/../span]]>
              </value>
            </param>
            <param index="8">
              <value>
                <![CDATA[//p[text()='Attempt phonically-plausible spellings of word endings, such as -ment, -ness']/../span]]>
              </value>
            </param>
            <param index="9">
              <value>
                <![CDATA[//p[text()='Correctly spell many words from the year 3 / 4 spelling list']/../span]]>
              </value>
            </param>
            <param index="10">
              <value>
                <![CDATA[//p[text()='Adopt new vocabulary for expressing time and cause, making phonetically plausible attempts at spelling']/../span]]>
              </value>
            </param>
            <param index="11">
              <value>
                <![CDATA[//p[text()='Confidently choose appropriate nouns or pronouns to create cohesion, avoid repetition and achieve clarity']/../span]]>
              </value>
            </param>
          </params>
          <reporter-output>
          </reporter-output>
        </test-method> <!-- addcase -->
        <test-method signature="addcase(java.lang.String,java.lang.String,java.lang.String,java.lang.String,java.lang.String,java.lang.String,java.lang.String,java.lang.String,java.lang.String,java.lang.String,java.lang.String,java.lang.String)[pri:1, instance:com.qa.beameducation.testscripts.Class4Test@4ced35ed]" started-at="2023-12-15T11:38:45 IST" name="addcase" data-provider="Beam" finished-at="2023-12-15T11:39:23 IST" duration-ms="37798" status="PASS">
          <params>
            <param index="0">
              <value>
                <![CDATA[//p[text()='Prepare writing orally, sentence by sentence, without losing focus']/../span]]>
              </value>
            </param>
            <param index="1">
              <value>
                <![CDATA[//p[text()='BELOW']/../span]]>
              </value>
            </param>
            <param index="2">
              <value>
                <![CDATA[//p[text()='Group sentences to create paragraphs with some success']/../span]]>
              </value>
            </param>
            <param index="3">
              <value>
                <![CDATA[//p[text()='Write sentences that are sequenced to form a short narrative (real or fictional)']/../span]]>
              </value>
            </param>
            <param index="4">
              <value>
                <![CDATA[//p[text()='Use success criteria, if needed, to include some appropriate text features and Y3 vocabulary']/../span]]>
              </value>
            </param>
            <param index="5">
              <value>
                <![CDATA[//p[text()='BELOW']/../span]]>
              </value>
            </param>
            <param index="6">
              <value>
                <![CDATA[//p[text()='Use past and present tenses correctly across a range of writing']/../span]]>
              </value>
            </param>
            <param index="7">
              <value>
                <![CDATA[//p[text()='Use joining strokes mostly independently; know some letter combinations that should remain unjoined']/../span]]>
              </value>
            </param>
            <param index="8">
              <value>
                <![CDATA[//p[text()='Begin to use prefixes: dis-, mis-, il-, im-, un-, re-, in-, ir-, super-, anti-, auto- and suffixes: -ly']/../span]]>
              </value>
            </param>
            <param index="9">
              <value>
                <![CDATA[//p[text()='Use most Year 2 spelling rules in written work, practising new spellings for known phonemes']/../span]]>
              </value>
            </param>
            <param index="10">
              <value>
                <![CDATA[//p[text()='Express time or cause with a growing variety of conjunctions, adverbs and prepositions']/../span]]>
              </value>
            </param>
            <param index="11">
              <value>
                <![CDATA[//p[text()='Practise replacing proper nouns with pronouns to avoid repitition']/../span]]>
              </value>
            </param>
          </params>
          <reporter-output>
          </reporter-output>
        </test-method> <!-- addcase -->
        <test-method signature="addcase(java.lang.String,java.lang.String,java.lang.String,java.lang.String,java.lang.String,java.lang.String,java.lang.String,java.lang.String,java.lang.String,java.lang.String,java.lang.String,java.lang.String)[pri:1, instance:com.qa.beameducation.testscripts.Class4Test@4ced35ed]" started-at="2023-12-15T11:39:23 IST" name="addcase" data-provider="Beam" finished-at="2023-12-15T11:40:01 IST" duration-ms="38236" status="PASS">
          <params>
            <param index="0">
              <value>
                <![CDATA[//p[text()='Compose sentences with simple, accurate dialogue, including indication of the speaker']/../span]]>
              </value>
            </param>
            <param index="1">
              <value>
                <![CDATA[//p[text()='Create appropriate headings and sub-headings for non-fiction; begin to include other features, with some success']/../span]]>
              </value>
            </param>
            <param index="2">
              <value>
                <![CDATA[//p[text()='Create simple paragraphs, with growing independence']/../span]]>
              </value>
            </param>
            <param index="3">
              <value>
                <![CDATA[//p[text()='Develop own settings, characters and plot with some detail']/../span]]>
              </value>
            </param>
            <param index="4">
              <value>
                <![CDATA[//p[text()='Use simple success criteria, if needed, to begin to write for a given purpose']/../span]]>
              </value>
            </param>
            <param index="5">
              <value>
                <![CDATA[//p[text()='Use range of punctuation taught at KS1 mostly correctly']/../span]]>
              </value>
            </param>
            <param index="6">
              <value>
                <![CDATA[//p[text()='Demonstrate confidence in amending verb forms according to tense (e.g. past and present)']/../span]]>
              </value>
            </param>
            <param index="7">
              <value>
                <![CDATA[//p[text()='Use diagonal and horizontal strokes for joining, sometimes independently']/../span]]>
              </value>
            </param>
            <param index="8">
              <value>
                <![CDATA[//p[text()='Use Y3 prefixes, such as super- and anti-, to generate new nouns']/../span]]>
              </value>
            </param>
            <param index="9">
              <value>
                <![CDATA[//p[text()='Use most Year 2 spelling rules in written work, practising new spellings for known phonemes']/../span]]>
              </value>
            </param>
            <param index="10">
              <value>
                <![CDATA[//p[text()='Confidently use a range of conjunctions, adverbs and prepositions to express time and cause; apply some new vocabulary']/../span]]>
              </value>
            </param>
            <param index="11">
              <value>
                <![CDATA[//p[text()='Choose appropriate nouns or pronouns to make meanings clear and avoid repetition']/../span]]>
              </value>
            </param>
          </params>
          <reporter-output>
          </reporter-output>
        </test-method> <!-- addcase -->
        <test-method signature="addcase(java.lang.String,java.lang.String,java.lang.String,java.lang.String,java.lang.String,java.lang.String,java.lang.String,java.lang.String,java.lang.String,java.lang.String,java.lang.String,java.lang.String)[pri:1, instance:com.qa.beameducation.testscripts.Class4Test@4ced35ed]" started-at="2023-12-15T11:40:01 IST" name="addcase" data-provider="Beam" finished-at="2023-12-15T11:40:38 IST" duration-ms="37318" status="PASS">
          <params>
            <param index="0">
              <value>
                <![CDATA[//p[text()='Prepare writing orally, sentence by sentence, without losing focus']/../span]]>
              </value>
            </param>
            <param index="1">
              <value>
                <![CDATA[//p[text()='Select simple, appropriate non-fiction devices (e.g. sub-headings, time connectives, diagrams) to structure writing, with success criteria']/../span]]>
              </value>
            </param>
            <param index="2">
              <value>
                <![CDATA[//p[text()='Group similar ideas together to create a simple paragraph']/../span]]>
              </value>
            </param>
            <param index="3">
              <value>
                <![CDATA[//p[text()='Create simple settings, characters and plot with some descriptive language']/../span]]>
              </value>
            </param>
            <param index="4">
              <value>
                <![CDATA[//p[text()='Use simple success criteria, if needed, to begin to write for a given purpose']/../span]]>
              </value>
            </param>
            <param index="5">
              <value>
                <![CDATA[//p[text()='Demarcate some sentences with capital letters and full stops']/../span]]>
              </value>
            </param>
            <param index="6">
              <value>
                <![CDATA[//p[text()='Use present perfect verb form accurately when speaking (e.g. We have been friends); begin to transcribe this tense']/../span]]>
              </value>
            </param>
            <param index="7">
              <value>
                <![CDATA[//p[text()='Make attempts to join some letters, albeit inconsistently']/../span]]>
              </value>
            </param>
            <param index="8">
              <value>
                <![CDATA[//p[text()='Attempt phonically-plausible spellings of word endings, such as -ment, -ness']/../span]]>
              </value>
            </param>
            <param index="9">
              <value>
                <![CDATA[//p[text()='Confidently use Y3 spelling rules to attempt unfamiliar spellings']/../span]]>
              </value>
            </param>
            <param index="10">
              <value>
                <![CDATA[//p[text()='Express cause or reasoning with conjunctions, such as: due to, after, rather than…']/../span]]>
              </value>
            </param>
            <param index="11">
              <value>
                <![CDATA[//p[text()='Confidently choose appropriate nouns or pronouns to create cohesion, avoid repetition and achieve clarity']/../span]]>
              </value>
            </param>
          </params>
          <reporter-output>
          </reporter-output>
        </test-method> <!-- addcase -->
        <test-method signature="addcase(java.lang.String,java.lang.String,java.lang.String,java.lang.String,java.lang.String,java.lang.String,java.lang.String,java.lang.String,java.lang.String,java.lang.String,java.lang.String,java.lang.String)[pri:1, instance:com.qa.beameducation.testscripts.Class4Test@4ced35ed]" started-at="2023-12-15T11:40:38 IST" name="addcase" data-provider="Beam" finished-at="2023-12-15T11:41:16 IST" duration-ms="37403" status="PASS">
          <params>
            <param index="0">
              <value>
                <![CDATA[//p[text()='Compose sentences aloud (including direct speech and some variety in sentence structure); transcribe plausibly']/../span]]>
              </value>
            </param>
            <param index="1">
              <value>
                <![CDATA[//p[text()='Select some appropriate non-fiction devices that clearly demonstrate awareness of the reader']/../span]]>
              </value>
            </param>
            <param index="2">
              <value>
                <![CDATA[//p[text()='Independently organise writing into paragraphs with some success']/../span]]>
              </value>
            </param>
            <param index="3">
              <value>
                <![CDATA[//p[text()='Write sentences that are sequenced to form a short narrative (real or fictional)']/../span]]>
              </value>
            </param>
            <param index="4">
              <value>
                <![CDATA[//p[text()='Write effectively and coherently for different purposes, drawing on reading to inform vocabulary and grammar']/../span]]>
              </value>
            </param>
            <param index="5">
              <value>
                <![CDATA[//p[text()='Begin to demarcate speech; Apply other Y3 punctuation, with support']/../span]]>
              </value>
            </param>
            <param index="6">
              <value>
                <![CDATA[//p[text()='Develop some consistency in sticking to the correct tense']/../span]]>
              </value>
            </param>
            <param index="7">
              <value>
                <![CDATA[//p[text()='Use diagonal and horizontal strokes for joining, sometimes independently']/../span]]>
              </value>
            </param>
            <param index="8">
              <value>
                <![CDATA[//p[text()='Correctly spell words with suffixes beginning with vowel letters; understand when to double the final consonant in the root word']/../span]]>
              </value>
            </param>
            <param index="9">
              <value>
                <![CDATA[//p[text()='BELOW']/../span]]>
              </value>
            </param>
            <param index="10">
              <value>
                <![CDATA[//p[text()='Express time or cause with a growing variety of conjunctions, adverbs and prepositions']/../span]]>
              </value>
            </param>
            <param index="11">
              <value>
[...]
        </test-method> <!-- addcase -->
        <test-method signature="addcase(java.lang.String,java.lang.String,java.lang.String,java.lang.String,java.lang.String,java.lang.String,java.lang.String,java.lang.String,java.lang.String,java.lang.String,java.lang.String,java.lang.String)[pri:1, instance:com.qa.beameducation.testscripts.Class4Test@4ced35ed]" started-at="2023-12-15T13:02:03 IST" name="addcase" data-provider="Beam" finished-at="2023-12-15T13:02:39 IST" duration-ms="35889" status="PASS">
          <params>
            <param index="0">
              <value>
                <![CDATA[//p[text()='Rehearse aloud a sequence of sentences, one at a time; transcribe with some success']/../span]]>
              </value>
            </param>
            <param index="1">
              <value>
                <![CDATA[//p[text()='BELOW']/../span]]>
              </value>
            </param>
            <param index="2">
              <value>
                <![CDATA[//p[text()='Create simple paragraphs, with growing independence']/../span]]>
              </value>
            </param>
            <param index="3">
              <value>
                <![CDATA[//p[text()='Create appropriate settings, characters and plot, taking inspiration from modelled stories']/../span]]>
              </value>
            </param>
            <param index="4">
              <value>
                <![CDATA[//p[text()='Write effectively and coherently for different purposes, drawing on reading to inform vocabulary and grammar']/../span]]>
              </value>
            </param>
            <param index="5">
              <value>
                <![CDATA[//p[text()='Begin to demarcate speech; Apply other Y3 punctuation, with support']/../span]]>
              </value>
            </param>
            <param index="6">
              <value>
                <![CDATA[//p[text()='Develop some consistency in sticking to the correct tense']/../span]]>
              </value>
            </param>
            <param index="7">
              <value>
                <![CDATA[//p[text()='Develop confidence in joining some letters, with support']/../span]]>
              </value>
            </param>
            <param index="8">
              <value>
                <![CDATA[//p[text()='Add suffixes to spell some longer words correctly, including -ment, -ness, -ful, -less, -ly']/../span]]>
              </value>
            </param>
            <param index="9">
              <value>
                <![CDATA[//p[text()='Correctly spell most words from the year 1 / 2 spelling list and some from the year 3 / 4 list']/../span]]>
              </value>
            </param>
            <param index="10">
              <value>
                <![CDATA[//p[text()='Express time or cause with a growing variety of conjunctions, adverbs and prepositions']/../span]]>
              </value>
            </param>
            <param index="11">
              <value>
                <![CDATA[//p[text()='BELOW']/../span]]>
              </value>
            </param>
          </params>
          <reporter-output>
          </reporter-output>
        </test-method> <!-- addcase -->
        <test-method signature="addcase(java.lang.String,java.lang.String,java.lang.String,java.lang.String,java.lang.String,java.lang.String,java.lang.String,java.lang.String,java.lang.String,java.lang.String,java.lang.String,java.lang.String)[pri:1, instance:com.qa.beameducation.testscripts.Class4Test@4ced35ed]" started-at="2023-12-15T13:02:39 IST" name="addcase" data-provider="Beam" finished-at="2023-12-15T13:03:15 IST" duration-ms="35774" status="PASS">
          <params>
            <param index="0">
              <value>
                <![CDATA[//p[text()='Choose some vocabulary for impact; automatically use a range of sentence structures']/../span]]>
              </value>
            </param>
            <param index="1">
              <value>
                <![CDATA[//p[text()='Create appropriate headings and sub-headings for non-fiction; begin to include other features, with some success']/../span]]>
              </value>
            </param>
            <param index="2">
              <value>
                <![CDATA[//p[text()='Group similar ideas together to create a simple paragraph']/../span]]>
              </value>
            </param>
            <param index="3">
              <value>
                <![CDATA[//p[text()='Begin to include more ambitious details in narratives']/../span]]>
              </value>
            </param>
            <param index="4">
              <value>
                <![CDATA[//p[text()='Use simple success criteria, if needed, to begin to write for a given purpose']/../span]]>
              </value>
            </param>
            <param index="5">
              <value>
                <![CDATA[//p[text()='Demarcate some sentences with capital letters and full stops']/../span]]>
              </value>
            </param>
            <param index="6">
              <value>
                <![CDATA[//p[text()='Confidently use the present perfect verb form and past tense; transcribe independently']/../span]]>
              </value>
            </param>
            <param index="7">
              <value>
                <![CDATA[//p[text()='With support, join many letters with diagonal and horizontal strokes']/../span]]>
              </value>
            </param>
            <param index="8">
              <value>
                <![CDATA[//p[text()='Correctly spell words with suffixes beginning with vowel letters; understand when to double the final consonant in the root word']/../span]]>
              </value>
            </param>
            <param index="9">
              <value>
                <![CDATA[//p[text()='Use most Year 2 spelling rules in written work, practising new spellings for known phonemes']/../span]]>
              </value>
            </param>
            <param index="10">
              <value>
                <![CDATA[//p[text()='Use simple phrases to show time of day or sequence ideas: e.g. next, first, before, during, that night...']/../span]]>
              </value>
            </param>
            <param index="11">
              <value>
                <![CDATA[//p[text()='Choose appropriate nouns or pronouns to make meanings clear and avoid repetition']/../span]]>
              </value>
            </param>
          </params>
          <reporter-output>
          </reporter-output>
        </test-method> <!-- addcase -->
        <test-method signature="addcase(java.lang.String,java.lang.String,java.lang.String,java.lang.String,java.lang.String,java.lang.String,java.lang.String,java.lang.String,java.lang.String,java.lang.String,java.lang.String,java.lang.String)[pri:1, instance:com.qa.beameducation.testscripts.Class4Test@4ced35ed]" started-at="2023-12-15T13:03:15 IST" name="addcase" data-provider="Beam" finished-at="2023-12-15T13:03:51 IST" duration-ms="35905" status="PASS">
          <params>
            <param index="0">
              <value>
                <![CDATA[//p[text()='Plan multiple sentence ideas, with support']/../span]]>
              </value>
            </param>
            <param index="1">
              <value>
                <![CDATA[//p[text()='Create appropriate headings for the text type, using some sub-headings for clarity']/../span]]>
              </value>
            </param>
            <param index="2">
              <value>
                <![CDATA[//p[text()='Begin to group sentences by subject or sentence type']/../span]]>
              </value>
            </param>
            <param index="3">
              <value>
                <![CDATA[//p[text()='Select setting and characters; develop a simple plot']/../span]]>
              </value>
            </param>
            <param index="4">
              <value>
                <![CDATA[//p[text()='Write for different purposes, identifying audience']/../span]]>
              </value>
            </param>
            <param index="5">
              <value>
                <![CDATA[//p[text()='Punctuate direct speech correctly most of the time; use other Y4 punctuation; begin to use commas for meaning']/../span]]>
              </value>
            </param>
            <param index="6">
              <value>
                <![CDATA[//p[text()='Use past and present tense correctly, when rehearsing sentences aloud; transcribe with some success']/../span]]>
              </value>
            </param>
            <param index="7">
              <value>
                <![CDATA[//p[text()='Produce legible handwriting, albeit inconsistently; know most letter combinations that should stay unjoined']/../span]]>
              </value>
            </param>
            <param index="8">
              <value>
                <![CDATA[//p[text()='Add suffixes to spell most words correctly in writing, e.g. –ment, –ness, –ful, –less, –ly']/../span]]>
              </value>
            </param>
            <param index="9">
              <value>
                <![CDATA[//p[text()='Apply many Year 3 spellings, including: y (myth), ou (touch), -sion (division), ch (machine), ei (eight)']/../span]]>
              </value>
            </param>
            <param index="10">
              <value>
                <![CDATA[//p[text()='Express cause or reasoning with conjunctions, such as: due to, after, rather than…']/../span]]>
              </value>
            </param>
            <param index="11">
              <value>
                <![CDATA[//p[text()='Choose appropriate nouns or pronouns to make meanings clear and avoid repetition']/../span]]>
              </value>
            </param>
          </params>
          <reporter-output>
          </reporter-output>
        </test-method> <!-- addcase -->
        <test-method signature="addcase(java.lang.String,java.lang.String,java.lang.String,java.lang.String,java.lang.String,java.lang.String,java.lang.String,java.lang.String,java.lang.String,java.lang.String,java.lang.String,java.lang.String)[pri:1, instance:com.qa.beameducation.testscripts.Class4Test@4ced35ed]" started-at="2023-12-15T13:03:51 IST" name="addcase" data-provider="Beam" finished-at="2023-12-15T13:04:26 IST" duration-ms="35236" status="PASS">
          <params>
            <param index="0">
              <value>
                <![CDATA[//p[text()='Compose sentences with simple, accurate dialogue, including indication of the speaker']/../span]]>
              </value>
            </param>
            <param index="1">
              <value>
                <![CDATA[//p[text()='Select from appropriate headings provided']/../span]]>
              </value>
            </param>
            <param index="2">
              <value>
                <![CDATA[//p[text()='Group sentences to create paragraphs with some success']/../span]]>
              </value>
            </param>
            <param index="3">
              <value>
                <![CDATA[//p[text()='Create appropriate settings, characters and plot, taking inspiration from modelled stories']/../span]]>
              </value>
            </param>
            <param index="4">
              <value>
                <![CDATA[//p[text()='Attempt writing for different purposes, even if the purpose is unclear']/../span]]>
              </value>
            </param>
            <param index="5">
              <value>
                <![CDATA[//p[text()='Begin to demarcate speech; Apply other Y3 punctuation, with support']/../span]]>
              </value>
            </param>
            <param index="6">
              <value>
                <![CDATA[//p[text()='Apply present perfect verb form and past tense (e.g. I have cooked and I cooked); transcribe with limited support']/../span]]>
              </value>
            </param>
            <param index="7">
              <value>
                <![CDATA[//p[text()='With support, join many letters with diagonal and horizontal strokes']/../span]]>
              </value>
            </param>
            <param index="8">
              <value>
                <![CDATA[//p[text()='BELOW']/../span]]>
              </value>
            </param>
            <param index="9">
              <value>
                <![CDATA[//p[text()='Apply some Y3 spellings rules in writing']/../span]]>
              </value>
            </param>
            <param index="10">
              <value>
                <![CDATA[//p[text()='Express time or cause with a growing variety of conjunctions, adverbs and prepositions']/../span]]>
              </value>
            </param>
            <param index="11">
              <value>
                <![CDATA[//p[text()='BELOW']/../span]]>
              </value>
            </param>
          </params>
          <reporter-output>
          </reporter-output>
        </test-method> <!-- addcase -->
        <test-method signature="addcase(java.lang.String,java.lang.String,java.lang.String,java.lang.String,java.lang.String,java.lang.String,java.lang.String,java.lang.String,java.lang.String,java.lang.String,java.lang.String,java.lang.String)[pri:1, instance:com.qa.beameducation.testscripts.Class4Test@4ced35ed]" started-at="2023-12-15T13:04:26 IST" name="addcase" data-provider="Beam" finished-at="2023-12-15T13:05:02 IST" duration-ms="36001" status="PASS">
          <params>
            <param index="0">
              <value>
                <![CDATA[//p[text()='Compose sentences aloud (including direct speech and some variety in sentence structure); transcribe plausibly']/../span]]>
              </value>
            </param>
            <param index="1">
              <value>
                <![CDATA[//p[text()='Create appropriate headings and sub-headings for non-fiction; begin to include other features, with some success']/../span]]>
              </value>
            </param>
            <param index="2">
              <value>
                <![CDATA[//p[text()='Independently organise writing into paragraphs with some success']/../span]]>
              </value>
            </param>
            <param index="3">
              <value>
                <![CDATA[//p[text()='Write sentences that are sequenced to form a short narrative (real or fictional)']/../span]]>
              </value>
            </param>
            <param index="4">
              <value>
                <![CDATA[//p[text()='Write for different purposes, identifying audience']/../span]]>
              </value>
            </param>
            <param index="5">
              <value>
                <![CDATA[//p[text()='Demarcate some sentences with capital letters and full stops']/../span]]>
              </value>
            </param>
            <param index="6">
              <value>
                <![CDATA[//p[text()='Proof-read and make revisions for tense-verb agreement']/../span]]>
              </value>
            </param>
            <param index="7">
              <value>
                <![CDATA[//p[text()='With support, join most letters with diagonal and horizontal strokes']/../span]]>
              </value>
            </param>
            <param index="8">
              <value>
                <![CDATA[//p[text()='Use Y4 prefixes: sub-, inter- suffixes: -ous, -ation, -ly (looking at exceptions), suffixes beginning with a vowel: -er, -ing, -en, -erred']/../span]]>
              </value>
            </param>
            <param index="9">
              <value>
                <![CDATA[//p[text()='Confidently use Y4 spelling rules to attempt unfamiliar spellings']/../span]]>
              </value>
            </param>
            <param index="10">
              <value>
                <![CDATA[//p[text()='Use simple phrases to show time of day or sequence ideas: e.g. next, first, before, during, that night...']/../span]]>
              </value>
            </param>
            <param index="11">
              <value>
                <![CDATA[//p[text()='Practise replacing proper nouns with pronouns to avoid repitition']/../span]]>
              </value>
            </param>
          </params>
          <reporter-output>
          </reporter-output>
        </test-method> <!-- addcase -->
        <test-method signature="addcase(java.lang.String,java.lang.String,java.lang.String,java.lang.String,java.lang.String,java.lang.String,java.lang.String,java.lang.String,java.lang.String,java.lang.String,java.lang.String,java.lang.String)[pri:1, instance:com.qa.beameducation.testscripts.Class4Test@4ced35ed]" started-at="2023-12-15T13:05:02 IST" name="addcase" data-provider="Beam" finished-at="2023-12-15T13:05:38 IST" duration-ms="35655" status="PASS">
          <params>
            <param index="0">
              <value>
                <![CDATA[//p[text()='Plan multiple sentence ideas, with support']/../span]]>
              </value>
            </param>
            <param index="1">
              <value>
                <![CDATA[//p[text()='Select simple, appropriate non-fiction devices (e.g. sub-headings, time connectives, diagrams) to structure writing, with success criteria']/../span]]>
              </value>
            </param>
            <param index="2">
              <value>
                <![CDATA[//p[text()='Begin to group sentences by subject or sentence type']/../span]]>
              </value>
            </param>
            <param index="3">
              <value>
                <![CDATA[//p[text()='Write sentences that are sequenced to form a short narrative (real or fictional)']/../span]]>
              </value>
            </param>
            <param index="4">
              <value>
                <![CDATA[//p[text()='Use simple success criteria, if needed, to begin to write for a given purpose']/../span]]>
              </value>
            </param>
            <param index="5">
              <value>
                <![CDATA[//p[text()='BELOW']/../span]]>
              </value>
            </param>
            <param index="6">
              <value>
                <![CDATA[//p[text()='BELOW']/../span]]>
              </value>
            </param>
            <param index="7">
              <value>
                <![CDATA[//p[text()='Make attempts to join some letters, albeit inconsistently']/../span]]>
              </value>
            </param>
            <param index="8">
              <value>
                <![CDATA[//p[text()='Practise and apply Y3 prefixes']/../span]]>
              </value>
            </param>
            <param index="9">
              <value>
                <![CDATA[//p[text()='Apply many Year 3 spellings, including: y (myth), ou (touch), -sion (division), ch (machine), ei (eight)']/../span]]>
              </value>
            </param>
            <param index="10">
              <value>
                <![CDATA[//p[text()='Use simple phrases to show time of day or sequence ideas: e.g. next, first, before, during, that night...']/../span]]>
              </value>
            </param>
            <param index="11">
              <value>
                <![CDATA[//p[text()='Choose appropriate nouns or pronouns to make meanings clear and avoid repetition']/../span]]>
              </value>
            </param>
          </params>
          <reporter-output>
          </reporter-output>
        </test-method> <!-- addcase -->
      </class> <!-- com.qa.beameducation.testscripts.Class4Test -->
    </test> <!-- Default test -->
  </suite> <!-- Default suite -->
</testng-results>
