<?xml version="1.0" encoding="UTF-8"?>
<testng-results ignored="0" total="58" passed="54" failed="4" skipped="0">
  <reporter-output>
  </reporter-output>
  <suite started-at="2023-12-26T12:02:31 IST" name="Default suite" finished-at="2023-12-26T12:37:53 IST" duration-ms="2122375">
    <groups>
    </groups>
    <test started-at="2023-12-26T12:02:31 IST" name="Default test" finished-at="2023-12-26T12:37:53 IST" duration-ms="2122375">
      <class name="com.qa.beameducation.testscripts.Class4Test">
        <test-method is-config="true" signature="login()[pri:0, instance:com.qa.beameducation.testscripts.Class4Test@b9b00e0]" started-at="2023-12-26T12:02:31 IST" name="login" finished-at="2023-12-26T12:02:48 IST" duration-ms="16791" status="PASS">
          <reporter-output>
          </reporter-output>
        </test-method> <!-- login -->
        <test-method signature="addcase(java.lang.String,java.lang.String,java.lang.String,java.lang.String,java.lang.String,java.lang.String,java.lang.String,java.lang.String,java.lang.String,java.lang.String,java.lang.String,java.lang.String,java.lang.String,java.lang.String)[pri:1, instance:com.qa.beameducation.testscripts.Class4Test@b9b00e0]" started-at="2023-12-26T12:02:49 IST" name="addcase" data-provider="Beam" finished-at="2023-12-26T12:03:21 IST" duration-ms="31802" status="FAIL">
          <params>
            <param index="0">
              <value>
                <![CDATA[Case108]]>
              </value>
            </param>
            <param index="1">
              <value>
                <![CDATA[//p[text()='Prepare writing orally, sentence by sentence, without losing focus']/../span]]>
              </value>
            </param>
            <param index="2">
              <value>
                <![CDATA[//p[text()='Select from appropriate headings provided']/../span]]>
              </value>
            </param>
            <param index="3">
              <value>
                <![CDATA[//p[text()='Begin to organise paragraphs by theme / change of subject, time or setting']/../span]]>
              </value>
            </param>
            <param index="4">
              <value>
                <![CDATA[//p[text()='Use some exciting vocabulary to create settings, characters and plot in narratives']/../span]]>
              </value>
            </param>
            <param index="5">
              <value>
                <![CDATA[//p[text()='Make some relevant choices to suit purpose of text']/../span]]>
              </value>
            </param>
            <param index="6">
              <value>
                <![CDATA[//p[text()='Use range of punctuation taught at KS1 mostly correctly']/../span]]>
              </value>
            </param>
            <param index="7">
              <value>
                <![CDATA[//p[text()='Confidently use the present perfect verb form and past tense; transcribe independently']/../span]]>
              </value>
            </param>
            <param index="8">
              <value>
                <![CDATA[//p[text()='BELOW']/../span]]>
              </value>
            </param>
            <param index="9">
              <value>
                <![CDATA[//p[text()='Correctly spell words with suffixes beginning with vowel letters; understand when to double the final consonant in the root word']/../span]]>
              </value>
            </param>
            <param index="10">
              <value>
                <![CDATA[//p[text()='BELOW']/../span]]>
              </value>
            </param>
            <param index="11">
              <value>
                <![CDATA[//p[text()='Express time or cause with a growing variety of conjunctions, adverbs and prepositions']/../span]]>
              </value>
            </param>
            <param index="12">
              <value>
                <![CDATA[//p[text()='Choose appropriate nouns or pronouns to make meanings clear and avoid repetition']/../span]]>
              </value>
            </param>
            <param index="13">
              <value>
                <![CDATA[ 4Working Below]]>
              </value>
            </param>
          </params>
          <exception class="java.lang.AssertionError">
            <message>
              <![CDATA[Both are equal expected [ 4Working Below] but found [ 4Working Towards Good Just]]]>
            </message>
            <full-stacktrace>
              <![CDATA[java.lang.AssertionError: Both are equal expected [ 4Working Below] but found [ 4Working Towards Good Just]
at org.testng.Assert.fail(Assert.java:111)
at org.testng.Assert.failNotEquals(Assert.java:1578)
at org.testng.Assert.assertEqualsImpl(Assert.java:150)
at org.testng.Assert.assertEquals(Assert.java:132)
at org.testng.Assert.assertEquals(Assert.java:656)
at com.qa.beameducation.testscripts.Class4Test.addcase(Class4Test.java:148)
at java.base/jdk.internal.reflect.NativeMethodAccessorImpl.invoke0(Native Method)
at java.base/jdk.internal.reflect.NativeMethodAccessorImpl.invoke(NativeMethodAccessorImpl.java:77)
at java.base/jdk.internal.reflect.DelegatingMethodAccessorImpl.invoke(DelegatingMethodAccessorImpl.java:43)
at java.base/java.lang.reflect.Method.invoke(Method.java:568)
at org.testng.internal.invokers.MethodInvocationHelper.invokeMethod(MethodInvocationHelper.java:139)
at org.testng.internal.invokers.TestInvoker.invokeMethod(TestInvoker.java:664)
at org.testng.internal.invokers.TestInvoker.invokeTestMethod(TestInvoker.java:227)
at org.testng.internal.invokers.MethodRunner.runInSequence(MethodRunner.java:50)
at org.testng.internal.invokers.TestInvoker$MethodInvocationAgent.invoke(TestInvoker.java:957)
at org.testng.internal.invokers.TestInvoker.invokeTestMethods(TestInvoker.java:200)
at org.testng.internal.invokers.TestMethodWorker.invokeTestMethods(TestMethodWorker.java:148)
at org.testng.internal.invokers.TestMethodWorker.run(TestMethodWorker.java:128)
at java.base/java.util.ArrayList.forEach(ArrayList.java:1511)
at org.testng.TestRunner.privateRun(TestRunner.java:848)
at org.testng.TestRunner.run(TestRunner.java:621)
at org.testng.SuiteRunner.runTest(SuiteRunner.java:443)
at org.testng.SuiteRunner.runSequentially(SuiteRunner.java:437)
at org.testng.SuiteRunner.privateRun(SuiteRunner.java:397)
at org.testng.SuiteRunner.run(SuiteRunner.java:336)
at org.testng.SuiteRunnerWorker.runSuite(SuiteRunnerWorker.java:52)
at org.testng.SuiteRunnerWorker.run(SuiteRunnerWorker.java:95)
at org.testng.TestNG.runSuitesSequentially(TestNG.java:1280)
at org.testng.TestNG.runSuitesLocally(TestNG.java:1200)
at org.testng.TestNG.runSuites(TestNG.java:1114)
at org.testng.TestNG.run(TestNG.java:1082)
at org.testng.remote.AbstractRemoteTestNG.run(AbstractRemoteTestNG.java:115)
at org.testng.remote.RemoteTestNG.initAndRun(RemoteTestNG.java:251)
at org.testng.remote.RemoteTestNG.main(RemoteTestNG.java:77)
]]>
            </full-stacktrace>
          </exception> <!-- java.lang.AssertionError -->
          <reporter-output>
          </reporter-output>
        </test-method> <!-- addcase -->
        <test-method signature="addcase(java.lang.String,java.lang.String,java.lang.String,java.lang.String,java.lang.String,java.lang.String,java.lang.String,java.lang.String,java.lang.String,java.lang.String,java.lang.String,java.lang.String,java.lang.String,java.lang.String)[pri:1, instance:com.qa.beameducation.testscripts.Class4Test@b9b00e0]" started-at="2023-12-26T12:03:21 IST" name="addcase" data-provider="Beam" finished-at="2023-12-26T12:03:42 IST" duration-ms="20838" status="FAIL">
          <params>
            <param index="0">
              <value>
                <![CDATA[Case109]]>
              </value>
            </param>
            <param index="1">
              <value>
                <![CDATA[//p[text()='Choose some vocabulary for impact; automatically use a range of sentence structures']/../span]]>
              </value>
            </param>
            <param index="2">
              <value>
                <![CDATA[//p[text()='Create appropriate headings and sub-headings for non-fiction; begin to include other features, with some success']/../span]]>
              </value>
            </param>
            <param index="3">
              <value>
                <![CDATA[//p[text()='Independently organise writing into paragraphs with some success']/../span]]>
              </value>
            </param>
            <param index="4">
              <value>
                <![CDATA[//p[text()='Create appropriate settings, characters and plot, taking inspiration from modelled stories']/../span]]>
              </value>
            </param>
            <param index="5">
              <value>
                <![CDATA[//p[text()='Attempt writing for different purposes, even if the purpose is unclear']/../span]]>
              </value>
            </param>
            <param index="6">
              <value>
                <![CDATA[//p[text()='Confidently use inverted commas for direct speech; Use other speech punctuation, as well as a range of Y3 punctuation']/../span]]>
              </value>
            </param>
            <param index="7">
              <value>
                <![CDATA[//p[text()='Confidently use the present perfect verb form and past tense; transcribe independently']/../span]]>
              </value>
            </param>
            <param index="8">
              <value>
                <![CDATA[//p[text()='Use joining strokes mostly independently; know some letter combinations that should remain unjoined']/../span]]>
              </value>
            </param>
            <param index="9">
              <value>
                <![CDATA[//p[text()='Use Y4 prefixes: sub-, inter- suffixes: -ous, -ation, -ly (looking at exceptions), suffixes beginning with a vowel: -er, -ing, -en, -erred']/../span]]>
              </value>
            </param>
            <param index="10">
              <value>
                <![CDATA[//p[text()='Apply many Year 3 spellings, including: y (myth), ou (touch), -sion (division), ch (machine), ei (eight)']/../span]]>
              </value>
            </param>
            <param index="11">
              <value>
                <![CDATA[//p[text()='Express cause or reasoning with conjunctions, such as: due to, after, rather than…']/../spanorking Towards Good Just]]>
              </value>
            </param>
            <param index="12">
              <value>
                <![CDATA[//p[text()='Choose appropriate nouns or pronouns to make meanings clear and avoid repetition']/../span]]>
              </value>
            </param>
            <param index="13">
              <value>
                <![CDATA[ 4Working Towards Good Just]]>
              </value>
            </param>
          </params>
          <exception class="com.microsoft.playwright.PlaywrightException">
            <message>
              <![CDATA[Error {
  message='DOMException: Failed to execute 'evaluate' on 'Document': The string '//p[text()='Express cause or reasoning with conjunctions, such as: due to, after, rather than…']/../spanorking Towards Good Just' is not a valid XPath expression.
    at Object.queryAll (<anonymous>:23:25)
    at InjectedScript._queryEngineAll (<anonymous>:4761:49)
    at InjectedScript.querySelectorAll (<anonymous>:4748:30)
    at eval (eval at evaluate (:216:30), <anonymous>:4:35)
    at UtilityScript.evaluate (<anonymous>:218:17)
    at UtilityScript.<anonymous> (<anonymous>:1:44)
=========================== logs ===========================
waiting for locator("xpath=//p[text()='Express cause or reasoning with conjunctions, such as: due to, after, rather than…']/../spanorking Towards Good Just")
============================================================
  name='Error
  stack='Error: DOMException: Failed to execute 'evaluate' on 'Document': The string '//p[text()='Express cause or reasoning with conjunctions, such as: due to, after, rather than…']/../spanorking Towards Good Just' is not a valid XPath expression.
    at Object.queryAll (<anonymous>:23:25)
    at InjectedScript._queryEngineAll (<anonymous>:4761:49)
    at InjectedScript.querySelectorAll (<anonymous>:4748:30)
    at eval (eval at evaluate (:216:30), <anonymous>:4:35)
    at UtilityScript.evaluate (<anonymous>:218:17)
    at UtilityScript.<anonymous> (<anonymous>:1:44)
=========================== logs ===========================
waiting for locator("xpath=//p[text()='Express cause or reasoning with conjunctions, such as: due to, after, rather than…']/../spanorking Towards Good Just")
============================================================
    at Object.queryAll (<anonymous>:23:25)
    at InjectedScript._queryEngineAll (<anonymous>:4761:49)
    at InjectedScript.querySelectorAll (<anonymous>:4748:30)
    at eval (eval at evaluate (:216:30), <anonymous>:4:35)
    at UtilityScript.evaluate (<anonymous>:218:17)
    at UtilityScript.<anonymous> (<anonymous>:1:44)
    at CRExecutionContext.evaluateWithArguments (C:\Users\Rhibhus\AppData\Local\Temp\playwright-java-13347389311006075013\package\lib\server\chromium\crExecutionContext.js:92:33)
    at async LongStandingScope._race (C:\Users\Rhibhus\AppData\Local\Temp\playwright-java-13347389311006075013\package\lib\utils\manualPromise.js:98:14)
    at async evaluateExpression (C:\Users\Rhibhus\AppData\Local\Temp\playwright-java-13347389311006075013\package\lib\server\javascript.js:241:12)
    at async C:\Users\Rhibhus\AppData\Local\Temp\playwright-java-13347389311006075013\package\lib\server\frames.js:940:22
    at async Frame.retryWithProgressAndTimeouts (C:\Users\Rhibhus\AppData\Local\Temp\playwright-java-13347389311006075013\package\lib\server\frames.js:911:24)
    at async C:\Users\Rhibhus\AppData\Local\Temp\playwright-java-13347389311006075013\package\lib\server\frames.js:995:29
    at async ProgressController.run (C:\Users\Rhibhus\AppData\Local\Temp\playwright-java-13347389311006075013\package\lib\server\progress.js:92:22)
    at async FrameDispatcher.click (C:\Users\Rhibhus\AppData\Local\Temp\playwright-java-13347389311006075013\package\lib\server\dispatchers\frameDispatcher.js:154:12)
    at async DispatcherConnection.dispatch (C:\Users\Rhibhus\AppData\Local\Temp\playwright-java-13347389311006075013\package\lib\server\dispatchers\dispatcher.js:313:22)
}]]>
            </message>
            <full-stacktrace>
              <![CDATA[com.microsoft.playwright.PlaywrightException: Error {
  message='DOMException: Failed to execute 'evaluate' on 'Document': The string '//p[text()='Express cause or reasoning with conjunctions, such as: due to, after, rather than…']/../spanorking Towards Good Just' is not a valid XPath expression.
    at Object.queryAll (<anonymous>:23:25)
    at InjectedScript._queryEngineAll (<anonymous>:4761:49)
    at InjectedScript.querySelectorAll (<anonymous>:4748:30)
    at eval (eval at evaluate (:216:30), <anonymous>:4:35)
    at UtilityScript.evaluate (<anonymous>:218:17)
    at UtilityScript.<anonymous> (<anonymous>:1:44)
=========================== logs ===========================
waiting for locator("xpath=//p[text()='Express cause or reasoning with conjunctions, such as: due to, after, rather than…']/../spanorking Towards Good Just")
============================================================
  name='Error
  stack='Error: DOMException: Failed to execute 'evaluate' on 'Document': The string '//p[text()='Express cause or reasoning with conjunctions, such as: due to, after, rather than…']/../spanorking Towards Good Just' is not a valid XPath expression.
    at Object.queryAll (<anonymous>:23:25)
    at InjectedScript._queryEngineAll (<anonymous>:4761:49)
    at InjectedScript.querySelectorAll (<anonymous>:4748:30)
    at eval (eval at evaluate (:216:30), <anonymous>:4:35)
    at UtilityScript.evaluate (<anonymous>:218:17)
    at UtilityScript.<anonymous> (<anonymous>:1:44)
=========================== logs ===========================
waiting for locator("xpath=//p[text()='Express cause or reasoning with conjunctions, such as: due to, after, rather than…']/../spanorking Towards Good Just")
============================================================
    at Object.queryAll (<anonymous>:23:25)
    at InjectedScript._queryEngineAll (<anonymous>:4761:49)
    at InjectedScript.querySelectorAll (<anonymous>:4748:30)
    at eval (eval at evaluate (:216:30), <anonymous>:4:35)
    at UtilityScript.evaluate (<anonymous>:218:17)
    at UtilityScript.<anonymous> (<anonymous>:1:44)
    at CRExecutionContext.evaluateWithArguments (C:\Users\Rhibhus\AppData\Local\Temp\playwright-java-13347389311006075013\package\lib\server\chromium\crExecutionContext.js:92:33)
    at async LongStandingScope._race (C:\Users\Rhibhus\AppData\Local\Temp\playwright-java-13347389311006075013\package\lib\utils\manualPromise.js:98:14)
    at async evaluateExpression (C:\Users\Rhibhus\AppData\Local\Temp\playwright-java-13347389311006075013\package\lib\server\javascript.js:241:12)
    at async C:\Users\Rhibhus\AppData\Local\Temp\playwright-java-13347389311006075013\package\lib\server\frames.js:940:22
    at async Frame.retryWithProgressAndTimeouts (C:\Users\Rhibhus\AppData\Local\Temp\playwright-java-13347389311006075013\package\lib\server\frames.js:911:24)
    at async C:\Users\Rhibhus\AppData\Local\Temp\playwright-java-13347389311006075013\package\lib\server\frames.js:995:29
    at async ProgressController.run (C:\Users\Rhibhus\AppData\Local\Temp\playwright-java-13347389311006075013\package\lib\server\progress.js:92:22)
    at async FrameDispatcher.click (C:\Users\Rhibhus\AppData\Local\Temp\playwright-java-13347389311006075013\package\lib\server\dispatchers\frameDispatcher.js:154:12)
    at async DispatcherConnection.dispatch (C:\Users\Rhibhus\AppData\Local\Temp\playwright-java-13347389311006075013\package\lib\server\dispatchers\dispatcher.js:313:22)
}
at com.microsoft.playwright.impl.WaitableResult.get(WaitableResult.java:54)
at com.microsoft.playwright.impl.ChannelOwner.runUntil(ChannelOwner.java:111)
at com.microsoft.playwright.impl.Connection.sendMessage(Connection.java:126)
at com.microsoft.playwright.impl.ChannelOwner.sendMessage(ChannelOwner.java:102)
at com.microsoft.playwright.impl.FrameImpl.clickImpl(FrameImpl.java:252)
at com.microsoft.playwright.impl.PageImpl.lambda$click$17(PageImpl.java:577)
at com.microsoft.playwright.impl.LoggingSupport.lambda$withLogging$0(LoggingSupport.java:36)
at com.microsoft.playwright.impl.LoggingSupport.withLogging(LoggingSupport.java:47)
at com.microsoft.playwright.impl.ChannelOwner.withLogging(ChannelOwner.java:87)
at com.microsoft.playwright.impl.LoggingSupport.withLogging(LoggingSupport.java:35)
at com.microsoft.playwright.impl.PageImpl.click(PageImpl.java:576)
at com.microsoft.playwright.Page.click(Page.java:3741)
at com.qa.beameducation.testscripts.Class4Test.addcase(Class4Test.java:107)
at java.base/jdk.internal.reflect.NativeMethodAccessorImpl.invoke0(Native Method)
at java.base/jdk.internal.reflect.NativeMethodAccessorImpl.invoke(NativeMethodAccessorImpl.java:77)
at java.base/jdk.internal.reflect.DelegatingMethodAccessorImpl.invoke(DelegatingMethodAccessorImpl.java:43)
at java.base/java.lang.reflect.Method.invoke(Method.java:568)
at org.testng.internal.invokers.MethodInvocationHelper.invokeMethod(MethodInvocationHelper.java:139)
at org.testng.internal.invokers.TestInvoker.invokeMethod(TestInvoker.java:664)
at org.testng.internal.invokers.TestInvoker.invokeTestMethod(TestInvoker.java:227)
at org.testng.internal.invokers.MethodRunner.runInSequence(MethodRunner.java:50)
at org.testng.internal.invokers.TestInvoker$MethodInvocationAgent.invoke(TestInvoker.java:957)
at org.testng.internal.invokers.TestInvoker.invokeTestMethods(TestInvoker.java:200)
at org.testng.internal.invokers.TestMethodWorker.invokeTestMethods(TestMethodWorker.java:148)
at org.testng.internal.invokers.TestMethodWorker.run(TestMethodWorker.java:128)
at java.base/java.util.ArrayList.forEach(ArrayList.java:1511)
at org.testng.TestRunner.privateRun(TestRunner.java:848)
at org.testng.TestRunner.run(TestRunner.java:621)
at org.testng.SuiteRunner.runTest(SuiteRunner.java:443)
at org.testng.SuiteRunner.runSequentially(SuiteRunner.java:437)
at org.testng.SuiteRunner.privateRun(SuiteRunner.java:397)
at org.testng.SuiteRunner.run(SuiteRunner.java:336)
at org.testng.SuiteRunnerWorker.runSuite(SuiteRunnerWorker.java:52)
at org.testng.SuiteRunnerWorker.run(SuiteRunnerWorker.java:95)
at org.testng.TestNG.runSuitesSequentially(TestNG.java:1280)
at org.testng.TestNG.runSuitesLocally(TestNG.java:1200)
at org.testng.TestNG.runSuites(TestNG.java:1114)
at org.testng.TestNG.run(TestNG.java:1082)
at org.testng.remote.AbstractRemoteTestNG.run(AbstractRemoteTestNG.java:115)
at org.testng.remote.RemoteTestNG.initAndRun(RemoteTestNG.java:251)
at org.testng.remote.RemoteTestNG.main(RemoteTestNG.java:77)
Caused by: com.microsoft.playwright.impl.DriverException: Error {
  message='DOMException: Failed to execute 'evaluate' on 'Document': The string '//p[text()='Express cause or reasoning with conjunctions, such as: due to, after, rather than…']/../spanorking Towards Good Just' is not a valid XPath expression.
    at Object.queryAll (<anonymous>:23:25)
    at InjectedScript._queryEngineAll (<anonymous>:4761:49)
    at InjectedScript.querySelectorAll (<anonymous>:4748:30)
    at eval (eval at evaluate (:216:30), <anonymous>:4:35)
    at UtilityScript.evaluate (<anonymous>:218:17)
    at UtilityScript.<anonymous> (<anonymous>:1:44)
=========================== logs ===========================
waiting for locator("xpath=//p[text()='Express cause or reasoning with conjunctions, such as: due to, after, rather than…']/../spanorking Towards Good Just")
============================================================
  name='Error
  stack='Error: DOMException: Failed to execute 'evaluate' on 'Document': The string '//p[text()='Express cause or reasoning with conjunctions, such as: due to, after, rather than…']/../spanorking Towards Good Just' is not a valid XPath expression.
    at Object.queryAll (<anonymous>:23:25)
    at InjectedScript._queryEngineAll (<anonymous>:4761:49)
    at InjectedScript.querySelectorAll (<anonymous>:4748:30)
    at eval (eval at evaluate (:216:30), <anonymous>:4:35)
    at UtilityScript.evaluate (<anonymous>:218:17)
    at UtilityScript.<anonymous> (<anonymous>:1:44)
=========================== logs ===========================
waiting for locator("xpath=//p[text()='Express cause or reasoning with conjunctions, such as: due to, after, rather than…']/../spanorking Towards Good Just")
============================================================
    at Object.queryAll (<anonymous>:23:25)
    at InjectedScript._queryEngineAll (<anonymous>:4761:49)
    at InjectedScript.querySelectorAll (<anonymous>:4748:30)
    at eval (eval at evaluate (:216:30), <anonymous>:4:35)
    at UtilityScript.evaluate (<anonymous>:218:17)
    at UtilityScript.<anonymous> (<anonymous>:1:44)
    at CRExecutionContext.evaluateWithArguments (C:\Users\Rhibhus\AppData\Local\Temp\playwright-java-13347389311006075013\package\lib\server\chromium\crExecutionContext.js:92:33)
    at async LongStandingScope._race (C:\Users\Rhibhus\AppData\Local\Temp\playwright-java-13347389311006075013\package\lib\utils\manualPromise.js:98:14)
    at async evaluateExpression (C:\Users\Rhibhus\AppData\Local\Temp\playwright-java-13347389311006075013\package\lib\server\javascript.js:241:12)
    at async C:\Users\Rhibhus\AppData\Local\Temp\playwright-java-13347389311006075013\package\lib\server\frames.js:940:22
    at async Frame.retryWithProgressAndTimeouts (C:\Users\Rhibhus\AppData\Local\Temp\playwright-java-13347389311006075013\package\lib\server\frames.js:911:24)
    at async C:\Users\Rhibhus\AppData\Local\Temp\playwright-java-13347389311006075013\package\lib\server\frames.js:995:29
    at async ProgressController.run (C:\Users\Rhibhus\AppData\Local\Temp\playwright-java-13347389311006075013\package\lib\server\progress.js:92:22)
    at async FrameDispatcher.click (C:\Users\Rhibhus\AppData\Local\Temp\playwright-java-13347389311006075013\package\lib\server\dispatchers\frameDispatcher.js:154:12)
    at async DispatcherConnection.dispatch (C:\Users\Rhibhus\AppData\Local\Temp\playwright-java-13347389311006075013\package\lib\server\dispatchers\dispatcher.js:313:22)
}
at com.microsoft.playwright.impl.Connection.dispatch(Connection.java:226)
at com.microsoft.playwright.impl.Connection.processOneMessage(Connection.java:206)
at com.microsoft.playwright.impl.ChannelOwner.runUntil(ChannelOwner.java:109)
... 39 more
]]>
            </full-stacktrace>
          </exception> <!-- com.microsoft.playwright.PlaywrightException -->
          <reporter-output>
          </reporter-output>
        </test-method> <!-- addcase -->
        <test-method signature="addcase(java.lang.String,java.lang.String,java.lang.String,java.lang.String,java.lang.String,java.lang.String,java.lang.String,java.lang.String,java.lang.String,java.lang.String,java.lang.String,java.lang.String,java.lang.String,java.lang.String)[pri:1, instance:com.qa.beameducation.testscripts.Class4Test@b9b00e0]" started-at="2023-12-26T12:03:42 IST" name="addcase" data-provider="Beam" finished-at="2023-12-26T12:04:12 IST" duration-ms="30079" status="FAIL">
          <params>
            <param index="0">
              <value>
                <![CDATA[Case110]]>
              </value>
            </param>
            <param index="1">
              <value>
                <![CDATA[//p[text()='Compose simple sentences out loud with accurate tense; transcribe mostly accurately']/../span]]>
              </value>
            </param>
            <param index="2">
              <value>
                <![CDATA[//p[text()='Select simple, appropriate non-fiction devices (e.g. sub-headings, time connectives, diagrams) to structure writing, with success criteria']/../span]]>
              </value>
            </param>
            <param index="3">
              <value>
                <![CDATA[//p[text()='Begin to group sentences by subject or sentence type']/../span]]>
              </value>
            </param>
            <param index="4">
              <value>
                <![CDATA[//p[text()='Begin to include more ambitious details in narratives']/../span]]>
              </value>
            </param>
            <param index="5">
              <value>
                <![CDATA[//p[text()='Use success criteria, if needed, to include mostly relevant text features']/../span]]>
              </value>
            </param>
            <param index="6">
              <value>
                <![CDATA[//p[text()='Begin to demarcate speech; Apply other Y3 punctuation, with support']/../span]]>
              </value>
            </param>
            <param index="7">
              <value>
                <![CDATA[//p[text()='Confidently use the present perfect verb form and past tense; transcribe independently']/../span]]>
              </value>
            </param>
            <param index="8">
              <value>
                <![CDATA[//p[text()='With support, join many letters with diagonal and horizontal strokes']/../span]]>
              </value>
            </param>
            <param index="9">
              <value>
                <![CDATA[//p[text()='Begin to use prefixes: dis-, mis-, il-, im-, un-, re-, in-, ir-, super-, anti-, auto- and suffixes: -ly']/../span]]>
              </value>
            </param>
            <param index="10">
              <value>
                <![CDATA[//p[text()='Confidently use Y4 spelling rules to attempt unfamiliar spellings']/../span]]>
              </value>
            </param>
            <param index="11">
              <value>
                <![CDATA[//p[text()='Express time or cause with a growing variety of conjunctions, adverbs and prepositions']/../span]]>
              </value>
            </param>
            <param index="12">
              <value>
                <![CDATA[//p[text()='Confidently choose appropriate nouns or pronouns to create cohesion, avoid repetition and achieve clarity']/../span]]>
              </value>
            </param>
            <param index="13">
              <value>
                <![CDATA[ 4Working Towards Good Just]]>
              </value>
            </param>
          </params>
          <exception class="com.microsoft.playwright.TimeoutError">
            <message>
              <![CDATA[Error {
  message='Timeout 30000ms exceeded.
=========================== logs ===========================
waiting for locator("xpath=//span[text()='SmartClass4']")
  locator resolved to <span class="ps-menu-label css-12w9als">SmartClass4</span>
attempting click action
  waiting for element to be visible, enabled and stable
  element is visible, enabled and stable
  scrolling into view if needed
  done scrolling
  <div role="dialog" tabindex="-1" aria-modal="true" cl…>…</div> intercepts pointer events
retrying click action, attempt #1
  waiting for element to be visible, enabled and stable
  element is visible, enabled and stable
  scrolling into view if needed
  done scrolling
  <div role="dialog" tabindex="-1" aria-modal="true" cl…>…</div> intercepts pointer events
retrying click action, attempt #2
  waiting 20ms
  waiting for element to be visible, enabled and stable
  element is visible, enabled and stable
  scrolling into view if needed
  done scrolling
  <div role="dialog" tabindex="-1" aria-modal="true" cl…>…</div> intercepts pointer events
retrying click action, attempt #3
  waiting 100ms
  waiting for element to be visible, enabled and stable
  element is visible, enabled and stable
  scrolling into view if needed
  done scrolling
  <div role="dialog" tabindex="-1" aria-modal="true" cl…>…</div> intercepts pointer events
retrying click action, attempt #4
  waiting 100ms
  waiting for element to be visible, enabled and stable
  element is visible, enabled and stable
  scrolling into view if needed
  done scrolling
  <div role="dialog" tabindex="-1" aria-modal="true" cl…>…</div> intercepts pointer events
retrying click action, attempt #5
  waiting 500ms
  waiting for element to be visible, enabled and stable
  element is visible, enabled and stable
  scrolling into view if needed
  done scrolling
  <div role="dialog" tabindex="-1" aria-modal="true" cl…>…</div> intercepts pointer events
retrying click action, attempt #6
  waiting 500ms
  waiting for element to be visible, enabled and stable
  element is visible, enabled and stable
  scrolling into view if needed
  done scrolling
  <div role="dialog" tabindex="-1" aria-modal="true" cl…>…</div> intercepts pointer events
retrying click action, attempt #7
  waiting 500ms
  waiting for element to be visible, enabled and stable
  element is visible, enabled and stable
  scrolling into view if needed
  done scrolling
  <div role="dialog" tabindex="-1" aria-modal="true" cl…>…</div> intercepts pointer events
retrying click action, attempt #8
  waiting 500ms
  waiting for element to be visible, enabled and stable
  element is visible, enabled and stable
  scrolling into view if needed
  done scrolling
  <div role="dialog" tabindex="-1" aria-modal="true" cl…>…</div> intercepts pointer events
retrying click action, attempt #9
  waiting 500ms
  waiting for element to be visible, enabled and stable
  element is visible, enabled and stable
  scrolling into view if needed
  done scrolling
  <div role="dialog" tabindex="-1" aria-modal="true" cl…>…</div> intercepts pointer events
retrying click action, attempt #10
  waiting 500ms
  waiting for element to be visible, enabled and stable
  element is visible, enabled and stable
  scrolling into view if needed
  done scrolling
  <div role="dialog" tabindex="-1" aria-modal="true" cl…>…</div> intercepts pointer events
retrying click action, attempt #11
  waiting 500ms
  waiting for element to be visible, enabled and stable
  element is visible, enabled and stable
  scrolling into view if needed
  done scrolling
  <div role="dialog" tabindex="-1" aria-modal="true" cl…>…</div> intercepts pointer events
retrying click action, attempt #12
  waiting 500ms
  waiting for element to be visible, enabled and stable
  element is visible, enabled and stable
  scrolling into view if needed
  done scrolling
  <div role="dialog" tabindex="-1" aria-modal="true" cl…>…</div> intercepts pointer events
retrying click action, attempt #13
  waiting 500ms
  waiting for element to be visible, enabled and stable
  element is visible, enabled and stable
  scrolling into view if needed
  done scrolling
  <div role="dialog" tabindex="-1" aria-modal="true" cl…>…</div> intercepts pointer events
retrying click action, attempt #14
  waiting 500ms
  waiting for element to be visible, enabled and stable
  element is visible, enabled and stable
  scrolling into view if needed
  done scrolling
  <div role="dialog" tabindex="-1" aria-modal="true" cl…>…</div> intercepts pointer events
retrying click action, attempt #15
  waiting 500ms
  waiting for element to be visible, enabled and stable
  element is visible, enabled and stable
  scrolling into view if needed
  done scrolling
  <div role="dialog" tabindex="-1" aria-modal="true" cl…>…</div> intercepts pointer events
retrying click action, attempt #16
  waiting 500ms
  waiting for element to be visible, enabled and stable
  element is visible, enabled and stable
  scrolling into view if needed
  done scrolling
  <div role="dialog" tabindex="-1" aria-modal="true" cl…>…</div> intercepts pointer events
retrying click action, attempt #17
  waiting 500ms
  waiting for element to be visible, enabled and stable
  element is visible, enabled and stable
  scrolling into view if needed
  done scrolling
  <div role="dialog" tabindex="-1" aria-modal="true" cl…>…</div> intercepts pointer events
retrying click action, attempt #18
  waiting 500ms
  waiting for element to be visible, enabled and stable
  element is visible, enabled and stable
  scrolling into view if needed
  done scrolling
  <div role="dialog" tabindex="-1" aria-modal="true" cl…>…</div> intercepts pointer events
retrying click action, attempt #19
  waiting 500ms
  waiting for element to be visible, enabled and stable
  element is visible, enabled and stable
  scrolling into view if needed
  done scrolling
  <div role="dialog" tabindex="-1" aria-modal="true" cl…>…</div> intercepts pointer events
retrying click action, attempt #20
  waiting 500ms
  waiting for element to be visible, enabled and stable
  element is visible, enabled and stable
  scrolling into view if needed
  done scrolling
  <div role="dialog" tabindex="-1" aria-modal="true" cl…>…</div> intercepts pointer events
retrying click action, attempt #21
  waiting 500ms
  waiting for element to be visible, enabled and stable
  element is visible, enabled and stable
  scrolling into view if needed
  done scrolling
  <div role="dialog" tabindex="-1" aria-modal="true" cl…>…</div> intercepts pointer events
retrying click action, attempt #22
  waiting 500ms
  waiting for element to be visible, enabled and stable
  element is visible, enabled and stable
  scrolling into view if needed
  done scrolling
  <div role="dialog" tabindex="-1" aria-modal="true" cl…>…</div> intercepts pointer events
retrying click action, attempt #23
  waiting 500ms
  waiting for element to be visible, enabled and stable
  element is visible, enabled and stable
  scrolling into view if needed
  done scrolling
  <div role="dialog" tabindex="-1" aria-modal="true" cl…>…</div> intercepts pointer events
retrying click action, attempt #24
  waiting 500ms
  waiting for element to be visible, enabled and stable
  element is visible, enabled and stable
  scrolling into view if needed
  done scrolling
  <div role="dialog" tabindex="-1" aria-modal="true" cl…>…</div> intercepts pointer events
retrying click action, attempt #25
  waiting 500ms
  waiting for element to be visible, enabled and stable
  element is visible, enabled and stable
  scrolling into view if needed
  done scrolling
  <div role="dialog" tabindex="-1" aria-modal="true" cl…>…</div> intercepts pointer events
retrying click action, attempt #26
  waiting 500ms
  waiting for element to be visible, enabled and stable
  element is visible, enabled and stable
  scrolling into view if needed
  done scrolling
  <div role="dialog" tabindex="-1" aria-modal="true" cl…>…</div> intercepts pointer events
retrying click action, attempt #27
  waiting 500ms
  waiting for element to be visible, enabled and stable
  element is visible, enabled and stable
  scrolling into view if needed
  done scrolling
  <div role="dialog" tabindex="-1" aria-modal="true" cl…>…</div> intercepts pointer events
retrying click action, attempt #28
  waiting 500ms
  waiting for element to be visible, enabled and stable
  element is visible, enabled and stable
  scrolling into view if needed
  done scrolling
  <div role="dialog" tabindex="-1" aria-modal="true" cl…>…</div> intercepts pointer events
retrying click action, attempt #29
  waiting 500ms
  waiting for element to be visible, enabled and stable
  element is visible, enabled and stable
  scrolling into view if needed
  done scrolling
  <div role="dialog" tabindex="-1" aria-modal="true" cl…>…</div> intercepts pointer events
retrying click action, attempt #30
  waiting 500ms
  waiting for element to be visible, enabled and stable
  element is visible, enabled and stable
  scrolling into view if needed
  done scrolling
  <div role="dialog" tabindex="-1" aria-modal="true" cl…>…</div> intercepts pointer events
retrying click action, attempt #31
  waiting 500ms
  waiting for element to be visible, enabled and stable
  element is visible, enabled and stable
  scrolling into view if needed
  done scrolling
  <div role="dialog" tabindex="-1" aria-modal="true" cl…>…</div> intercepts pointer events
retrying click action, attempt #32
  waiting 500ms
  waiting for element to be visible, enabled and stable
  element is visible, enabled and stable
  scrolling into view if needed
  done scrolling
  <div role="dialog" tabindex="-1" aria-modal="true" cl…>…</div> intercepts pointer events
retrying click action, attempt #33
  waiting 500ms
  waiting for element to be visible, enabled and stable
  element is visible, enabled and stable
  scrolling into view if needed
  done scrolling
  <div role="dialog" tabindex="-1" aria-modal="true" cl…>…</div> intercepts pointer events
retrying click action, attempt #34
  waiting 500ms
  waiting for element to be visible, enabled and stable
  element is visible, enabled and stable
  scrolling into view if needed
  done scrolling
  <div role="dialog" tabindex="-1" aria-modal="true" cl…>…</div> intercepts pointer events
retrying click action, attempt #35
  waiting 500ms
  waiting for element to be visible, enabled and stable
  element is visible, enabled and stable
  scrolling into view if needed
  done scrolling
  <div role="dialog" tabindex="-1" aria-modal="true" cl…>…</div> intercepts pointer events
retrying click action, attempt #36
  waiting 500ms
  waiting for element to be visible, enabled and stable
  element is visible, enabled and stable
  scrolling into view if needed
  done scrolling
  <div role="dialog" tabindex="-1" aria-modal="true" cl…>…</div> intercepts pointer events
retrying click action, attempt #37
  waiting 500ms
  waiting for element to be visible, enabled and stable
  element is visible, enabled and stable
  scrolling into view if needed
  done scrolling
  <div role="dialog" tabindex="-1" aria-modal="true" cl…>…</div> intercepts pointer events
retrying click action, attempt #38
  waiting 500ms
  waiting for element to be visible, enabled and stable
  element is visible, enabled and stable
  scrolling into view if needed
  done scrolling
  <div role="dialog" tabindex="-1" aria-modal="true" cl…>…</div> intercepts pointer events
retrying click action, attempt #39
  waiting 500ms
  waiting for element to be visible, enabled and stable
  element is visible, enabled and stable
  scrolling into view if needed
  done scrolling
  <div role="dialog" tabindex="-1" aria-modal="true" cl…>…</div> intercepts pointer events
retrying click action, attempt #40
  waiting 500ms
  waiting for element to be visible, enabled and stable
  element is visible, enabled and stable
  scrolling into view if needed
  done scrolling
  <div role="dialog" tabindex="-1" aria-modal="true" cl…>…</div> intercepts pointer events
retrying click action, attempt #41
  waiting 500ms
  waiting for element to be visible, enabled and stable
  element is visible, enabled and stable
  scrolling into view if needed
  done scrolling
  <div role="dialog" tabindex="-1" aria-modal="true" cl…>…</div> intercepts pointer events
retrying click action, attempt #42
  waiting 500ms
  waiting for element to be visible, enabled and stable
  element is visible, enabled and stable
  scrolling into view if needed
  done scrolling
  <div role="dialog" tabindex="-1" aria-modal="true" cl…>…</div> intercepts pointer events
retrying click action, attempt #43
  waiting 500ms
  waiting for element to be visible, enabled and stable
  element is visible, enabled and stable
  scrolling into view if needed
  done scrolling
  <div role="dialog" tabindex="-1" aria-modal="true" cl…>…</div> intercepts pointer events
retrying click action, attempt #44
  waiting 500ms
  waiting for element to be visible, enabled and stable
  element is visible, enabled and stable
  scrolling into view if needed
  done scrolling
  <div role="dialog" tabindex="-1" aria-modal="true" cl…>…</div> intercepts pointer events
retrying click action, attempt #45
  waiting 500ms
  waiting for element to be visible, enabled and stable
  element is visible, enabled and stable
  scrolling into view if needed
  done scrolling
  <div role="dialog" tabindex="-1" aria-modal="true" cl…>…</div> intercepts pointer events
retrying click action, attempt #46
  waiting 500ms
  waiting for element to be visible, enabled and stable
  element is visible, enabled and stable
  scrolling into view if needed
  done scrolling
  <div role="dialog" tabindex="-1" aria-modal="true" cl…>…</div> intercepts pointer events
retrying click action, attempt #47
  waiting 500ms
  waiting for element to be visible, enabled and stable
  element is visible, enabled and stable
  scrolling into view if needed
  done scrolling
  <div role="dialog" tabindex="-1" aria-modal="true" cl…>…</div> intercepts pointer events
retrying click action, attempt #48
  waiting 500ms
  waiting for element to be visible, enabled and stable
  element is visible, enabled and stable
  scrolling into view if needed
  done scrolling
  <div role="dialog" tabindex="-1" aria-modal="true" cl…>…</div> intercepts pointer events
retrying click action, attempt #49
  waiting 500ms
  waiting for element to be visible, enabled and stable
  element is visible, enabled and stable
  scrolling into view if needed
  done scrolling
  <div role="dialog" tabindex="-1" aria-modal="true" cl…>…</div> intercepts pointer events
retrying click action, attempt #50
  waiting 500ms
  waiting for element to be visible, enabled and stable
  element is visible, enabled and stable
  scrolling into view if needed
  done scrolling
  <div role="dialog" tabindex="-1" aria-modal="true" cl…>…</div> intercepts pointer events
retrying click action, attempt #51
  waiting 500ms
  waiting for element to be visible, enabled and stable
  element is visible, enabled and stable
  scrolling into view if needed
  done scrolling
  <div role="dialog" tabindex="-1" aria-modal="true" cl…>…</div> intercepts pointer events
retrying click action, attempt #52
  waiting 500ms
  waiting for element to be visible, enabled and stable
  element is visible, enabled and stable
  scrolling into view if needed
  done scrolling
  <div role="dialog" tabindex="-1" aria-modal="true" cl…>…</div> intercepts pointer events
retrying click action, attempt #53
  waiting 500ms
  waiting for element to be visible, enabled and stable
  element is visible, enabled and stable
  scrolling into view if needed
  done scrolling
  <div role="dialog" tabindex="-1" aria-modal="true" cl…>…</div> intercepts pointer events
retrying click action, attempt #54
  waiting 500ms
  waiting for element to be visible, enabled and stable
  element is visible, enabled and stable
  scrolling into view if needed
  done scrolling
  <div role="dialog" tabindex="-1" aria-modal="true" cl…>…</div> intercepts pointer events
retrying click action, attempt #55
  waiting 500ms
  waiting for element to be visible, enabled and stable
  element is visible, enabled and stable
  scrolling into view if needed
  done scrolling
  <div role="dialog" tabindex="-1" aria-modal="true" cl…>…</div> intercepts pointer events
retrying click action, attempt #56
  waiting 500ms
  waiting for element to be visible, enabled and stable
  element is visible, enabled and stable
  scrolling into view if needed
  done scrolling
  <div role="dialog" tabindex="-1" aria-modal="true" cl…>…</div> intercepts pointer events
retrying click action, attempt #57
  waiting 500ms
  waiting for element to be visible, enabled and stable
  element is visible, enabled and stable
  scrolling into view if needed
  done scrolling
  <div role="dialog" tabindex="-1" aria-modal="true" cl…>…</div> intercepts pointer events
retrying click action, attempt #58
  waiting 500ms
  waiting for element to be visible, enabled and stable
  element is visible, enabled and stable
  scrolling into view if needed
  done scrolling
  <div role="dialog" tabindex="-1" aria-modal="true" cl…>…</div> intercepts pointer events
retrying click action, attempt #59
  waiting 500ms
  waiting for element to be visible, enabled and stable
  element is visible, enabled and stable
  scrolling into view if needed
  done scrolling
  <div role="dialog" tabindex="-1" aria-modal="true" cl…>…</div> intercepts pointer events
retrying click action, attempt #60
  waiting 500ms
============================================================
  name='TimeoutError
  stack='TimeoutError: Timeout 30000ms exceeded.
=========================== logs ===========================
waiting for locator("xpath=//span[text()='SmartClass4']")
  locator resolved to <span class="ps-menu-label css-12w9als">SmartClass4</span>
attempting click action
  waiting for element to be visible, enabled and stable
  element is visible, enabled and stable
  scrolling into view if needed
  done scrolling
  <div role="dialog" tabindex="-1" aria-modal="true" cl…>…</div> intercepts pointer events
retrying click action, attempt #1
  waiting for element to be visible, enabled and stable
  element is visible, enabled and stable
  scrolling into view if needed
  done scrolling
  <div role="dialog" tabindex="-1" aria-modal="true" cl…>…</div> intercepts pointer events
retrying click action, attempt #2
  waiting 20ms
  waiting for element to be visible, enabled and stable
  element is visible, enabled and stable
  scrolling into view if needed
  done scrolling
  <div role="dialog" tabindex="-1" aria-modal="true" cl…>…</div> intercepts pointer events
retrying click action, attempt #3
  waiting 100ms
  waiting for element to be visible, enabled and stable
  element is visible, enabled and stable
  scrolling into view if needed
  done scrolling
  <div role="dialog" tabindex="-1" aria-modal="true" cl…>…</div> intercepts pointer events
retrying click action, attempt #4
  waiting 100ms
  waiting for element to be visible, enabled and stable
  element is visible, enabled and stable
  scrolling into view if needed
  done scrolling
  <div role="dialog" tabindex="-1" aria-modal="true" cl…>…</div> intercepts pointer events
retrying click action, attempt #5
  waiting 500ms
  waiting for element to be visible, enabled and stable
  element is visible, enabled and stable
  scrolling into view if needed
  done scrolling
  <div role="dialog" tabindex="-1" aria-modal="true" cl…>…</div> intercepts pointer events
retrying click action, attempt #6
  waiting 500ms
  waiting for element to be visible, enabled and stable
  element is visible, enabled and stable
  scrolling into view if needed
  done scrolling
  <div role="dialog" tabindex="-1" aria-modal="true" cl…>…</div> intercepts pointer events
retrying click action, attempt #7
  waiting 500ms
  waiting for element to be visible, enabled and stable
  element is visible, enabled and stable
  scrolling into view if needed
  done scrolling
  <div role="dialog" tabindex="-1" aria-modal="true" cl…>…</div> intercepts pointer events
retrying click action, attempt #8
  waiting 500ms
  waiting for element to be visible, enabled and stable
  element is visible, enabled and stable
  scrolling into view if needed
  done scrolling
  <div role="dialog" tabindex="-1" aria-modal="true" cl…>…</div> intercepts pointer events
retrying click action, attempt #9
  waiting 500ms
  waiting for element to be visible, enabled and stable
  element is visible, enabled and stable
  scrolling into view if needed
  done scrolling
  <div role="dialog" tabindex="-1" aria-modal="true" cl…>…</div> intercepts pointer events
retrying click action, attempt #10
  waiting 500ms
  waiting for element to be visible, enabled and stable
  element is visible, enabled and stable
  scrolling into view if needed
  done scrolling
  <div role="dialog" tabindex="-1" aria-modal="true" cl…>…</div> intercepts pointer events
retrying click action, attempt #11
  waiting 500ms
  waiting for element to be visible, enabled and stable
  element is visible, enabled and stable
  scrolling into view if needed
  done scrolling
  <div role="dialog" tabindex="-1" aria-modal="true" cl…>…</div> intercepts pointer events
retrying click action, attempt #12
  waiting 500ms
  waiting for element to be visible, enabled and stable
  element is visible, enabled and stable
  scrolling into view if needed
  done scrolling
  <div role="dialog" tabindex="-1" aria-modal="true" cl…>…</div> intercepts pointer events
retrying click action, attempt #13
  waiting 500ms
  waiting for element to be visible, enabled and stable
  element is visible, enabled and stable
  scrolling into view if needed
  done scrolling
  <div role="dialog" tabindex="-1" aria-modal="true" cl…>…</div> intercepts pointer events
retrying click action, attempt #14
  waiting 500ms
  waiting for element to be visible, enabled and stable
  element is visible, enabled and stable
  scrolling into view if needed
  done scrolling
  <div role="dialog" tabindex="-1" aria-modal="true" cl…>…</div> intercepts pointer events
retrying click action, attempt #15
  waiting 500ms
  waiting for element to be visible, enabled and stable
  element is visible, enabled and stable
  scrolling into view if needed
  done scrolling
  <div role="dialog" tabindex="-1" aria-modal="true" cl…>…</div> intercepts pointer events
retrying click action, attempt #16
  waiting 500ms
  waiting for element to be visible, enabled and stable
  element is visible, enabled and stable
  scrolling into view if needed
  done scrolling
  <div role="dialog" tabindex="-1" aria-modal="true" cl…>…</div> intercepts pointer events
retrying click action, attempt #17
  waiting 500ms
  waiting for element to be visible, enabled and stable
  element is visible, enabled and stable
  scrolling into view if needed
  done scrolling
  <div role="dialog" tabindex="-1" aria-modal="true" cl…>…</div> intercepts pointer events
retrying click action, attempt #18
  waiting 500ms
  waiting for element to be visible, enabled and stable
  element is visible, enabled and stable
  scrolling into view if needed
  done scrolling
  <div role="dialog" tabindex="-1" aria-modal="true" cl…>…</div> intercepts pointer events
retrying click action, attempt #19
  waiting 500ms
  waiting for element to be visible, enabled and stable
  element is visible, enabled and stable
  scrolling into view if needed
  done scrolling
  <div role="dialog" tabindex="-1" aria-modal="true" cl…>…</div> intercepts pointer events
retrying click action, attempt #20
  waiting 500ms
  waiting for element to be visible, enabled and stable
  element is visible, enabled and stable
  scrolling into view if needed
  done scrolling
  <div role="dialog" tabindex="-1" aria-modal="true" cl…>…</div> intercepts pointer events
retrying click action, attempt #21
  waiting 500ms
  waiting for element to be visible, enabled and stable
  element is visible, enabled and stable
  scrolling into view if needed
  done scrolling
  <div role="dialog" tabindex="-1" aria-modal="true" cl…>…</div> intercepts pointer events
retrying click action, attempt #22
  waiting 500ms
  waiting for element to be visible, enabled and stable
  element is visible, enabled and stable
  scrolling into view if needed
  done scrolling
  <div role="dialog" tabindex="-1" aria-modal="true" cl…>…</div> intercepts pointer events
retrying click action, attempt #23
  waiting 500ms
  waiting for element to be visible, enabled and stable
  element is visible, enabled and stable
  scrolling into view if needed
  done scrolling
  <div role="dialog" tabindex="-1" aria-modal="true" cl…>…</div> intercepts pointer events
retrying click action, attempt #24
  waiting 500ms
  waiting for element to be visible, enabled and stable
  element is visible, enabled and stable
  scrolling into view if needed
  done scrolling
  <div role="dialog" tabindex="-1" aria-modal="true" cl…>…</div> intercepts pointer events
retrying click action, attempt #25
  waiting 500ms
  waiting for element to be visible, enabled and stable
  element is visible, enabled and stable
  scrolling into view if needed
  done scrolling
  <div role="dialog" tabindex="-1" aria-modal="true" cl…>…</div> intercepts pointer events
retrying click action, attempt #26
  waiting 500ms
  waiting for element to be visible, enabled and stable
  element is visible, enabled and stable
  scrolling into view if needed
  done scrolling
  <div role="dialog" tabindex="-1" aria-modal="true" cl…>…</div> intercepts pointer events
retrying click action, attempt #27
  waiting 500ms
  waiting for element to be visible, enabled and stable
  element is visible, enabled and stable
  scrolling into view if needed
  done scrolling
  <div role="dialog" tabindex="-1" aria-modal="true" cl…>…</div> intercepts pointer events
retrying click action, attempt #28
  waiting 500ms
  waiting for element to be visible, enabled and stable
  element is visible, enabled and stable
  scrolling into view if needed
  done scrolling
  <div role="dialog" tabindex="-1" aria-modal="true" cl…>…</div> intercepts pointer events
retrying click action, attempt #29
  waiting 500ms
  waiting for element to be visible, enabled and stable
  element is visible, enabled and stable
  scrolling into view if needed
  done scrolling
  <div role="dialog" tabindex="-1" aria-modal="true" cl…>…</div> intercepts pointer events
retrying click action, attempt #30
  waiting 500ms
  waiting for element to be visible, enabled and stable
  element is visible, enabled and stable
  scrolling into view if needed
  done scrolling
  <div role="dialog" tabindex="-1" aria-modal="true" cl…>…</div> intercepts pointer events
retrying click action, attempt #31
  waiting 500ms
  waiting for element to be visible, enabled and stable
  element is visible, enabled and stable
  scrolling into view if needed
  done scrolling
  <div role="dialog" tabindex="-1" aria-modal="true" cl…>…</div> intercepts pointer events
retrying click action, attempt #32
  waiting 500ms
  waiting for element to be visible, enabled and stable
  element is visible, enabled and stable
  scrolling into view if needed
  done scrolling
  <div role="dialog" tabindex="-1" aria-modal="true" cl…>…</div> intercepts pointer events
retrying click action, attempt #33
  waiting 500ms
  waiting for element to be visible, enabled and stable
  element is visible, enabled and stable
  scrolling into view if needed
  done scrolling
  <div role="dialog" tabindex="-1" aria-modal="true" cl…>…</div> intercepts pointer events
retrying click action, attempt #34
  waiting 500ms
  waiting for element to be visible, enabled and stable
  element is visible, enabled and stable
  scrolling into view if needed
  done scrolling
  <div role="dialog" tabindex="-1" aria-modal="true" cl…>…</div> intercepts pointer events
retrying click action, attempt #35
  waiting 500ms
  waiting for element to be visible, enabled and stable
  element is visible, enabled and stable
  scrolling into view if needed
  done scrolling
  <div role="dialog" tabindex="-1" aria-modal="true" cl…>…</div> intercepts pointer events
retrying click action, attempt #36
  waiting 500ms
  waiting for element to be visible, enabled and stable
  element is visible, enabled and stable
  scrolling into view if needed
  done scrolling
  <div role="dialog" tabindex="-1" aria-modal="true" cl…>…</div> intercepts pointer events
retrying click action, attempt #37
  waiting 500ms
  waiting for element to be visible, enabled and stable
  element is visible, enabled and stable
  scrolling into view if needed
  done scrolling
  <div role="dialog" tabindex="-1" aria-modal="true" cl…>…</div> intercepts pointer events
retrying click action, attempt #38
  waiting 500ms
  waiting for element to be visible, enabled and stable
  element is visible, enabled and stable
  scrolling into view if needed
  done scrolling
  <div role="dialog" tabindex="-1" aria-modal="true" cl…>…</div> intercepts pointer events
retrying click action, attempt #39
  waiting 500ms
  waiting for element to be visible, enabled and stable
  element is visible, enabled and stable
  scrolling into view if needed
  done scrolling
  <div role="dialog" tabindex="-1" aria-modal="true" cl…>…</div> intercepts pointer events
retrying click action, attempt #40
  waiting 500ms
  waiting for element to be visible, enabled and stable
  element is visible, enabled and stable
  scrolling into view if needed
  done scrolling
  <div role="dialog" tabindex="-1" aria-modal="true" cl…>…</div> intercepts pointer events
retrying click action, attempt #41
  waiting 500ms
  waiting for element to be visible, enabled and stable
  element is visible, enabled and stable
  scrolling into view if needed
  done scrolling
  <div role="dialog" tabindex="-1" aria-modal="true" cl…>…</div> intercepts pointer events
retrying click action, attempt #42
  waiting 500ms
  waiting for element to be visible, enabled and stable
  element is visible, enabled and stable
  scrolling into view if needed
  done scrolling
  <div role="dialog" tabindex="-1" aria-modal="true" cl…>…</div> intercepts pointer events
retrying click action, attempt #43
  waiting 500ms
  waiting for element to be visible, enabled and stable
  element is visible, enabled and stable
  scrolling into view if needed
  done scrolling
  <div role="dialog" tabindex="-1" aria-modal="true" cl…>…</div> intercepts pointer events
retrying click action, attempt #44
  waiting 500ms
  waiting for element to be visible, enabled and stable
  element is visible, enabled and stable
  scrolling into view if needed
  done scrolling
  <div role="dialog" tabindex="-1" aria-modal="true" cl…>…</div> intercepts pointer events
retrying click action, attempt #45
  waiting 500ms
  waiting for element to be visible, enabled and stable
  element is visible, enabled and stable
  scrolling into view if needed
  done scrolling
  <div role="dialog" tabindex="-1" aria-modal="true" cl…>…</div> intercepts pointer events
retrying click action, attempt #46
  waiting 500ms
  waiting for element to be visible, enabled and stable
  element is visible, enabled and stable
  scrolling into view if needed
  done scrolling
  <div role="dialog" tabindex="-1" aria-modal="true" cl…>…</div> intercepts pointer events
retrying click action, attempt #47
  waiting 500ms
  waiting for element to be visible, enabled and stable
  element is visible, enabled and stable
  scrolling into view if needed
  done scrolling
  <div role="dialog" tabindex="-1" aria-modal="true" cl…>…</div> intercepts pointer events
retrying click action, attempt #48
  waiting 500ms
  waiting for element to be visible, enabled and stable
  element is visible, enabled and stable
  scrolling into view if needed
  done scrolling
  <div role="dialog" tabindex="-1" aria-modal="true" cl…>…</div> intercepts pointer events
retrying click action, attempt #49
  waiting 500ms
  waiting for element to be visible, enabled and stable
  element is visible, enabled and stable
  scrolling into view if needed
  done scrolling
  <div role="dialog" tabindex="-1" aria-modal="true" cl…>…</div> intercepts pointer events
retrying click action, attempt #50
  waiting 500ms
  waiting for element to be visible, enabled and stable
  element is visible, enabled and stable
  scrolling into view if needed
  done scrolling
  <div role="dialog" tabindex="-1" aria-modal="true" cl…>…</div> intercepts pointer events
retrying click action, attempt #51
  waiting 500ms
  waiting for element to be visible, enabled and stable
  element is visible, enabled and stable
  scrolling into view if needed
  done scrolling
  <div role="dialog" tabindex="-1" aria-modal="true" cl…>…</div> intercepts pointer events
retrying click action, attempt #52
  waiting 500ms
  waiting for element to be visible, enabled and stable
  element is visible, enabled and stable
  scrolling into view if needed
  done scrolling
  <div role="dialog" tabindex="-1" aria-modal="true" cl…>…</div> intercepts pointer events
retrying click action, attempt #53
  waiting 500ms
  waiting for element to be visible, enabled and stable
  element is visible, enabled and stable
  scrolling into view if needed
  done scrolling
  <div role="dialog" tabindex="-1" aria-modal="true" cl…>…</div> intercepts pointer events
retrying click action, attempt #54
  waiting 500ms
  waiting for element to be visible, enabled and stable
  element is visible, enabled and stable
  scrolling into view if needed
  done scrolling
  <div role="dialog" tabindex="-1" aria-modal="true" cl…>…</div> intercepts pointer events
retrying click action, attempt #55
  waiting 500ms
  waiting for element to be visible, enabled and stable
  element is visible, enabled and stable
  scrolling into view if needed
  done scrolling
  <div role="dialog" tabindex="-1" aria-modal="true" cl…>…</div> intercepts pointer events
retrying click action, attempt #56
  waiting 500ms
  waiting for element to be visible, enabled and stable
  element is visible, enabled and stable
  scrolling into view if needed
  done scrolling
  <div role="dialog" tabindex="-1" aria-modal="true" cl…>…</div> intercepts pointer events
retrying click action, attempt #57
  waiting 500ms
  waiting for element to be visible, enabled and stable
  element is visible, enabled and stable
  scrolling into view if needed
  done scrolling
  <div role="dialog" tabindex="-1" aria-modal="true" cl…>…</div> intercepts pointer events
retrying click action, attempt #58
  waiting 500ms
  waiting for element to be visible, enabled and stable
  element is visible, enabled and stable
  scrolling into view if needed
  done scrolling
  <div role="dialog" tabindex="-1" aria-modal="true" cl…>…</div> intercepts pointer events
retrying click action, attempt #59
  waiting 500ms
  waiting for element to be visible, enabled and stable
  element is visible, enabled and stable
  scrolling into view if needed
  done scrolling
  <div role="dialog" tabindex="-1" aria-modal="true" cl…>…</div> intercepts pointer events
retrying click action, attempt #60
  waiting 500ms
============================================================
    at ProgressController.run (C:\Users\Rhibhus\AppData\Local\Temp\playwright-java-13347389311006075013\package\lib\server\progress.js:88:26)
    at Frame.click (C:\Users\Rhibhus\AppData\Local\Temp\playwright-java-13347389311006075013\package\lib\server\frames.js:994:23)
    at FrameDispatcher.click (C:\Users\Rhibhus\AppData\Local\Temp\playwright-java-13347389311006075013\package\lib\server\dispatchers\frameDispatcher.js:154:30)
    at DispatcherConnection.dispatch (C:\Users\Rhibhus\AppData\Local\Temp\playwright-java-13347389311006075013\package\lib\server\dispatchers\dispatcher.js:313:46)
}]]>
            </message>
            <full-stacktrace>
              <![CDATA[com.microsoft.playwright.TimeoutError: Error {
  message='Timeout 30000ms exceeded.
=========================== logs ===========================
waiting for locator("xpath=//span[text()='SmartClass4']")
  locator resolved to <span class="ps-menu-label css-12w9als">SmartClass4</span>
attempting click action
  waiting for element to be visible, enabled and stable
  element is visible, enabled and stable
  scrolling into view if needed
  done scrolling
  <div role="dialog" tabindex="-1" aria-modal="true" cl…>…</div> intercepts pointer events
retrying click action, attempt #1
  waiting for element to be visible, enabled and stable
  element is visible, enabled and stable
  scrolling into view if needed
  done scrolling
  <div role="dialog" tabindex="-1" aria-modal="true" cl…>…</div> intercepts pointer events
retrying click action, attempt #2
  waiting 20ms
  waiting for element to be visible, enabled and stable
  element is visible, enabled and stable
  scrolling into view if needed
  done scrolling
  <div role="dialog" tabindex="-1" aria-modal="true" cl…>…</div> intercepts pointer events
retrying click action, attempt #3
  waiting 100ms
  waiting for element to be visible, enabled and stable
  element is visible, enabled and stable
  scrolling into view if needed
  done scrolling
  <div role="dialog" tabindex="-1" aria-modal="true" cl…>…</div> intercepts pointer events
retrying click action, attempt #4
  waiting 100ms
  waiting for element to be visible, enabled and stable
  element is visible, enabled and stable
  scrolling into view if needed
  done scrolling
  <div role="dialog" tabindex="-1" aria-modal="true" cl…>…</div> intercepts pointer events
retrying click action, attempt #5
  waiting 500ms
  waiting for element to be visible, enabled and stable
  element is visible, enabled and stable
  scrolling into view if needed
  done scrolling
  <div role="dialog" tabindex="-1" aria-modal="true" cl…>…</div> intercepts pointer events
retrying click action, attempt #6
  waiting 500ms
  waiting for element to be visible, enabled and stable
  element is visible, enabled and stable
  scrolling into view if needed
  done scrolling
  <div role="dialog" tabindex="-1" aria-modal="true" cl…>…</div> intercepts pointer events
retrying click action, attempt #7
  waiting 500ms
  waiting for element to be visible, enabled and stable
  element is visible, enabled and stable
  scrolling into view if needed
  done scrolling
  <div role="dialog" tabindex="-1" aria-modal="true" cl…>…</div> intercepts pointer events
retrying click action, attempt #8
  waiting 500ms
  waiting for element to be visible, enabled and stable
  element is visible, enabled and stable
  scrolling into view if needed
  done scrolling
  <div role="dialog" tabindex="-1" aria-modal="true" cl…>…</div> intercepts pointer events
retrying click action, attempt #9
  waiting 500ms
  waiting for element to be visible, enabled and stable
  element is visible, enabled and stable
  scrolling into view if needed
  done scrolling
  <div role="dialog" tabindex="-1" aria-modal="true" cl…>…</div> intercepts pointer events
retrying click action, attempt #10
  waiting 500ms
  waiting for element to be visible, enabled and stable
  element is visible, enabled and stable
  scrolling into view if needed
  done scrolling
  <div role="dialog" tabindex="-1" aria-modal="true" cl…>…</div> intercepts pointer events
retrying click action, attempt #11
  waiting 500ms
  waiting for element to be visible, enabled and stable
  element is visible, enabled and stable
  scrolling into view if needed
  done scrolling
  <div role="dialog" tabindex="-1" aria-modal="true" cl…>…</div> intercepts pointer events
retrying click action, attempt #12
  waiting 500ms
  waiting for element to be visible, enabled and stable
  element is visible, enabled and stable
  scrolling into view if needed
  done scrolling
  <div role="dialog" tabindex="-1" aria-modal="true" cl…>…</div> intercepts pointer events
retrying click action, attempt #13
  waiting 500ms
  waiting for element to be visible, enabled and stable
  element is visible, enabled and stable
  scrolling into view if needed
  done scrolling
  <div role="dialog" tabindex="-1" aria-modal="true" cl…>…</div> intercepts pointer events
retrying click action, attempt #14
  waiting 500ms
  waiting for element to be visible, enabled and stable
  element is visible, enabled and stable
  scrolling into view if needed
  done scrolling
  <div role="dialog" tabindex="-1" aria-modal="true" cl…>…</div> intercepts pointer events
retrying click action, attempt #15
  waiting 500ms
  waiting for element to be visible, enabled and stable
  element is visible, enabled and stable
  scrolling into view if needed
  done scrolling
  <div role="dialog" tabindex="-1" aria-modal="true" cl…>…</div> intercepts pointer events
retrying click action, attempt #16
  waiting 500ms
  waiting for element to be visible, enabled and stable
  element is visible, enabled and stable
  scrolling into view if needed
  done scrolling
  <div role="dialog" tabindex="-1" aria-modal="true" cl…>…</div> intercepts pointer events
retrying click action, attempt #17
  waiting 500ms
  waiting for element to be visible, enabled and stable
  element is visible, enabled and stable
  scrolling into view if needed
  done scrolling
  <div role="dialog" tabindex="-1" aria-modal="true" cl…>…</div> intercepts pointer events
retrying click action, attempt #18
  waiting 500ms
  waiting for element to be visible, enabled and stable
  element is visible, enabled and stable
  scrolling into view if needed
  done scrolling
  <div role="dialog" tabindex="-1" aria-modal="true" cl…>…</div> intercepts pointer events
retrying click action, attempt #19
  waiting 500ms
  waiting for element to be visible, enabled and stable
  element is visible, enabled and stable
  scrolling into view if needed
  done scrolling
  <div role="dialog" tabindex="-1" aria-modal="true" cl…>…</div> intercepts pointer events
retrying click action, attempt #20
  waiting 500ms
  waiting for element to be visible, enabled and stable
  element is visible, enabled and stable
  scrolling into view if needed
  done scrolling
  <div role="dialog" tabindex="-1" aria-modal="true" cl…>…</div> intercepts pointer events
retrying click action, attempt #21
  waiting 500ms
  waiting for element to be visible, enabled and stable
  element is visible, enabled and stable
  scrolling into view if needed
  done scrolling
  <div role="dialog" tabindex="-1" aria-modal="true" cl…>…</div> intercepts pointer events
retrying click action, attempt #22
  waiting 500ms
  waiting for element to be visible, enabled and stable
  element is visible, enabled and stable
  scrolling into view if needed
  done scrolling
  <div role="dialog" tabindex="-1" aria-modal="true" cl…>…</div> intercepts pointer events
retrying click action, attempt #23
  waiting 500ms
  waiting for element to be visible, enabled and stable
  element is visible, enabled and stable
  scrolling into view if needed
  done scrolling
  <div role="dialog" tabindex="-1" aria-modal="true" cl…>…</div> intercepts pointer events
retrying click action, attempt #24
  waiting 500ms
  waiting for element to be visible, enabled and stable
  element is visible, enabled and stable
  scrolling into view if needed
  done scrolling
  <div role="dialog" tabindex="-1" aria-modal="true" cl…>…</div> intercepts pointer events
retrying click action, attempt #25
  waiting 500ms
  waiting for element to be visible, enabled and stable
  element is visible, enabled and stable
  scrolling into view if needed
  done scrolling
  <div role="dialog" tabindex="-1" aria-modal="true" cl…>…</div> intercepts pointer events
retrying click action, attempt #26
  waiting 500ms
  waiting for element to be visible, enabled and stable
  element is visible, enabled and stable
  scrolling into view if needed
  done scrolling
  <div role="dialog" tabindex="-1" aria-modal="true" cl…>…</div> intercepts pointer events
retrying click action, attempt #27
  waiting 500ms
  waiting for element to be visible, enabled and stable
  element is visible, enabled and stable
  scrolling into view if needed
  done scrolling
  <div role="dialog" tabindex="-1" aria-modal="true" cl…>…</div> intercepts pointer events
retrying click action, attempt #28
  waiting 500ms
  waiting for element to be visible, enabled and stable
  element is visible, enabled and stable
  scrolling into view if needed
  done scrolling
  <div role="dialog" tabindex="-1" aria-modal="true" cl…>…</div> intercepts pointer events
retrying click action, attempt #29
  waiting 500ms
  waiting for element to be visible, enabled and stable
  element is visible, enabled and stable
  scrolling into view if needed
  done scrolling
  <div role="dialog" tabindex="-1" aria-modal="true" cl…>…</div> intercepts pointer events
retrying click action, attempt #30
  waiting 500ms
  waiting for element to be visible, enabled and stable
  element is visible, enabled and stable
  scrolling into view if needed
  done scrolling
  <div role="dialog" tabindex="-1" aria-modal="true" cl…>…</div> intercepts pointer events
retrying click action, attempt #31
  waiting 500ms
  waiting for element to be visible, enabled and stable
  element is visible, enabled and stable
  scrolling into view if needed
  done scrolling
  <div role="dialog" tabindex="-1" aria-modal="true" cl…>…</div> intercepts pointer events
retrying click action, attempt #32
  waiting 500ms
  waiting for element to be visible, enabled and stable
  element is visible, enabled and stable
  scrolling into view if needed
  done scrolling
  <div role="dialog" tabindex="-1" aria-modal="true" cl…>…</div> intercepts pointer events
retrying click action, attempt #33
  waiting 500ms
  waiting for element to be visible, enabled and stable
  element is visible, enabled and stable
  scrolling into view if needed
  done scrolling
  <div role="dialog" tabindex="-1" aria-modal="true" cl…>…</div> intercepts pointer events
retrying click action, attempt #34
  waiting 500ms
  waiting for element to be visible, enabled and stable
  element is visible, enabled and stable
  scrolling into view if needed
  done scrolling
  <div role="dialog" tabindex="-1" aria-modal="true" cl…>…</div> intercepts pointer events
retrying click action, attempt #35
  waiting 500ms
  waiting for element to be visible, enabled and stable
  element is visible, enabled and stable
  scrolling into view if needed
  done scrolling
  <div role="dialog" tabindex="-1" aria-modal="true" cl…>…</div> intercepts pointer events
retrying click action, attempt #36
  waiting 500ms
  waiting for element to be visible, enabled and stable
  element is visible, enabled and stable
  scrolling into view if needed
  done scrolling
  <div role="dialog" tabindex="-1" aria-modal="true" cl…>…</div> intercepts pointer events
retrying click action, attempt #37
  waiting 500ms
  waiting for element to be visible, enabled and stable
  element is visible, enabled and stable
  scrolling into view if needed
  done scrolling
  <div role="dialog" tabindex="-1" aria-modal="true" cl…>…</div> intercepts pointer events
retrying click action, attempt #38
  waiting 500ms
  waiting for element to be visible, enabled and stable
  element is visible, enabled and stable
  scrolling into view if needed
  done scrolling
  <div role="dialog" tabindex="-1" aria-modal="true" cl…>…</div> intercepts pointer events
retrying click action, attempt #39
  waiting 500ms
  waiting for element to be visible, enabled and stable
  element is visible, enabled and stable
  scrolling into view if needed
  done scrolling
  <div role="dialog" tabindex="-1" aria-modal="true" cl…>…</div> intercepts pointer events
retrying click action, attempt #40
  waiting 500ms
  waiting for element to be visible, enabled and stable
  element is visible, enabled and stable
  scrolling into view if needed
  done scrolling
  <div role="dialog" tabindex="-1" aria-modal="true" cl…>…</div> intercepts pointer events
retrying click action, attempt #41
  waiting 500ms
  waiting for element to be visible, enabled and stable
  element is visible, enabled and stable
  scrolling into view if needed
  done scrolling
  <div role="dialog" tabindex="-1" aria-modal="true" cl…>…</div> intercepts pointer events
retrying click action, attempt #42
  waiting 500ms
  waiting for element to be visible, enabled and stable
  element is visible, enabled and stable
  scrolling into view if needed
  done scrolling
  <div role="dialog" tabindex="-1" aria-modal="true" cl…>…</div> intercepts pointer events
retrying click action, attempt #43
  waiting 500ms
  waiting for element to be visible, enabled and stable
  element is visible, enabled and stable
  scrolling into view if needed
  done scrolling
  <div role="dialog" tabindex="-1" aria-modal="true" cl…>…</div> intercepts pointer events
retrying click action, attempt #44
  waiting 500ms
  waiting for element to be visible, enabled and stable
  element is visible, enabled and stable
  scrolling into view if needed
  done scrolling
  <div role="dialog" tabindex="-1" aria-modal="true" cl…>…</div> intercepts pointer events
retrying click action, attempt #45
  waiting 500ms
  waiting for element to be visible, enabled and stable
  element is visible, enabled and stable
  scrolling into view if needed
  done scrolling
  <div role="dialog" tabindex="-1" aria-modal="true" cl…>…</div> intercepts pointer events
retrying click action, attempt #46
  waiting 500ms
  waiting for element to be visible, enabled and stable
  element is visible, enabled and stable
  scrolling into view if needed
  done scrolling
  <div role="dialog" tabindex="-1" aria-modal="true" cl…>…</div> intercepts pointer events
retrying click action, attempt #47
  waiting 500ms
  waiting for element to be visible, enabled and stable
  element is visible, enabled and stable
  scrolling into view if needed
  done scrolling
  <div role="dialog" tabindex="-1" aria-modal="true" cl…>…</div> intercepts pointer events
retrying click action, attempt #48
  waiting 500ms
  waiting for element to be visible, enabled and stable
  element is visible, enabled and stable
  scrolling into view if needed
  done scrolling
  <div role="dialog" tabindex="-1" aria-modal="true" cl…>…</div> intercepts pointer events
retrying click action, attempt #49
  waiting 500ms
  waiting for element to be visible, enabled and stable
  element is visible, enabled and stable
  scrolling into view if needed
  done scrolling
  <div role="dialog" tabindex="-1" aria-modal="true" cl…>…</div> intercepts pointer events
retrying click action, attempt #50
  waiting 500ms
  waiting for element to be visible, enabled and stable
  element is visible, enabled and stable
  scrolling into view if needed
  done scrolling
  <div role="dialog" tabindex="-1" aria-modal="true" cl…>…</div> intercepts pointer events
retrying click action, attempt #51
  waiting 500ms
  waiting for element to be visible, enabled and stable
  element is visible, enabled and stable
  scrolling into view if needed
  done scrolling
  <div role="dialog" tabindex="-1" aria-modal="true" cl…>…</div> intercepts pointer events
retrying click action, attempt #52
  waiting 500ms
[...]
                <![CDATA[//p[text()='Begin to demarcate speech; Apply other Y3 punctuation, with support']/../span]]>
              </value>
            </param>
            <param index="7">
              <value>
                <![CDATA[//p[text()='Develop some consistency in sticking to the correct tense']/../span]]>
              </value>
            </param>
            <param index="8">
              <value>
                <![CDATA[//p[text()='Develop confidence in joining some letters, with support']/../span]]>
              </value>
            </param>
            <param index="9">
              <value>
                <![CDATA[//p[text()='Add suffixes to spell some longer words correctly, including -ment, -ness, -ful, -less, -ly']/../span]]>
              </value>
            </param>
            <param index="10">
              <value>
                <![CDATA[//p[text()='Correctly spell most words from the year 1 / 2 spelling list and some from the year 3 / 4 list']/../span]]>
              </value>
            </param>
            <param index="11">
              <value>
                <![CDATA[//p[text()='Express time or cause with a growing variety of conjunctions, adverbs and prepositions']/../span]]>
              </value>
            </param>
            <param index="12">
              <value>
                <![CDATA[//p[text()='BELOW']/../span]]>
              </value>
            </param>
            <param index="13">
              <value>
                <![CDATA[ 4Working Below]]>
              </value>
            </param>
          </params>
          <reporter-output>
          </reporter-output>
        </test-method> <!-- addcase -->
        <test-method signature="addcase(java.lang.String,java.lang.String,java.lang.String,java.lang.String,java.lang.String,java.lang.String,java.lang.String,java.lang.String,java.lang.String,java.lang.String,java.lang.String,java.lang.String,java.lang.String,java.lang.String)[pri:1, instance:com.qa.beameducation.testscripts.Class4Test@b9b00e0]" started-at="2023-12-26T12:34:44 IST" name="addcase" data-provider="Beam" finished-at="2023-12-26T12:35:22 IST" duration-ms="38187" status="PASS">
          <params>
            <param index="0">
              <value>
                <![CDATA[Case161]]>
              </value>
            </param>
            <param index="1">
              <value>
                <![CDATA[//p[text()='Choose some vocabulary for impact; automatically use a range of sentence structures']/../span]]>
              </value>
            </param>
            <param index="2">
              <value>
                <![CDATA[//p[text()='Create appropriate headings and sub-headings for non-fiction; begin to include other features, with some success']/../span]]>
              </value>
            </param>
            <param index="3">
              <value>
                <![CDATA[//p[text()='Group similar ideas together to create a simple paragraph']/../span]]>
              </value>
            </param>
            <param index="4">
              <value>
                <![CDATA[//p[text()='Begin to include more ambitious details in narratives']/../span]]>
              </value>
            </param>
            <param index="5">
              <value>
                <![CDATA[//p[text()='Use simple success criteria, if needed, to begin to write for a given purpose']/../span]]>
              </value>
            </param>
            <param index="6">
              <value>
                <![CDATA[//p[text()='Demarcate some sentences with capital letters and full stops']/../span]]>
              </value>
            </param>
            <param index="7">
              <value>
                <![CDATA[//p[text()='Confidently use the present perfect verb form and past tense; transcribe independently']/../span]]>
              </value>
            </param>
            <param index="8">
              <value>
                <![CDATA[//p[text()='With support, join many letters with diagonal and horizontal strokes']/../span]]>
              </value>
            </param>
            <param index="9">
              <value>
                <![CDATA[//p[text()='Correctly spell words with suffixes beginning with vowel letters; understand when to double the final consonant in the root word']/../span]]>
              </value>
            </param>
            <param index="10">
              <value>
                <![CDATA[//p[text()='Use most Year 2 spelling rules in written work, practising new spellings for known phonemes']/../span]]>
              </value>
            </param>
            <param index="11">
              <value>
                <![CDATA[//p[text()='Use simple phrases to show time of day or sequence ideas: e.g. next, first, before, during, that night...']/../span]]>
              </value>
            </param>
            <param index="12">
              <value>
                <![CDATA[//p[text()='Choose appropriate nouns or pronouns to make meanings clear and avoid repetition']/../span]]>
              </value>
            </param>
            <param index="13">
              <value>
                <![CDATA[ 4Working Towards Good Just]]>
              </value>
            </param>
          </params>
          <reporter-output>
          </reporter-output>
        </test-method> <!-- addcase -->
        <test-method signature="addcase(java.lang.String,java.lang.String,java.lang.String,java.lang.String,java.lang.String,java.lang.String,java.lang.String,java.lang.String,java.lang.String,java.lang.String,java.lang.String,java.lang.String,java.lang.String,java.lang.String)[pri:1, instance:com.qa.beameducation.testscripts.Class4Test@b9b00e0]" started-at="2023-12-26T12:35:22 IST" name="addcase" data-provider="Beam" finished-at="2023-12-26T12:36:00 IST" duration-ms="37508" status="PASS">
          <params>
            <param index="0">
              <value>
                <![CDATA[Case162]]>
              </value>
            </param>
            <param index="1">
              <value>
                <![CDATA[//p[text()='Plan multiple sentence ideas, with support']/../span]]>
              </value>
            </param>
            <param index="2">
              <value>
                <![CDATA[//p[text()='Create appropriate headings for the text type, using some sub-headings for clarity']/../span]]>
              </value>
            </param>
            <param index="3">
              <value>
                <![CDATA[//p[text()='Begin to group sentences by subject or sentence type']/../span]]>
              </value>
            </param>
            <param index="4">
              <value>
                <![CDATA[//p[text()='Select setting and characters; develop a simple plot']/../span]]>
              </value>
            </param>
            <param index="5">
              <value>
                <![CDATA[//p[text()='Write for different purposes, identifying audience']/../span]]>
              </value>
            </param>
            <param index="6">
              <value>
                <![CDATA[//p[text()='Punctuate direct speech correctly most of the time; use other Y4 punctuation; begin to use commas for meaning']/../span]]>
              </value>
            </param>
            <param index="7">
              <value>
                <![CDATA[//p[text()='Use past and present tense correctly, when rehearsing sentences aloud; transcribe with some success']/../span]]>
              </value>
            </param>
            <param index="8">
              <value>
                <![CDATA[//p[text()='Produce legible handwriting, albeit inconsistently; know most letter combinations that should stay unjoined']/../span]]>
              </value>
            </param>
            <param index="9">
              <value>
                <![CDATA[//p[text()='Add suffixes to spell most words correctly in writing, e.g. –ment, –ness, –ful, –less, –ly']/../span]]>
              </value>
            </param>
            <param index="10">
              <value>
                <![CDATA[//p[text()='Apply many Year 3 spellings, including: y (myth), ou (touch), -sion (division), ch (machine), ei (eight)']/../span]]>
              </value>
            </param>
            <param index="11">
              <value>
                <![CDATA[//p[text()='Express cause or reasoning with conjunctions, such as: due to, after, rather than…']/../span]]>
              </value>
            </param>
            <param index="12">
              <value>
                <![CDATA[//p[text()='Choose appropriate nouns or pronouns to make meanings clear and avoid repetition']/../span]]>
              </value>
            </param>
            <param index="13">
              <value>
                <![CDATA[ 4Working Below]]>
              </value>
            </param>
          </params>
          <reporter-output>
          </reporter-output>
        </test-method> <!-- addcase -->
        <test-method signature="addcase(java.lang.String,java.lang.String,java.lang.String,java.lang.String,java.lang.String,java.lang.String,java.lang.String,java.lang.String,java.lang.String,java.lang.String,java.lang.String,java.lang.String,java.lang.String,java.lang.String)[pri:1, instance:com.qa.beameducation.testscripts.Class4Test@b9b00e0]" started-at="2023-12-26T12:36:00 IST" name="addcase" data-provider="Beam" finished-at="2023-12-26T12:36:38 IST" duration-ms="37929" status="PASS">
          <params>
            <param index="0">
              <value>
                <![CDATA[Case163]]>
              </value>
            </param>
            <param index="1">
              <value>
                <![CDATA[//p[text()='Compose sentences with simple, accurate dialogue, including indication of the speaker']/../span ]]>
              </value>
            </param>
            <param index="2">
              <value>
                <![CDATA[//p[text()='Select from appropriate headings provided']/../span]]>
              </value>
            </param>
            <param index="3">
              <value>
                <![CDATA[//p[text()='Group sentences to create paragraphs with some success']/../span]]>
              </value>
            </param>
            <param index="4">
              <value>
                <![CDATA[//p[text()='Create appropriate settings, characters and plot, taking inspiration from modelled stories']/../span]]>
              </value>
            </param>
            <param index="5">
              <value>
                <![CDATA[//p[text()='Attempt writing for different purposes, even if the purpose is unclear']/../span]]>
              </value>
            </param>
            <param index="6">
              <value>
                <![CDATA[//p[text()='Begin to demarcate speech; Apply other Y3 punctuation, with support']/../span]]>
              </value>
            </param>
            <param index="7">
              <value>
                <![CDATA[//p[text()='Apply present perfect verb form and past tense (e.g. I have cooked and I cooked); transcribe with limited support']/../span]]>
              </value>
            </param>
            <param index="8">
              <value>
                <![CDATA[//p[text()='With support, join many letters with diagonal and horizontal strokes']/../span]]>
              </value>
            </param>
            <param index="9">
              <value>
                <![CDATA[//p[text()='BELOW']/../span]]>
              </value>
            </param>
            <param index="10">
              <value>
                <![CDATA[//p[text()='Apply some Y3 spellings rules in writing']/../span]]>
              </value>
            </param>
            <param index="11">
              <value>
                <![CDATA[//p[text()='Express time or cause with a growing variety of conjunctions, adverbs and prepositions']/../span]]>
              </value>
            </param>
            <param index="12">
              <value>
                <![CDATA[//p[text()='BELOW']/../span]]>
              </value>
            </param>
            <param index="13">
              <value>
                <![CDATA[ 4Working Below]]>
              </value>
            </param>
          </params>
          <reporter-output>
          </reporter-output>
        </test-method> <!-- addcase -->
        <test-method signature="addcase(java.lang.String,java.lang.String,java.lang.String,java.lang.String,java.lang.String,java.lang.String,java.lang.String,java.lang.String,java.lang.String,java.lang.String,java.lang.String,java.lang.String,java.lang.String,java.lang.String)[pri:1, instance:com.qa.beameducation.testscripts.Class4Test@b9b00e0]" started-at="2023-12-26T12:36:38 IST" name="addcase" data-provider="Beam" finished-at="2023-12-26T12:37:16 IST" duration-ms="38186" status="PASS">
          <params>
            <param index="0">
              <value>
                <![CDATA[Case164]]>
              </value>
            </param>
            <param index="1">
              <value>
                <![CDATA[//p[text()='Compose sentences aloud (including direct speech and some variety in sentence structure); transcribe plausibly']/../span]]>
              </value>
            </param>
            <param index="2">
              <value>
                <![CDATA[//p[text()='Create appropriate headings and sub-headings for non-fiction; begin to include other features, with some success']/../span]]>
              </value>
            </param>
            <param index="3">
              <value>
                <![CDATA[//p[text()='Independently organise writing into paragraphs with some success']/../span]]>
              </value>
            </param>
            <param index="4">
              <value>
                <![CDATA[//p[text()='Write sentences that are sequenced to form a short narrative (real or fictional)']/../span]]>
              </value>
            </param>
            <param index="5">
              <value>
                <![CDATA[//p[text()='Write for different purposes, identifying audience']/../span]]>
              </value>
            </param>
            <param index="6">
              <value>
                <![CDATA[//p[text()='Demarcate some sentences with capital letters and full stops']/../span]]>
              </value>
            </param>
            <param index="7">
              <value>
                <![CDATA[//p[text()='Proof-read and make revisions for tense-verb agreement']/../span]]>
              </value>
            </param>
            <param index="8">
              <value>
                <![CDATA[//p[text()='With support, join most letters with diagonal and horizontal strokes']/../span]]>
              </value>
            </param>
            <param index="9">
              <value>
                <![CDATA[//p[text()='Use Y4 prefixes: sub-, inter- suffixes: -ous, -ation, -ly (looking at exceptions), suffixes beginning with a vowel: -er, -ing, -en, -erred']/../span]]>
              </value>
            </param>
            <param index="10">
              <value>
                <![CDATA[//p[text()='Confidently use Y4 spelling rules to attempt unfamiliar spellings']/../span]]>
              </value>
            </param>
            <param index="11">
              <value>
                <![CDATA[//p[text()='Use simple phrases to show time of day or sequence ideas: e.g. next, first, before, during, that night...']/../span]]>
              </value>
            </param>
            <param index="12">
              <value>
                <![CDATA[//p[text()='Practise replacing proper nouns with pronouns to avoid repitition']/../span]]>
              </value>
            </param>
            <param index="13">
              <value>
                <![CDATA[ 4Working Below]]>
              </value>
            </param>
          </params>
          <reporter-output>
          </reporter-output>
        </test-method> <!-- addcase -->
        <test-method signature="addcase(java.lang.String,java.lang.String,java.lang.String,java.lang.String,java.lang.String,java.lang.String,java.lang.String,java.lang.String,java.lang.String,java.lang.String,java.lang.String,java.lang.String,java.lang.String,java.lang.String)[pri:1, instance:com.qa.beameducation.testscripts.Class4Test@b9b00e0]" started-at="2023-12-26T12:37:16 IST" name="addcase" data-provider="Beam" finished-at="2023-12-26T12:37:53 IST" duration-ms="37443" status="PASS">
          <params>
            <param index="0">
              <value>
                <![CDATA[Case165]]>
              </value>
            </param>
            <param index="1">
              <value>
                <![CDATA[//p[text()='Plan multiple sentence ideas, with support']/../span]]>
              </value>
            </param>
            <param index="2">
              <value>
                <![CDATA[//p[text()='Select simple, appropriate non-fiction devices (e.g. sub-headings, time connectives, diagrams) to structure writing, with success criteria']/../span]]>
              </value>
            </param>
            <param index="3">
              <value>
                <![CDATA[//p[text()='Begin to group sentences by subject or sentence type']/../span]]>
              </value>
            </param>
            <param index="4">
              <value>
                <![CDATA[//p[text()='BELOW']/../span]]>
              </value>
            </param>
            <param index="5">
              <value>
                <![CDATA[//p[text()='Use simple success criteria, if needed, to begin to write for a given purpose']/../span]]>
              </value>
            </param>
            <param index="6">
              <value>
                <![CDATA[//p[text()='BELOW']/../span]]>
              </value>
            </param>
            <param index="7">
              <value>
                <![CDATA[//p[text()='BELOW']/../span]]>
              </value>
            </param>
            <param index="8">
              <value>
                <![CDATA[//p[text()='Make attempts to join some letters, albeit inconsistently']/../span]]>
              </value>
            </param>
            <param index="9">
              <value>
                <![CDATA[//p[text()='Practise and apply Y3 prefixes']/../span]]>
              </value>
            </param>
            <param index="10">
              <value>
                <![CDATA[//p[text()='Apply many Year 3 spellings, including: y (myth), ou (touch), -sion (division), ch (machine), ei (eight)']/../span]]>
              </value>
            </param>
            <param index="11">
              <value>
                <![CDATA[//p[text()='Use simple phrases to show time of day or sequence ideas: e.g. next, first, before, during, that night...']/../span]]>
              </value>
            </param>
            <param index="12">
              <value>
                <![CDATA[//p[text()='Choose appropriate nouns or pronouns to make meanings clear and avoid repetition']/../span]]>
              </value>
            </param>
            <param index="13">
              <value>
                <![CDATA[ 4Working Below]]>
              </value>
            </param>
          </params>
          <reporter-output>
          </reporter-output>
        </test-method> <!-- addcase -->
      </class> <!-- com.qa.beameducation.testscripts.Class4Test -->
    </test> <!-- Default test -->
  </suite> <!-- Default suite -->
</testng-results>
