<?xml version="1.0" encoding="UTF-8"?>
<!-- Generated by org.testng.reporters.JUnitXMLReporter -->
<testsuite ignored="0" hostname="DESKTOP-BI3CN01" failures="4" tests="58" name="Default test" time="2122.375" errors="0" timestamp="2023-12-26T12:37:53 IST">
  <testcase classname="com.qa.beameducation.testscripts.Class4Test" name="addcase" time="31.802">
    <failure type="java.lang.AssertionError" message="Both are equal expected [ 4Working Below] but found [ 4Working Towards Good Just]">
      <![CDATA[java.lang.AssertionError: Both are equal expected [ 4Working Below] but found [ 4Working Towards Good Just]
at org.testng.Assert.fail(Assert.java:111)
at org.testng.Assert.failNotEquals(Assert.java:1578)
at org.testng.Assert.assertEqualsImpl(Assert.java:150)
at org.testng.Assert.assertEquals(Assert.java:132)
at org.testng.Assert.assertEquals(Assert.java:656)
at com.qa.beameducation.testscripts.Class4Test.addcase(Class4Test.java:148)
at java.base/jdk.internal.reflect.NativeMethodAccessorImpl.invoke0(Native Method)
at java.base/jdk.internal.reflect.NativeMethodAccessorImpl.invoke(NativeMethodAccessorImpl.java:77)
at java.base/jdk.internal.reflect.DelegatingMethodAccessorImpl.invoke(DelegatingMethodAccessorImpl.java:43)
at java.base/java.lang.reflect.Method.invoke(Method.java:568)
at org.testng.internal.invokers.MethodInvocationHelper.invokeMethod(MethodInvocationHelper.java:139)
at org.testng.internal.invokers.TestInvoker.invokeMethod(TestInvoker.java:664)
at org.testng.internal.invokers.TestInvoker.invokeTestMethod(TestInvoker.java:227)
at org.testng.internal.invokers.MethodRunner.runInSequence(MethodRunner.java:50)
at org.testng.internal.invokers.TestInvoker$MethodInvocationAgent.invoke(TestInvoker.java:957)
at org.testng.internal.invokers.TestInvoker.invokeTestMethods(TestInvoker.java:200)
at org.testng.internal.invokers.TestMethodWorker.invokeTestMethods(TestMethodWorker.java:148)
at org.testng.internal.invokers.TestMethodWorker.run(TestMethodWorker.java:128)
at java.base/java.util.ArrayList.forEach(ArrayList.java:1511)
at org.testng.TestRunner.privateRun(TestRunner.java:848)
at org.testng.TestRunner.run(TestRunner.java:621)
at org.testng.SuiteRunner.runTest(SuiteRunner.java:443)
at org.testng.SuiteRunner.runSequentially(SuiteRunner.java:437)
at org.testng.SuiteRunner.privateRun(SuiteRunner.java:397)
at org.testng.SuiteRunner.run(SuiteRunner.java:336)
at org.testng.SuiteRunnerWorker.runSuite(SuiteRunnerWorker.java:52)
at org.testng.SuiteRunnerWorker.run(SuiteRunnerWorker.java:95)
at org.testng.TestNG.runSuitesSequentially(TestNG.java:1280)
at org.testng.TestNG.runSuitesLocally(TestNG.java:1200)
at org.testng.TestNG.runSuites(TestNG.java:1114)
at org.testng.TestNG.run(TestNG.java:1082)
at org.testng.remote.AbstractRemoteTestNG.run(AbstractRemoteTestNG.java:115)
at org.testng.remote.RemoteTestNG.initAndRun(RemoteTestNG.java:251)
at org.testng.remote.RemoteTestNG.main(RemoteTestNG.java:77)
]]>
    </failure>
  </testcase> <!-- addcase -->
  <testcase classname="com.qa.beameducation.testscripts.Class4Test" name="addcase" time="20.838">
    <failure type="com.microsoft.playwright.PlaywrightException" message="Error {
  message=&amp;apos;DOMException: Failed to execute &amp;apos;evaluate&amp;apos; on &amp;apos;Document&amp;apos;: The string &amp;apos;//p[text()=&amp;apos;Express cause or reasoning with conjunctions, such as: due to, after, rather than…&amp;apos;]/../spanorking Towards Good Just&amp;apos; is not a valid XPath expression.
    at Object.queryAll (&amp;lt;anonymous&amp;gt;:23:25)
    at InjectedScript._queryEngineAll (&amp;lt;anonymous&amp;gt;:4761:49)
    at InjectedScript.querySelectorAll (&amp;lt;anonymous&amp;gt;:4748:30)
    at eval (eval at evaluate (:216:30), &amp;lt;anonymous&amp;gt;:4:35)
    at UtilityScript.evaluate (&amp;lt;anonymous&amp;gt;:218:17)
    at UtilityScript.&amp;lt;anonymous&amp;gt; (&amp;lt;anonymous&amp;gt;:1:44)
=========================== logs ===========================
waiting for locator(&amp;quot;xpath=//p[text()=&amp;apos;Express cause or reasoning with conjunctions, such as: due to, after, rather than…&amp;apos;]/../spanorking Towards Good Just&amp;quot;)
============================================================
  name=&amp;apos;Error
  stack=&amp;apos;Error: DOMException: Failed to execute &amp;apos;evaluate&amp;apos; on &amp;apos;Document&amp;apos;: The string &amp;apos;//p[text()=&amp;apos;Express cause or reasoning with conjunctions, such as: due to, after, rather than…&amp;apos;]/../spanorking Towards Good Just&amp;apos; is not a valid XPath expression.
    at Object.queryAll (&amp;lt;anonymous&amp;gt;:23:25)
    at InjectedScript._queryEngineAll (&amp;lt;anonymous&amp;gt;:4761:49)
    at InjectedScript.querySelectorAll (&amp;lt;anonymous&amp;gt;:4748:30)
    at eval (eval at evaluate (:216:30), &amp;lt;anonymous&amp;gt;:4:35)
    at UtilityScript.evaluate (&amp;lt;anonymous&amp;gt;:218:17)
    at UtilityScript.&amp;lt;anonymous&amp;gt; (&amp;lt;anonymous&amp;gt;:1:44)
=========================== logs ===========================
waiting for locator(&amp;quot;xpath=//p[text()=&amp;apos;Express cause or reasoning with conjunctions, such as: due to, after, rather than…&amp;apos;]/../spanorking Towards Good Just&amp;quot;)
============================================================
    at Object.queryAll (&amp;lt;anonymous&amp;gt;:23:25)
    at InjectedScript._queryEngineAll (&amp;lt;anonymous&amp;gt;:4761:49)
    at InjectedScript.querySelectorAll (&amp;lt;anonymous&amp;gt;:4748:30)
    at eval (eval at evaluate (:216:30), &amp;lt;anonymous&amp;gt;:4:35)
    at UtilityScript.evaluate (&amp;lt;anonymous&amp;gt;:218:17)
    at UtilityScript.&amp;lt;anonymous&amp;gt; (&amp;lt;anonymous&amp;gt;:1:44)
    at CRExecutionContext.evaluateWithArguments (C:\Users\Rhibhus\AppData\Local\Temp\playwright-java-13347389311006075013\package\lib\server\chromium\crExecutionContext.js:92:33)
    at async LongStandingScope._race (C:\Users\Rhibhus\AppData\Local\Temp\playwright-java-13347389311006075013\package\lib\utils\manualPromise.js:98:14)
    at async evaluateExpression (C:\Users\Rhibhus\AppData\Local\Temp\playwright-java-13347389311006075013\package\lib\server\javascript.js:241:12)
    at async C:\Users\Rhibhus\AppData\Local\Temp\playwright-java-13347389311006075013\package\lib\server\frames.js:940:22
    at async Frame.retryWithProgressAndTimeouts (C:\Users\Rhibhus\AppData\Local\Temp\playwright-java-13347389311006075013\package\lib\server\frames.js:911:24)
    at async C:\Users\Rhibhus\AppData\Local\Temp\playwright-java-13347389311006075013\package\lib\server\frames.js:995:29
    at async ProgressController.run (C:\Users\Rhibhus\AppData\Local\Temp\playwright-java-13347389311006075013\package\lib\server\progress.js:92:22)
    at async FrameDispatcher.click (C:\Users\Rhibhus\AppData\Local\Temp\playwright-java-13347389311006075013\package\lib\server\dispatchers\frameDispatcher.js:154:12)
    at async DispatcherConnection.dispatch (C:\Users\Rhibhus\AppData\Local\Temp\playwright-java-13347389311006075013\package\lib\server\dispatchers\dispatcher.js:313:22)
}">
      <![CDATA[com.microsoft.playwright.PlaywrightException: Error {
  message='DOMException: Failed to execute 'evaluate' on 'Document': The string '//p[text()='Express cause or reasoning with conjunctions, such as: due to, after, rather than…']/../spanorking Towards Good Just' is not a valid XPath expression.
    at Object.queryAll (<anonymous>:23:25)
    at InjectedScript._queryEngineAll (<anonymous>:4761:49)
    at InjectedScript.querySelectorAll (<anonymous>:4748:30)
    at eval (eval at evaluate (:216:30), <anonymous>:4:35)
    at UtilityScript.evaluate (<anonymous>:218:17)
    at UtilityScript.<anonymous> (<anonymous>:1:44)
=========================== logs ===========================
waiting for locator("xpath=//p[text()='Express cause or reasoning with conjunctions, such as: due to, after, rather than…']/../spanorking Towards Good Just")
============================================================
  name='Error
  stack='Error: DOMException: Failed to execute 'evaluate' on 'Document': The string '//p[text()='Express cause or reasoning with conjunctions, such as: due to, after, rather than…']/../spanorking Towards Good Just' is not a valid XPath expression.
    at Object.queryAll (<anonymous>:23:25)
    at InjectedScript._queryEngineAll (<anonymous>:4761:49)
    at InjectedScript.querySelectorAll (<anonymous>:4748:30)
    at eval (eval at evaluate (:216:30), <anonymous>:4:35)
    at UtilityScript.evaluate (<anonymous>:218:17)
    at UtilityScript.<anonymous> (<anonymous>:1:44)
=========================== logs ===========================
waiting for locator("xpath=//p[text()='Express cause or reasoning with conjunctions, such as: due to, after, rather than…']/../spanorking Towards Good Just")
============================================================
    at Object.queryAll (<anonymous>:23:25)
    at InjectedScript._queryEngineAll (<anonymous>:4761:49)
    at InjectedScript.querySelectorAll (<anonymous>:4748:30)
    at eval (eval at evaluate (:216:30), <anonymous>:4:35)
    at UtilityScript.evaluate (<anonymous>:218:17)
    at UtilityScript.<anonymous> (<anonymous>:1:44)
    at CRExecutionContext.evaluateWithArguments (C:\Users\Rhibhus\AppData\Local\Temp\playwright-java-13347389311006075013\package\lib\server\chromium\crExecutionContext.js:92:33)
    at async LongStandingScope._race (C:\Users\Rhibhus\AppData\Local\Temp\playwright-java-13347389311006075013\package\lib\utils\manualPromise.js:98:14)
    at async evaluateExpression (C:\Users\Rhibhus\AppData\Local\Temp\playwright-java-13347389311006075013\package\lib\server\javascript.js:241:12)
    at async C:\Users\Rhibhus\AppData\Local\Temp\playwright-java-13347389311006075013\package\lib\server\frames.js:940:22
    at async Frame.retryWithProgressAndTimeouts (C:\Users\Rhibhus\AppData\Local\Temp\playwright-java-13347389311006075013\package\lib\server\frames.js:911:24)
    at async C:\Users\Rhibhus\AppData\Local\Temp\playwright-java-13347389311006075013\package\lib\server\frames.js:995:29
    at async ProgressController.run (C:\Users\Rhibhus\AppData\Local\Temp\playwright-java-13347389311006075013\package\lib\server\progress.js:92:22)
    at async FrameDispatcher.click (C:\Users\Rhibhus\AppData\Local\Temp\playwright-java-13347389311006075013\package\lib\server\dispatchers\frameDispatcher.js:154:12)
    at async DispatcherConnection.dispatch (C:\Users\Rhibhus\AppData\Local\Temp\playwright-java-13347389311006075013\package\lib\server\dispatchers\dispatcher.js:313:22)
}
at com.microsoft.playwright.impl.WaitableResult.get(WaitableResult.java:54)
at com.microsoft.playwright.impl.ChannelOwner.runUntil(ChannelOwner.java:111)
at com.microsoft.playwright.impl.Connection.sendMessage(Connection.java:126)
at com.microsoft.playwright.impl.ChannelOwner.sendMessage(ChannelOwner.java:102)
at com.microsoft.playwright.impl.FrameImpl.clickImpl(FrameImpl.java:252)
at com.microsoft.playwright.impl.PageImpl.lambda$click$17(PageImpl.java:577)
at com.microsoft.playwright.impl.LoggingSupport.lambda$withLogging$0(LoggingSupport.java:36)
at com.microsoft.playwright.impl.LoggingSupport.withLogging(LoggingSupport.java:47)
at com.microsoft.playwright.impl.ChannelOwner.withLogging(ChannelOwner.java:87)
at com.microsoft.playwright.impl.LoggingSupport.withLogging(LoggingSupport.java:35)
at com.microsoft.playwright.impl.PageImpl.click(PageImpl.java:576)
at com.microsoft.playwright.Page.click(Page.java:3741)
at com.qa.beameducation.testscripts.Class4Test.addcase(Class4Test.java:107)
at java.base/jdk.internal.reflect.NativeMethodAccessorImpl.invoke0(Native Method)
at java.base/jdk.internal.reflect.NativeMethodAccessorImpl.invoke(NativeMethodAccessorImpl.java:77)
at java.base/jdk.internal.reflect.DelegatingMethodAccessorImpl.invoke(DelegatingMethodAccessorImpl.java:43)
at java.base/java.lang.reflect.Method.invoke(Method.java:568)
at org.testng.internal.invokers.MethodInvocationHelper.invokeMethod(MethodInvocationHelper.java:139)
at org.testng.internal.invokers.TestInvoker.invokeMethod(TestInvoker.java:664)
at org.testng.internal.invokers.TestInvoker.invokeTestMethod(TestInvoker.java:227)
at org.testng.internal.invokers.MethodRunner.runInSequence(MethodRunner.java:50)
at org.testng.internal.invokers.TestInvoker$MethodInvocationAgent.invoke(TestInvoker.java:957)
at org.testng.internal.invokers.TestInvoker.invokeTestMethods(TestInvoker.java:200)
at org.testng.internal.invokers.TestMethodWorker.invokeTestMethods(TestMethodWorker.java:148)
at org.testng.internal.invokers.TestMethodWorker.run(TestMethodWorker.java:128)
at java.base/java.util.ArrayList.forEach(ArrayList.java:1511)
at org.testng.TestRunner.privateRun(TestRunner.java:848)
at org.testng.TestRunner.run(TestRunner.java:621)
at org.testng.SuiteRunner.runTest(SuiteRunner.java:443)
at org.testng.SuiteRunner.runSequentially(SuiteRunner.java:437)
at org.testng.SuiteRunner.privateRun(SuiteRunner.java:397)
at org.testng.SuiteRunner.run(SuiteRunner.java:336)
at org.testng.SuiteRunnerWorker.runSuite(SuiteRunnerWorker.java:52)
at org.testng.SuiteRunnerWorker.run(SuiteRunnerWorker.java:95)
at org.testng.TestNG.runSuitesSequentially(TestNG.java:1280)
at org.testng.TestNG.runSuitesLocally(TestNG.java:1200)
at org.testng.TestNG.runSuites(TestNG.java:1114)
at org.testng.TestNG.run(TestNG.java:1082)
at org.testng.remote.AbstractRemoteTestNG.run(AbstractRemoteTestNG.java:115)
at org.testng.remote.RemoteTestNG.initAndRun(RemoteTestNG.java:251)
at org.testng.remote.RemoteTestNG.main(RemoteTestNG.java:77)
Caused by: com.microsoft.playwright.impl.DriverException: Error {
  message='DOMException: Failed to execute 'evaluate' on 'Document': The string '//p[text()='Express cause or reasoning with conjunctions, such as: due to, after, rather than…']/../spanorking Towards Good Just' is not a valid XPath expression.
    at Object.queryAll (<anonymous>:23:25)
    at InjectedScript._queryEngineAll (<anonymous>:4761:49)
    at InjectedScript.querySelectorAll (<anonymous>:4748:30)
    at eval (eval at evaluate (:216:30), <anonymous>:4:35)
    at UtilityScript.evaluate (<anonymous>:218:17)
    at UtilityScript.<anonymous> (<anonymous>:1:44)
=========================== logs ===========================
waiting for locator("xpath=//p[text()='Express cause or reasoning with conjunctions, such as: due to, after, rather than…']/../spanorking Towards Good Just")
============================================================
  name='Error
  stack='Error: DOMException: Failed to execute 'evaluate' on 'Document': The string '//p[text()='Express cause or reasoning with conjunctions, such as: due to, after, rather than…']/../spanorking Towards Good Just' is not a valid XPath expression.
    at Object.queryAll (<anonymous>:23:25)
    at InjectedScript._queryEngineAll (<anonymous>:4761:49)
    at InjectedScript.querySelectorAll (<anonymous>:4748:30)
    at eval (eval at evaluate (:216:30), <anonymous>:4:35)
    at UtilityScript.evaluate (<anonymous>:218:17)
    at UtilityScript.<anonymous> (<anonymous>:1:44)
=========================== logs ===========================
waiting for locator("xpath=//p[text()='Express cause or reasoning with conjunctions, such as: due to, after, rather than…']/../spanorking Towards Good Just")
============================================================
    at Object.queryAll (<anonymous>:23:25)
    at InjectedScript._queryEngineAll (<anonymous>:4761:49)
    at InjectedScript.querySelectorAll (<anonymous>:4748:30)
    at eval (eval at evaluate (:216:30), <anonymous>:4:35)
    at UtilityScript.evaluate (<anonymous>:218:17)
    at UtilityScript.<anonymous> (<anonymous>:1:44)
    at CRExecutionContext.evaluateWithArguments (C:\Users\Rhibhus\AppData\Local\Temp\playwright-java-13347389311006075013\package\lib\server\chromium\crExecutionContext.js:92:33)
    at async LongStandingScope._race (C:\Users\Rhibhus\AppData\Local\Temp\playwright-java-13347389311006075013\package\lib\utils\manualPromise.js:98:14)
    at async evaluateExpression (C:\Users\Rhibhus\AppData\Local\Temp\playwright-java-13347389311006075013\package\lib\server\javascript.js:241:12)
    at async C:\Users\Rhibhus\AppData\Local\Temp\playwright-java-13347389311006075013\package\lib\server\frames.js:940:22
    at async Frame.retryWithProgressAndTimeouts (C:\Users\Rhibhus\AppData\Local\Temp\playwright-java-13347389311006075013\package\lib\server\frames.js:911:24)
    at async C:\Users\Rhibhus\AppData\Local\Temp\playwright-java-13347389311006075013\package\lib\server\frames.js:995:29
    at async ProgressController.run (C:\Users\Rhibhus\AppData\Local\Temp\playwright-java-13347389311006075013\package\lib\server\progress.js:92:22)
    at async FrameDispatcher.click (C:\Users\Rhibhus\AppData\Local\Temp\playwright-java-13347389311006075013\package\lib\server\dispatchers\frameDispatcher.js:154:12)
    at async DispatcherConnection.dispatch (C:\Users\Rhibhus\AppData\Local\Temp\playwright-java-13347389311006075013\package\lib\server\dispatchers\dispatcher.js:313:22)
}
at com.microsoft.playwright.impl.Connection.dispatch(Connection.java:226)
at com.microsoft.playwright.impl.Connection.processOneMessage(Connection.java:206)
at com.microsoft.playwright.impl.ChannelOwner.runUntil(ChannelOwner.java:109)
... 39 more
]]>
    </failure>
  </testcase> <!-- addcase -->
  <testcase classname="com.qa.beameducation.testscripts.Class4Test" name="addcase" time="30.079">
    <failure type="com.microsoft.playwright.TimeoutError" message="Error {
  message=&amp;apos;Timeout 30000ms exceeded.
=========================== logs ===========================
waiting for locator(&amp;quot;xpath=//span[text()=&amp;apos;SmartClass4&amp;apos;]&amp;quot;)
  locator resolved to &amp;lt;span class=&amp;quot;ps-menu-label css-12w9als&amp;quot;&amp;gt;SmartClass4&amp;lt;/span&amp;gt;
attempting click action
  waiting for element to be visible, enabled and stable
  element is visible, enabled and stable
  scrolling into view if needed
  done scrolling
  &amp;lt;div role=&amp;quot;dialog&amp;quot; tabindex=&amp;quot;-1&amp;quot; aria-modal=&amp;quot;true&amp;quot; cl…&amp;gt;…&amp;lt;/div&amp;gt; intercepts pointer events
retrying click action, attempt #1
  waiting for element to be visible, enabled and stable
  element is visible, enabled and stable
  scrolling into view if needed
  done scrolling
  &amp;lt;div role=&amp;quot;dialog&amp;quot; tabindex=&amp;quot;-1&amp;quot; aria-modal=&amp;quot;true&amp;quot; cl…&amp;gt;…&amp;lt;/div&amp;gt; intercepts pointer events
retrying click action, attempt #2
  waiting 20ms
  waiting for element to be visible, enabled and stable
  element is visible, enabled and stable
  scrolling into view if needed
  done scrolling
  &amp;lt;div role=&amp;quot;dialog&amp;quot; tabindex=&amp;quot;-1&amp;quot; aria-modal=&amp;quot;true&amp;quot; cl…&amp;gt;…&amp;lt;/div&amp;gt; intercepts pointer events
retrying click action, attempt #3
  waiting 100ms
  waiting for element to be visible, enabled and stable
  element is visible, enabled and stable
  scrolling into view if needed
  done scrolling
  &amp;lt;div role=&amp;quot;dialog&amp;quot; tabindex=&amp;quot;-1&amp;quot; aria-modal=&amp;quot;true&amp;quot; cl…&amp;gt;…&amp;lt;/div&amp;gt; intercepts pointer events
retrying click action, attempt #4
  waiting 100ms
  waiting for element to be visible, enabled and stable
  element is visible, enabled and stable
  scrolling into view if needed
  done scrolling
  &amp;lt;div role=&amp;quot;dialog&amp;quot; tabindex=&amp;quot;-1&amp;quot; aria-modal=&amp;quot;true&amp;quot; cl…&amp;gt;…&amp;lt;/div&amp;gt; intercepts pointer events
retrying click action, attempt #5
  waiting 500ms
  waiting for element to be visible, enabled and stable
  element is visible, enabled and stable
  scrolling into view if needed
  done scrolling
  &amp;lt;div role=&amp;quot;dialog&amp;quot; tabindex=&amp;quot;-1&amp;quot; aria-modal=&amp;quot;true&amp;quot; cl…&amp;gt;…&amp;lt;/div&amp;gt; intercepts pointer events
retrying click action, attempt #6
  waiting 500ms
  waiting for element to be visible, enabled and stable
  element is visible, enabled and stable
  scrolling into view if needed
  done scrolling
  &amp;lt;div role=&amp;quot;dialog&amp;quot; tabindex=&amp;quot;-1&amp;quot; aria-modal=&amp;quot;true&amp;quot; cl…&amp;gt;…&amp;lt;/div&amp;gt; intercepts pointer events
retrying click action, attempt #7
  waiting 500ms
  waiting for element to be visible, enabled and stable
  element is visible, enabled and stable
  scrolling into view if needed
  done scrolling
  &amp;lt;div role=&amp;quot;dialog&amp;quot; tabindex=&amp;quot;-1&amp;quot; aria-modal=&amp;quot;true&amp;quot; cl…&amp;gt;…&amp;lt;/div&amp;gt; intercepts pointer events
retrying click action, attempt #8
  waiting 500ms
  waiting for element to be visible, enabled and stable
  element is visible, enabled and stable
  scrolling into view if needed
  done scrolling
  &amp;lt;div role=&amp;quot;dialog&amp;quot; tabindex=&amp;quot;-1&amp;quot; aria-modal=&amp;quot;true&amp;quot; cl…&amp;gt;…&amp;lt;/div&amp;gt; intercepts pointer events
retrying click action, attempt #9
  waiting 500ms
  waiting for element to be visible, enabled and stable
  element is visible, enabled and stable
  scrolling into view if needed
  done scrolling
  &amp;lt;div role=&amp;quot;dialog&amp;quot; tabindex=&amp;quot;-1&amp;quot; aria-modal=&amp;quot;true&amp;quot; cl…&amp;gt;…&amp;lt;/div&amp;gt; intercepts pointer events
retrying click action, attempt #10
  waiting 500ms
  waiting for element to be visible, enabled and stable
  element is visible, enabled and stable
  scrolling into view if needed
  done scrolling
  &amp;lt;div role=&amp;quot;dialog&amp;quot; tabindex=&amp;quot;-1&amp;quot; aria-modal=&amp;quot;true&amp;quot; cl…&amp;gt;…&amp;lt;/div&amp;gt; intercepts pointer events
retrying click action, attempt #11
  waiting 500ms
  waiting for element to be visible, enabled and stable
  element is visible, enabled and stable
  scrolling into view if needed
  done scrolling
  &amp;lt;div role=&amp;quot;dialog&amp;quot; tabindex=&amp;quot;-1&amp;quot; aria-modal=&amp;quot;true&amp;quot; cl…&amp;gt;…&amp;lt;/div&amp;gt; intercepts pointer events
retrying click action, attempt #12
  waiting 500ms
  waiting for element to be visible, enabled and stable
  element is visible, enabled and stable
  scrolling into view if needed
  done scrolling
  &amp;lt;div role=&amp;quot;dialog&amp;quot; tabindex=&amp;quot;-1&amp;quot; aria-modal=&amp;quot;true&amp;quot; cl…&amp;gt;…&amp;lt;/div&amp;gt; intercepts pointer events
retrying click action, attempt #13
  waiting 500ms
  waiting for element to be visible, enabled and stable
  element is visible, enabled and stable
  scrolling into view if needed
  done scrolling
  &amp;lt;div role=&amp;quot;dialog&amp;quot; tabindex=&amp;quot;-1&amp;quot; aria-modal=&amp;quot;true&amp;quot; cl…&amp;gt;…&amp;lt;/div&amp;gt; intercepts pointer events
retrying click action, attempt #14
  waiting 500ms
  waiting for element to be visible, enabled and stable
  element is visible, enabled and stable
  scrolling into view if needed
  done scrolling
  &amp;lt;div role=&amp;quot;dialog&amp;quot; tabindex=&amp;quot;-1&amp;quot; aria-modal=&amp;quot;true&amp;quot; cl…&amp;gt;…&amp;lt;/div&amp;gt; intercepts pointer events
retrying click action, attempt #15
  waiting 500ms
  waiting for element to be visible, enabled and stable
  element is visible, enabled and stable
  scrolling into view if needed
  done scrolling
  &amp;lt;div role=&amp;quot;dialog&amp;quot; tabindex=&amp;quot;-1&amp;quot; aria-modal=&amp;quot;true&amp;quot; cl…&amp;gt;…&amp;lt;/div&amp;gt; intercepts pointer events
retrying click action, attempt #16
  waiting 500ms
  waiting for element to be visible, enabled and stable
  element is visible, enabled and stable
  scrolling into view if needed
  done scrolling
  &amp;lt;div role=&amp;quot;dialog&amp;quot; tabindex=&amp;quot;-1&amp;quot; aria-modal=&amp;quot;true&amp;quot; cl…&amp;gt;…&amp;lt;/div&amp;gt; intercepts pointer events
retrying click action, attempt #17
  waiting 500ms
  waiting for element to be visible, enabled and stable
  element is visible, enabled and stable
  scrolling into view if needed
  done scrolling
  &amp;lt;div role=&amp;quot;dialog&amp;quot; tabindex=&amp;quot;-1&amp;quot; aria-modal=&amp;quot;true&amp;quot; cl…&amp;gt;…&amp;lt;/div&amp;gt; intercepts pointer events
retrying click action, attempt #18
  waiting 500ms
  waiting for element to be visible, enabled and stable
  element is visible, enabled and stable
  scrolling into view if needed
  done scrolling
  &amp;lt;div role=&amp;quot;dialog&amp;quot; tabindex=&amp;quot;-1&amp;quot; aria-modal=&amp;quot;true&amp;quot; cl…&amp;gt;…&amp;lt;/div&amp;gt; intercepts pointer events
retrying click action, attempt #19
  waiting 500ms
  waiting for element to be visible, enabled and stable
  element is visible, enabled and stable
  scrolling into view if needed
  done scrolling
  &amp;lt;div role=&amp;quot;dialog&amp;quot; tabindex=&amp;quot;-1&amp;quot; aria-modal=&amp;quot;true&amp;quot; cl…&amp;gt;…&amp;lt;/div&amp;gt; intercepts pointer events
retrying click action, attempt #20
  waiting 500ms
  waiting for element to be visible, enabled and stable
  element is visible, enabled and stable
  scrolling into view if needed
  done scrolling
  &amp;lt;div role=&amp;quot;dialog&amp;quot; tabindex=&amp;quot;-1&amp;quot; aria-modal=&amp;quot;true&amp;quot; cl…&amp;gt;…&amp;lt;/div&amp;gt; intercepts pointer events
retrying click action, attempt #21
  waiting 500ms
  waiting for element to be visible, enabled and stable
  element is visible, enabled and stable
  scrolling into view if needed
  done scrolling
  &amp;lt;div role=&amp;quot;dialog&amp;quot; tabindex=&amp;quot;-1&amp;quot; aria-modal=&amp;quot;true&amp;quot; cl…&amp;gt;…&amp;lt;/div&amp;gt; intercepts pointer events
retrying click action, attempt #22
  waiting 500ms
  waiting for element to be visible, enabled and stable
  element is visible, enabled and stable
  scrolling into view if needed
  done scrolling
  &amp;lt;div role=&amp;quot;dialog&amp;quot; tabindex=&amp;quot;-1&amp;quot; aria-modal=&amp;quot;true&amp;quot; cl…&amp;gt;…&amp;lt;/div&amp;gt; intercepts pointer events
retrying click action, attempt #23
  waiting 500ms
  waiting for element to be visible, enabled and stable
  element is visible, enabled and stable
  scrolling into view if needed
  done scrolling
  &amp;lt;div role=&amp;quot;dialog&amp;quot; tabindex=&amp;quot;-1&amp;quot; aria-modal=&amp;quot;true&amp;quot; cl…&amp;gt;…&amp;lt;/div&amp;gt; intercepts pointer events
retrying click action, attempt #24
  waiting 500ms
  waiting for element to be visible, enabled and stable
  element is visible, enabled and stable
  scrolling into view if needed
  done scrolling
  &amp;lt;div role=&amp;quot;dialog&amp;quot; tabindex=&amp;quot;-1&amp;quot; aria-modal=&amp;quot;true&amp;quot; cl…&amp;gt;…&amp;lt;/div&amp;gt; intercepts pointer events
retrying click action, attempt #25
  waiting 500ms
  waiting for element to be visible, enabled and stable
  element is visible, enabled and stable
  scrolling into view if needed
  done scrolling
  &amp;lt;div role=&amp;quot;dialog&amp;quot; tabindex=&amp;quot;-1&amp;quot; aria-modal=&amp;quot;true&amp;quot; cl…&amp;gt;…&amp;lt;/div&amp;gt; intercepts pointer events
retrying click action, attempt #26
  waiting 500ms
  waiting for element to be visible, enabled and stable
  element is visible, enabled and stable
  scrolling into view if needed
  done scrolling
  &amp;lt;div role=&amp;quot;dialog&amp;quot; tabindex=&amp;quot;-1&amp;quot; aria-modal=&amp;quot;true&amp;quot; cl…&amp;gt;…&amp;lt;/div&amp;gt; intercepts pointer events
retrying click action, attempt #27
  waiting 500ms
  waiting for element to be visible, enabled and stable
  element is visible, enabled and stable
  scrolling into view if needed
  done scrolling
  &amp;lt;div role=&amp;quot;dialog&amp;quot; tabindex=&amp;quot;-1&amp;quot; aria-modal=&amp;quot;true&amp;quot; cl…&amp;gt;…&amp;lt;/div&amp;gt; intercepts pointer events
retrying click action, attempt #28
  waiting 500ms
  waiting for element to be visible, enabled and stable
  element is visible, enabled and stable
  scrolling into view if needed
  done scrolling
  &amp;lt;div role=&amp;quot;dialog&amp;quot; tabindex=&amp;quot;-1&amp;quot; aria-modal=&amp;quot;true&amp;quot; cl…&amp;gt;…&amp;lt;/div&amp;gt; intercepts pointer events
retrying click action, attempt #29
  waiting 500ms
  waiting for element to be visible, enabled and stable
  element is visible, enabled and stable
  scrolling into view if needed
  done scrolling
  &amp;lt;div role=&amp;quot;dialog&amp;quot; tabindex=&amp;quot;-1&amp;quot; aria-modal=&amp;quot;true&amp;quot; cl…&amp;gt;…&amp;lt;/div&amp;gt; intercepts pointer events
retrying click action, attempt #30
  waiting 500ms
  waiting for element to be visible, enabled and stable
  element is visible, enabled and stable
  scrolling into view if needed
  done scrolling
  &amp;lt;div role=&amp;quot;dialog&amp;quot; tabindex=&amp;quot;-1&amp;quot; aria-modal=&amp;quot;true&amp;quot; cl…&amp;gt;…&amp;lt;/div&amp;gt; intercepts pointer events
retrying click action, attempt #31
  waiting 500ms
  waiting for element to be visible, enabled and stable
  element is visible, enabled and stable
  scrolling into view if needed
  done scrolling
  &amp;lt;div role=&amp;quot;dialog&amp;quot; tabindex=&amp;quot;-1&amp;quot; aria-modal=&amp;quot;true&amp;quot; cl…&amp;gt;…&amp;lt;/div&amp;gt; intercepts pointer events
retrying click action, attempt #32
  waiting 500ms
  waiting for element to be visible, enabled and stable
  element is visible, enabled and stable
  scrolling into view if needed
  done scrolling
  &amp;lt;div role=&amp;quot;dialog&amp;quot; tabindex=&amp;quot;-1&amp;quot; aria-modal=&amp;quot;true&amp;quot; cl…&amp;gt;…&amp;lt;/div&amp;gt; intercepts pointer events
retrying click action, attempt #33
  waiting 500ms
  waiting for element to be visible, enabled and stable
  element is visible, enabled and stable
  scrolling into view if needed
  done scrolling
  &amp;lt;div role=&amp;quot;dialog&amp;quot; tabindex=&amp;quot;-1&amp;quot; aria-modal=&amp;quot;true&amp;quot; cl…&amp;gt;…&amp;lt;/div&amp;gt; intercepts pointer events
retrying click action, attempt #34
  waiting 500ms
  waiting for element to be visible, enabled and stable
  element is visible, enabled and stable
  scrolling into view if needed
  done scrolling
  &amp;lt;div role=&amp;quot;dialog&amp;quot; tabindex=&amp;quot;-1&amp;quot; aria-modal=&amp;quot;true&amp;quot; cl…&amp;gt;…&amp;lt;/div&amp;gt; intercepts pointer events
retrying click action, attempt #35
  waiting 500ms
  waiting for element to be visible, enabled and stable
  element is visible, enabled and stable
  scrolling into view if needed
  done scrolling
  &amp;lt;div role=&amp;quot;dialog&amp;quot; tabindex=&amp;quot;-1&amp;quot; aria-modal=&amp;quot;true&amp;quot; cl…&amp;gt;…&amp;lt;/div&amp;gt; intercepts pointer events
retrying click action, attempt #36
  waiting 500ms
  waiting for element to be visible, enabled and stable
  element is visible, enabled and stable
  scrolling into view if needed
  done scrolling
  &amp;lt;div role=&amp;quot;dialog&amp;quot; tabindex=&amp;quot;-1&amp;quot; aria-modal=&amp;quot;true&amp;quot; cl…&amp;gt;…&amp;lt;/div&amp;gt; intercepts pointer events
retrying click action, attempt #37
  waiting 500ms
  waiting for element to be visible, enabled and stable
  element is visible, enabled and stable
  scrolling into view if needed
  done scrolling
  &amp;lt;div role=&amp;quot;dialog&amp;quot; tabindex=&amp;quot;-1&amp;quot; aria-modal=&amp;quot;true&amp;quot; cl…&amp;gt;…&amp;lt;/div&amp;gt; intercepts pointer events
retrying click action, attempt #38
  waiting 500ms
  waiting for element to be visible, enabled and stable
  element is visible, enabled and stable
  scrolling into view if needed
  done scrolling
  &amp;lt;div role=&amp;quot;dialog&amp;quot; tabindex=&amp;quot;-1&amp;quot; aria-modal=&amp;quot;true&amp;quot; cl…&amp;gt;…&amp;lt;/div&amp;gt; intercepts pointer events
retrying click action, attempt #39
  waiting 500ms
  waiting for element to be visible, enabled and stable
  element is visible, enabled and stable
  scrolling into view if needed
  done scrolling
  &amp;lt;div role=&amp;quot;dialog&amp;quot; tabindex=&amp;quot;-1&amp;quot; aria-modal=&amp;quot;true&amp;quot; cl…&amp;gt;…&amp;lt;/div&amp;gt; intercepts pointer events
retrying click action, attempt #40
  waiting 500ms
  waiting for element to be visible, enabled and stable
  element is visible, enabled and stable
  scrolling into view if needed
  done scrolling
  &amp;lt;div role=&amp;quot;dialog&amp;quot; tabindex=&amp;quot;-1&amp;quot; aria-modal=&amp;quot;true&amp;quot; cl…&amp;gt;…&amp;lt;/div&amp;gt; intercepts pointer events
retrying click action, attempt #41
  waiting 500ms
  waiting for element to be visible, enabled and stable
  element is visible, enabled and stable
  scrolling into view if needed
  done scrolling
  &amp;lt;div role=&amp;quot;dialog&amp;quot; tabindex=&amp;quot;-1&amp;quot; aria-modal=&amp;quot;true&amp;quot; cl…&amp;gt;…&amp;lt;/div&amp;gt; intercepts pointer events
retrying click action, attempt #42
  waiting 500ms
  waiting for element to be visible, enabled and stable
  element is visible, enabled and stable
  scrolling into view if needed
  done scrolling
  &amp;lt;div role=&amp;quot;dialog&amp;quot; tabindex=&amp;quot;-1&amp;quot; aria-modal=&amp;quot;true&amp;quot; cl…&amp;gt;…&amp;lt;/div&amp;gt; intercepts pointer events
retrying click action, attempt #43
  waiting 500ms
  waiting for element to be visible, enabled and stable
  element is visible, enabled and stable
  scrolling into view if needed
  done scrolling
  &amp;lt;div role=&amp;quot;dialog&amp;quot; tabindex=&amp;quot;-1&amp;quot; aria-modal=&amp;quot;true&amp;quot; cl…&amp;gt;…&amp;lt;/div&amp;gt; intercepts pointer events
retrying click action, attempt #44
  waiting 500ms
  waiting for element to be visible, enabled and stable
  element is visible, enabled and stable
  scrolling into view if needed
  done scrolling
  &amp;lt;div role=&amp;quot;dialog&amp;quot; tabindex=&amp;quot;-1&amp;quot; aria-modal=&amp;quot;true&amp;quot; cl…&amp;gt;…&amp;lt;/div&amp;gt; intercepts pointer events
retrying click action, attempt #45
  waiting 500ms
  waiting for element to be visible, enabled and stable
  element is visible, enabled and stable
  scrolling into view if needed
  done scrolling
  &amp;lt;div role=&amp;quot;dialog&amp;quot; tabindex=&amp;quot;-1&amp;quot; aria-modal=&amp;quot;true&amp;quot; cl…&amp;gt;…&amp;lt;/div&amp;gt; intercepts pointer events
retrying click action, attempt #46
  waiting 500ms
  waiting for element to be visible, enabled and stable
  element is visible, enabled and stable
  scrolling into view if needed
  done scrolling
  &amp;lt;div role=&amp;quot;dialog&amp;quot; tabindex=&amp;quot;-1&amp;quot; aria-modal=&amp;quot;true&amp;quot; cl…&amp;gt;…&amp;lt;/div&amp;gt; intercepts pointer events
retrying click action, attempt #47
  waiting 500ms
  waiting for element to be visible, enabled and stable
  element is visible, enabled and stable
  scrolling into view if needed
  done scrolling
  &amp;lt;div role=&amp;quot;dialog&amp;quot; tabindex=&amp;quot;-1&amp;quot; aria-modal=&amp;quot;true&amp;quot; cl…&amp;gt;…&amp;lt;/div&amp;gt; intercepts pointer events
retrying click action, attempt #48
  waiting 500ms
  waiting for element to be visible, enabled and stable
  element is visible, enabled and stable
  scrolling into view if needed
  done scrolling
  &amp;lt;div role=&amp;quot;dialog&amp;quot; tabindex=&amp;quot;-1&amp;quot; aria-modal=&amp;quot;true&amp;quot; cl…&amp;gt;…&amp;lt;/div&amp;gt; intercepts pointer events
retrying click action, attempt #49
  waiting 500ms
  waiting for element to be visible, enabled and stable
  element is visible, enabled and stable
  scrolling into view if needed
  done scrolling
  &amp;lt;div role=&amp;quot;dialog&amp;quot; tabindex=&amp;quot;-1&amp;quot; aria-modal=&amp;quot;true&amp;quot; cl…&amp;gt;…&amp;lt;/div&amp;gt; intercepts pointer events
retrying click action, attempt #50
  waiting 500ms
  waiting for element to be visible, enabled and stable
  element is visible, enabled and stable
  scrolling into view if needed
  done scrolling
  &amp;lt;div role=&amp;quot;dialog&amp;quot; tabindex=&amp;quot;-1&amp;quot; aria-modal=&amp;quot;true&amp;quot; cl…&amp;gt;…&amp;lt;/div&amp;gt; intercepts pointer events
retrying click action, attempt #51
  waiting 500ms
  waiting for element to be visible, enabled and stable
  element is visible, enabled and stable
  scrolling into view if needed
  done scrolling
  &amp;lt;div role=&amp;quot;dialog&amp;quot; tabindex=&amp;quot;-1&amp;quot; aria-modal=&amp;quot;true&amp;quot; cl…&amp;gt;…&amp;lt;/div&amp;gt; intercepts pointer events
retrying click action, attempt #52
  waiting 500ms
  waiting for element to be visible, enabled and stable
  element is visible, enabled and stable
  scrolling into view if needed
  done scrolling
  &amp;lt;div role=&amp;quot;dialog&amp;quot; tabindex=&amp;quot;-1&amp;quot; aria-modal=&amp;quot;true&amp;quot; cl…&amp;gt;…&amp;lt;/div&amp;gt; intercepts pointer events
retrying click action, attempt #53
  waiting 500ms
  waiting for element to be visible, enabled and stable
  element is visible, enabled and stable
  scrolling into view if needed
  done scrolling
  &amp;lt;div role=&amp;quot;dialog&amp;quot; tabindex=&amp;quot;-1&amp;quot; aria-modal=&amp;quot;true&amp;quot; cl…&amp;gt;…&amp;lt;/div&amp;gt; intercepts pointer events
retrying click action, attempt #54
  waiting 500ms
  waiting for element to be visible, enabled and stable
  element is visible, enabled and stable
  scrolling into view if needed
  done scrolling
  &amp;lt;div role=&amp;quot;dialog&amp;quot; tabindex=&amp;quot;-1&amp;quot; aria-modal=&amp;quot;true&amp;quot; cl…&amp;gt;…&amp;lt;/div&amp;gt; intercepts pointer events
retrying click action, attempt #55
  waiting 500ms
  waiting for element to be visible, enabled and stable
  element is visible, enabled and stable
  scrolling into view if needed
  done scrolling
  &amp;lt;div role=&amp;quot;dialog&amp;quot; tabindex=&amp;quot;-1&amp;quot; aria-modal=&amp;quot;true&amp;quot; cl…&amp;gt;…&amp;lt;/div&amp;gt; intercepts pointer events
retrying click action, attempt #56
  waiting 500ms
  waiting for element to be visible, enabled and stable
  element is visible, enabled and stable
  scrolling into view if needed
  done scrolling
  &amp;lt;div role=&amp;quot;dialog&amp;quot; tabindex=&amp;quot;-1&amp;quot; aria-modal=&amp;quot;true&amp;quot; cl…&amp;gt;…&amp;lt;/div&amp;gt; intercepts pointer events
retrying click action, attempt #57
  waiting 500ms
  waiting for element to be visible, enabled and stable
  element is visible, enabled and stable
  scrolling into view if needed
  done scrolling
  &amp;lt;div role=&amp;quot;dialog&amp;quot; tabindex=&amp;quot;-1&amp;quot; aria-modal=&amp;quot;true&amp;quot; cl…&amp;gt;…&amp;lt;/div&amp;gt; intercepts pointer events
retrying click action, attempt #58
  waiting 500ms
  waiting for element to be visible, enabled and stable
  element is visible, enabled and stable
  scrolling into view if needed
  done scrolling
  &amp;lt;div role=&amp;quot;dialog&amp;quot; tabindex=&amp;quot;-1&amp;quot; aria-modal=&amp;quot;true&amp;quot; cl…&amp;gt;…&amp;lt;/div&amp;gt; intercepts pointer events
retrying click action, attempt #59
  waiting 500ms
  waiting for element to be visible, enabled and stable
  element is visible, enabled and stable
  scrolling into view if needed
  done scrolling
  &amp;lt;div role=&amp;quot;dialog&amp;quot; tabindex=&amp;quot;-1&amp;quot; aria-modal=&amp;quot;true&amp;quot; cl…&amp;gt;…&amp;lt;/div&amp;gt; intercepts pointer events
retrying click action, attempt #60
  waiting 500ms
============================================================
  name=&amp;apos;TimeoutError
  stack=&amp;apos;TimeoutError: Timeout 30000ms exceeded.
=========================== logs ===========================
waiting for locator(&amp;quot;xpath=//span[text()=&amp;apos;SmartClass4&amp;apos;]&amp;quot;)
  locator resolved to &amp;lt;span class=&amp;quot;ps-menu-label css-12w9als&amp;quot;&amp;gt;SmartClass4&amp;lt;/span&amp;gt;
attempting click action
  waiting for element to be visible, enabled and stable
  element is visible, enabled and stable
  scrolling into view if needed
  done scrolling
  &amp;lt;div role=&amp;quot;dialog&amp;quot; tabindex=&amp;quot;-1&amp;quot; aria-modal=&amp;quot;true&amp;quot; cl…&amp;gt;…&amp;lt;/div&amp;gt; intercepts pointer events
retrying click action, attempt #1
  waiting for element to be visible, enabled and stable
  element is visible, enabled and stable
  scrolling into view if needed
  done scrolling
  &amp;lt;div role=&amp;quot;dialog&amp;quot; tabindex=&amp;quot;-1&amp;quot; aria-modal=&amp;quot;true&amp;quot; cl…&amp;gt;…&amp;lt;/div&amp;gt; intercepts pointer events
retrying click action, attempt #2
  waiting 20ms
  waiting for element to be visible, enabled and stable
  element is visible, enabled and stable
  scrolling into view if needed
  done scrolling
  &amp;lt;div role=&amp;quot;dialog&amp;quot; tabindex=&amp;quot;-1&amp;quot; aria-modal=&amp;quot;true&amp;quot; cl…&amp;gt;…&amp;lt;/div&amp;gt; intercepts pointer events
retrying click action, attempt #3
  waiting 100ms
  waiting for element to be visible, enabled and stable
  element is visible, enabled and stable
  scrolling into view if needed
  done scrolling
  &amp;lt;div role=&amp;quot;dialog&amp;quot; tabindex=&amp;quot;-1&amp;quot; aria-modal=&amp;quot;true&amp;quot; cl…&amp;gt;…&amp;lt;/div&amp;gt; intercepts pointer events
retrying click action, attempt #4
  waiting 100ms
  waiting for element to be visible, enabled and stable
  element is visible, enabled and stable
  scrolling into view if needed
  done scrolling
  &amp;lt;div role=&amp;quot;dialog&amp;quot; tabindex=&amp;quot;-1&amp;quot; aria-modal=&amp;quot;true&amp;quot; cl…&amp;gt;…&amp;lt;/div&amp;gt; intercepts pointer events
retrying click action, attempt #5
  waiting 500ms
  waiting for element to be visible, enabled and stable
  element is visible, enabled and stable
  scrolling into view if needed
  done scrolling
  &amp;lt;div role=&amp;quot;dialog&amp;quot; tabindex=&amp;quot;-1&amp;quot; aria-modal=&amp;quot;true&amp;quot; cl…&amp;gt;…&amp;lt;/div&amp;gt; intercepts pointer events
retrying click action, attempt #6
  waiting 500ms
  waiting for element to be visible, enabled and stable
  element is visible, enabled and stable
  scrolling into view if needed
  done scrolling
  &amp;lt;div role=&amp;quot;dialog&amp;quot; tabindex=&amp;quot;-1&amp;quot; aria-modal=&amp;quot;true&amp;quot; cl…&amp;gt;…&amp;lt;/div&amp;gt; intercepts pointer events
retrying click action, attempt #7
  waiting 500ms
  waiting for element to be visible, enabled and stable
  element is visible, enabled and stable
  scrolling into view if needed
  done scrolling
  &amp;lt;div role=&amp;quot;dialog&amp;quot; tabindex=&amp;quot;-1&amp;quot; aria-modal=&amp;quot;true&amp;quot; cl…&amp;gt;…&amp;lt;/div&amp;gt; intercepts pointer events
retrying click action, attempt #8
  waiting 500ms
  waiting for element to be visible, enabled and stable
  element is visible, enabled and stable
  scrolling into view if needed
  done scrolling
  &amp;lt;div role=&amp;quot;dialog&amp;quot; tabindex=&amp;quot;-1&amp;quot; aria-modal=&amp;quot;true&amp;quot; cl…&amp;gt;…&amp;lt;/div&amp;gt; intercepts pointer events
retrying click action, attempt #9
  waiting 500ms
  waiting for element to be visible, enabled and stable
  element is visible, enabled and stable
  scrolling into view if needed
  done scrolling
  &amp;lt;div role=&amp;quot;dialog&amp;quot; tabindex=&amp;quot;-1&amp;quot; aria-modal=&amp;quot;true&amp;quot; cl…&amp;gt;…&amp;lt;/div&amp;gt; intercepts pointer events
retrying click action, attempt #10
  waiting 500ms
  waiting for element to be visible, enabled and stable
  element is visible, enabled and stable
  scrolling into view if needed
  done scrolling
  &amp;lt;div role=&amp;quot;dialog&amp;quot; tabindex=&amp;quot;-1&amp;quot; aria-modal=&amp;quot;true&amp;quot; cl…&amp;gt;…&amp;lt;/div&amp;gt; intercepts pointer events
retrying click action, attempt #11
  waiting 500ms
  waiting for element to be visible, enabled and stable
  element is visible, enabled and stable
  scrolling into view if needed
  done scrolling
  &amp;lt;div role=&amp;quot;dialog&amp;quot; tabindex=&amp;quot;-1&amp;quot; aria-modal=&amp;quot;true&amp;quot; cl…&amp;gt;…&amp;lt;/div&amp;gt; intercepts pointer events
retrying click action, attempt #12
  waiting 500ms
  waiting for element to be visible, enabled and stable
  element is visible, enabled and stable
  scrolling into view if needed
  done scrolling
  &amp;lt;div role=&amp;quot;dialog&amp;quot; tabindex=&amp;quot;-1&amp;quot; aria-modal=&amp;quot;true&amp;quot; cl…&amp;gt;…&amp;lt;/div&amp;gt; intercepts pointer events
retrying click action, attempt #13
  waiting 500ms
  waiting for element to be visible, enabled and stable
  element is visible, enabled and stable
  scrolling into view if needed
  done scrolling
  &amp;lt;div role=&amp;quot;dialog&amp;quot; tabindex=&amp;quot;-1&amp;quot; aria-modal=&amp;quot;true&amp;quot; cl…&amp;gt;…&amp;lt;/div&amp;gt; intercepts pointer events
retrying click action, attempt #14
  waiting 500ms
  waiting for element to be visible, enabled and stable
  element is visible, enabled and stable
  scrolling into view if needed
  done scrolling
  &amp;lt;div role=&amp;quot;dialog&amp;quot; tabindex=&amp;quot;-1&amp;quot; aria-modal=&amp;quot;true&amp;quot; cl…&amp;gt;…&amp;lt;/div&amp;gt; intercepts pointer events
retrying click action, attempt #15
  waiting 500ms
  waiting for element to be visible, enabled and stable
  element is visible, enabled and stable
  scrolling into view if needed
  done scrolling
  &amp;lt;div role=&amp;quot;dialog&amp;quot; tabindex=&amp;quot;-1&amp;quot; aria-modal=&amp;quot;true&amp;quot; cl…&amp;gt;…&amp;lt;/div&amp;gt; intercepts pointer events
retrying click action, attempt #16
  waiting 500ms
  waiting for element to be visible, enabled and stable
  element is visible, enabled and stable
  scrolling into view if needed
  done scrolling
  &amp;lt;div role=&amp;quot;dialog&amp;quot; tabindex=&amp;quot;-1&amp;quot; aria-modal=&amp;quot;true&amp;quot; cl…&amp;gt;…&amp;lt;/div&amp;gt; intercepts pointer events
retrying click action, attempt #17
  waiting 500ms
  waiting for element to be visible, enabled and stable
  element is visible, enabled and stable
  scrolling into view if needed
  done scrolling
  &amp;lt;div role=&amp;quot;dialog&amp;quot; tabindex=&amp;quot;-1&amp;quot; aria-modal=&amp;quot;true&amp;quot; cl…&amp;gt;…&amp;lt;/div&amp;gt; intercepts pointer events
retrying click action, attempt #18
  waiting 500ms
  waiting for element to be visible, enabled and stable
  element is visible, enabled and stable
  scrolling into view if needed
  done scrolling
  &amp;lt;div role=&amp;quot;dialog&amp;quot; tabindex=&amp;quot;-1&amp;quot; aria-modal=&amp;quot;true&amp;quot; cl…&amp;gt;…&amp;lt;/div&amp;gt; intercepts pointer events
retrying click action, attempt #19
  waiting 500ms
  waiting for element to be visible, enabled and stable
  element is visible, enabled and stable
  scrolling into view if needed
  done scrolling
  &amp;lt;div role=&amp;quot;dialog&amp;quot; tabindex=&amp;quot;-1&amp;quot; aria-modal=&amp;quot;true&amp;quot; cl…&amp;gt;…&amp;lt;/div&amp;gt; intercepts pointer events
retrying click action, attempt #20
  waiting 500ms
  waiting for element to be visible, enabled and stable
  element is visible, enabled and stable
  scrolling into view if needed
  done scrolling
  &amp;lt;div role=&amp;quot;dialog&amp;quot; tabindex=&amp;quot;-1&amp;quot; aria-modal=&amp;quot;true&amp;quot; cl…&amp;gt;…&amp;lt;/div&amp;gt; intercepts pointer events
retrying click action, attempt #21
  waiting 500ms
  waiting for element to be visible, enabled and stable
  element is visible, enabled and stable
  scrolling into view if needed
  done scrolling
  &amp;lt;div role=&amp;quot;dialog&amp;quot; tabindex=&amp;quot;-1&amp;quot; aria-modal=&amp;quot;true&amp;quot; cl…&amp;gt;…&amp;lt;/div&amp;gt; intercepts pointer events
retrying click action, attempt #22
  waiting 500ms
  waiting for element to be visible, enabled and stable
  element is visible, enabled and stable
  scrolling into view if needed
  done scrolling
  &amp;lt;div role=&amp;quot;dialog&amp;quot; tabindex=&amp;quot;-1&amp;quot; aria-modal=&amp;quot;true&amp;quot; cl…&amp;gt;…&amp;lt;/div&amp;gt; intercepts pointer events
retrying click action, attempt #23
  waiting 500ms
  waiting for element to be visible, enabled and stable
  element is visible, enabled and stable
  scrolling into view if needed
  done scrolling
  &amp;lt;div role=&amp;quot;dialog&amp;quot; tabindex=&amp;quot;-1&amp;quot; aria-modal=&amp;quot;true&amp;quot; cl…&amp;gt;…&amp;lt;/div&amp;gt; intercepts pointer events
retrying click action, attempt #24
  waiting 500ms
  waiting for element to be visible, enabled and stable
  element is visible, enabled and stable
  scrolling into view if needed
  done scrolling
  &amp;lt;div role=&amp;quot;dialog&amp;quot; tabindex=&amp;quot;-1&amp;quot; aria-modal=&amp;quot;true&amp;quot; cl…&amp;gt;…&amp;lt;/div&amp;gt; intercepts pointer events
retrying click action, attempt #25
  waiting 500ms
  waiting for element to be visible, enabled and stable
  element is visible, enabled and stable
  scrolling into view if needed
  done scrolling
  &amp;lt;div role=&amp;quot;dialog&amp;quot; tabindex=&amp;quot;-1&amp;quot; aria-modal=&amp;quot;true&amp;quot; cl…&amp;gt;…&amp;lt;/div&amp;gt; intercepts pointer events
retrying click action, attempt #26
  waiting 500ms
  waiting for element to be visible, enabled and stable
  element is visible, enabled and stable
  scrolling into view if needed
  done scrolling
  &amp;lt;div role=&amp;quot;dialog&amp;quot; tabindex=&amp;quot;-1&amp;quot; aria-modal=&amp;quot;true&amp;quot; cl…&amp;gt;…&amp;lt;/div&amp;gt; intercepts pointer events
retrying click action, attempt #27
  waiting 500ms
  waiting for element to be visible, enabled and stable
  element is visible, enabled and stable
  scrolling into view if needed
  done scrolling
  &amp;lt;div role=&amp;quot;dialog&amp;quot; tabindex=&amp;quot;-1&amp;quot; aria-modal=&amp;quot;true&amp;quot; cl…&amp;gt;…&amp;lt;/div&amp;gt; intercepts pointer events
retrying click action, attempt #28
  waiting 500ms
  waiting for element to be visible, enabled and stable
  element is visible, enabled and stable
  scrolling into view if needed
  done scrolling
  &amp;lt;div role=&amp;quot;dialog&amp;quot; tabindex=&amp;quot;-1&amp;quot; aria-modal=&amp;quot;true&amp;quot; cl…&amp;gt;…&amp;lt;/div&amp;gt; intercepts pointer events
retrying click action, attempt #29
  waiting 500ms
  waiting for element to be visible, enabled and stable
  element is visible, enabled and stable
  scrolling into view if needed
  done scrolling
  &amp;lt;div role=&amp;quot;dialog&amp;quot; tabindex=&amp;quot;-1&amp;quot; aria-modal=&amp;quot;true&amp;quot; cl…&amp;gt;…&amp;lt;/div&amp;gt; intercepts pointer events
retrying click action, attempt #30
  waiting 500ms
  waiting for element to be visible, enabled and stable
  element is visible, enabled and stable
  scrolling into view if needed
  done scrolling
  &amp;lt;div role=&amp;quot;dialog&amp;quot; tabindex=&amp;quot;-1&amp;quot; aria-modal=&amp;quot;true&amp;quot; cl…&amp;gt;…&amp;lt;/div&amp;gt; intercepts pointer events
retrying click action, attempt #31
  waiting 500ms
  waiting for element to be visible, enabled and stable
  element is visible, enabled and stable
  scrolling into view if needed
  done scrolling
  &amp;lt;div role=&amp;quot;dialog&amp;quot; tabindex=&amp;quot;-1&amp;quot; aria-modal=&amp;quot;true&amp;quot; cl…&amp;gt;…&amp;lt;/div&amp;gt; intercepts pointer events
retrying click action, attempt #32
  waiting 500ms
  waiting for element to be visible, enabled and stable
  element is visible, enabled and stable
  scrolling into view if needed
  done scrolling
  &amp;lt;div role=&amp;quot;dialog&amp;quot; tabindex=&amp;quot;-1&amp;quot; aria-modal=&amp;quot;true&amp;quot; cl…&amp;gt;…&amp;lt;/div&amp;gt; intercepts pointer events
retrying click action, attempt #33
  waiting 500ms
  waiting for element to be visible, enabled and stable
  element is visible, enabled and stable
  scrolling into view if needed
  done scrolling
  &amp;lt;div role=&amp;quot;dialog&amp;quot; tabindex=&amp;quot;-1&amp;quot; aria-modal=&amp;quot;true&amp;quot; cl…&amp;gt;…&amp;lt;/div&amp;gt; intercepts pointer events
retrying click action, attempt #34
  waiting 500ms
  waiting for element to be visible, enabled and stable
  element is visible, enabled and stable
  scrolling into view if needed
  done scrolling
  &amp;lt;div role=&amp;quot;dialog&amp;quot; tabindex=&amp;quot;-1&amp;quot; aria-modal=&amp;quot;true&amp;quot; cl…&amp;gt;…&amp;lt;/div&amp;gt; intercepts pointer events
retrying click action, attempt #35
  waiting 500ms
  waiting for element to be visible, enabled and stable
  element is visible, enabled and stable
  scrolling into view if needed
  done scrolling
  &amp;lt;div role=&amp;quot;dialog&amp;quot; tabindex=&amp;quot;-1&amp;quot; aria-modal=&amp;quot;true&amp;quot; cl…&amp;gt;…&amp;lt;/div&amp;gt; intercepts pointer events
retrying click action, attempt #36
  waiting 500ms
  waiting for element to be visible, enabled and stable
  element is visible, enabled and stable
  scrolling into view if needed
  done scrolling
  &amp;lt;div role=&amp;quot;dialog&amp;quot; tabindex=&amp;quot;-1&amp;quot; aria-modal=&amp;quot;true&amp;quot; cl…&amp;gt;…&amp;lt;/div&amp;gt; intercepts pointer events
retrying click action, attempt #37
  waiting 500ms
  waiting for element to be visible, enabled and stable
  element is visible, enabled and stable
  scrolling into view if needed
  done scrolling
  &amp;lt;div role=&amp;quot;dialog&amp;quot; tabindex=&amp;quot;-1&amp;quot; aria-modal=&amp;quot;true&amp;quot; cl…&amp;gt;…&amp;lt;/div&amp;gt; intercepts pointer events
retrying click action, attempt #38
  waiting 500ms
  waiting for element to be visible, enabled and stable
  element is visible, enabled and stable
  scrolling into view if needed
  done scrolling
  &amp;lt;div role=&amp;quot;dialog&amp;quot; tabindex=&amp;quot;-1&amp;quot; aria-modal=&amp;quot;true&amp;quot; cl…&amp;gt;…&amp;lt;/div&amp;gt; intercepts pointer events
retrying click action, attempt #39
  waiting 500ms
  waiting for element to be visible, enabled and stable
  element is visible, enabled and stable
  scrolling into view if needed
  done scrolling
  &amp;lt;div role=&amp;quot;dialog&amp;quot; tabindex=&amp;quot;-1&amp;quot; aria-modal=&amp;quot;true&amp;quot; cl…&amp;gt;…&amp;lt;/div&amp;gt; intercepts pointer events
retrying click action, attempt #40
  waiting 500ms
  waiting for element to be visible, enabled and stable
  element is visible, enabled and stable
  scrolling into view if needed
  done scrolling
  &amp;lt;div role=&amp;quot;dialog&amp;quot; tabindex=&amp;quot;-1&amp;quot; aria-modal=&amp;quot;true&amp;quot; cl…&amp;gt;…&amp;lt;/div&amp;gt; intercepts pointer events
retrying click action, attempt #41
  waiting 500ms
  waiting for element to be visible, enabled and stable
  element is visible, enabled and stable
  scrolling into view if needed
  done scrolling
  &amp;lt;div role=&amp;quot;dialog&amp;quot; tabindex=&amp;quot;-1&amp;quot; aria-modal=&amp;quot;true&amp;quot; cl…&amp;gt;…&amp;lt;/div&amp;gt; intercepts pointer events
retrying click action, attempt #42
  waiting 500ms
  waiting for element to be visible, enabled and stable
  element is visible, enabled and stable
  scrolling into view if needed
  done scrolling
  &amp;lt;div role=&amp;quot;dialog&amp;quot; tabindex=&amp;quot;-1&amp;quot; aria-modal=&amp;quot;true&amp;quot; cl…&amp;gt;…&amp;lt;/div&amp;gt; intercepts pointer events
retrying click action, attempt #43
  waiting 500ms
  waiting for element to be visible, enabled and stable
  element is visible, enabled and stable
  scrolling into view if needed
  done scrolling
  &amp;lt;div role=&amp;quot;dialog&amp;quot; tabindex=&amp;quot;-1&amp;quot; aria-modal=&amp;quot;true&amp;quot; cl…&amp;gt;…&amp;lt;/div&amp;gt; intercepts pointer events
retrying click action, attempt #44
  waiting 500ms
  waiting for element to be visible, enabled and stable
  element is visible, enabled and stable
  scrolling into view if needed
  done scrolling
  &amp;lt;div role=&amp;quot;dialog&amp;quot; tabindex=&amp;quot;-1&amp;quot; aria-modal=&amp;quot;true&amp;quot; cl…&amp;gt;…&amp;lt;/div&amp;gt; intercepts pointer events
retrying click action, attempt #45
  waiting 500ms
  waiting for element to be visible, enabled and stable
  element is visible, enabled and stable
  scrolling into view if needed
  done scrolling
  &amp;lt;div role=&amp;quot;dialog&amp;quot; tabindex=&amp;quot;-1&amp;quot; aria-modal=&amp;quot;true&amp;quot; cl…&amp;gt;…&amp;lt;/div&amp;gt; intercepts pointer events
retrying click action, attempt #46
  waiting 500ms
  waiting for element to be visible, enabled and stable
  element is visible, enabled and stable
  scrolling into view if needed
  done scrolling
  &amp;lt;div role=&amp;quot;dialog&amp;quot; tabindex=&amp;quot;-1&amp;quot; aria-modal=&amp;quot;true&amp;quot; cl…&amp;gt;…&amp;lt;/div&amp;gt; intercepts pointer events
retrying click action, attempt #47
  waiting 500ms
  waiting for element to be visible, enabled and stable
  element is visible, enabled and stable
  scrolling into view if needed
  done scrolling
  &amp;lt;div role=&amp;quot;dialog&amp;quot; tabindex=&amp;quot;-1&amp;quot; aria-modal=&amp;quot;true&amp;quot; cl…&amp;gt;…&amp;lt;/div&amp;gt; intercepts pointer events
retrying click action, attempt #48
  waiting 500ms
  waiting for element to be visible, enabled and stable
  element is visible, enabled and stable
  scrolling into view if needed
  done scrolling
  &amp;lt;div role=&amp;quot;dialog&amp;quot; tabindex=&amp;quot;-1&amp;quot; aria-modal=&amp;quot;true&amp;quot; cl…&amp;gt;…&amp;lt;/div&amp;gt; intercepts pointer events
retrying click action, attempt #49
  waiting 500ms
  waiting for element to be visible, enabled and stable
  element is visible, enabled and stable
  scrolling into view if needed
  done scrolling
  &amp;lt;div role=&amp;quot;dialog&amp;quot; tabindex=&amp;quot;-1&amp;quot; aria-modal=&amp;quot;true&amp;quot; cl…&amp;gt;…&amp;lt;/div&amp;gt; intercepts pointer events
retrying click action, attempt #50
  waiting 500ms
  waiting for element to be visible, enabled and stable
  element is visible, enabled and stable
  scrolling into view if needed
  done scrolling
  &amp;lt;div role=&amp;quot;dialog&amp;quot; tabindex=&amp;quot;-1&amp;quot; aria-modal=&amp;quot;true&amp;quot; cl…&amp;gt;…&amp;lt;/div&amp;gt; intercepts pointer events
retrying click action, attempt #51
  waiting 500ms
  waiting for element to be visible, enabled and stable
  element is visible, enabled and stable
  scrolling into view if needed
  done scrolling
  &amp;lt;div role=&amp;quot;dialog&amp;quot; tabindex=&amp;quot;-1&amp;quot; aria-modal=&amp;quot;true&amp;quot; cl…&amp;gt;…&amp;lt;/div&amp;gt; intercepts pointer events
retrying click action, attempt #52
  waiting 500ms
  waiting for element to be visible, enabled and stable
  element is visible, enabled and stable
  scrolling into view if needed
  done scrolling
  &amp;lt;div role=&amp;quot;dialog&amp;quot; tabindex=&amp;quot;-1&amp;quot; aria-modal=&amp;quot;true&amp;quot; cl…&amp;gt;…&amp;lt;/div&amp;gt; intercepts pointer events
retrying click action, attempt #53
  waiting 500ms
  waiting for element to be visible, enabled and stable
  element is visible, enabled and stable
  scrolling into view if needed
  done scrolling
  &amp;lt;div role=&amp;quot;dialog&amp;quot; tabindex=&amp;quot;-1&amp;quot; aria-modal=&amp;quot;true&amp;quot; cl…&amp;gt;…&amp;lt;/div&amp;gt; intercepts pointer events
retrying click action, attempt #54
  waiting 500ms
  waiting for element to be visible, enabled and stable
  element is visible, enabled and stable
  scrolling into view if needed
  done scrolling
  &amp;lt;div role=&amp;quot;dialog&amp;quot; tabindex=&amp;quot;-1&amp;quot; aria-modal=&amp;quot;true&amp;quot; cl…&amp;gt;…&amp;lt;/div&amp;gt; intercepts pointer events
retrying click action, attempt #55
  waiting 500ms
  waiting for element to be visible, enabled and stable
  element is visible, enabled and stable
  scrolling into view if needed
  done scrolling
  &amp;lt;div role=&amp;quot;dialog&amp;quot; tabindex=&amp;quot;-1&amp;quot; aria-modal=&amp;quot;true&amp;quot; cl…&amp;gt;…&amp;lt;/div&amp;gt; intercepts pointer events
retrying click action, attempt #56
  waiting 500ms
  waiting for element to be visible, enabled and stable
  element is visible, enabled and stable
  scrolling into view if needed
  done scrolling
  &amp;lt;div role=&amp;quot;dialog&amp;quot; tabindex=&amp;quot;-1&amp;quot; aria-modal=&amp;quot;true&amp;quot; cl…&amp;gt;…&amp;lt;/div&amp;gt; intercepts pointer events
retrying click action, attempt #57
  waiting 500ms
  waiting for element to be visible, enabled and stable
  element is visible, enabled and stable
  scrolling into view if needed
  done scrolling
  &amp;lt;div role=&amp;quot;dialog&amp;quot; tabindex=&amp;quot;-1&amp;quot; aria-modal=&amp;quot;true&amp;quot; cl…&amp;gt;…&amp;lt;/div&amp;gt; intercepts pointer events
retrying click action, attempt #58
  waiting 500ms
  waiting for element to be visible, enabled and stable
  element is visible, enabled and stable
  scrolling into view if needed
  done scrolling
  &amp;lt;div role=&amp;quot;dialog&amp;quot; tabindex=&amp;quot;-1&amp;quot; aria-modal=&amp;quot;true&amp;quot; cl…&amp;gt;…&amp;lt;/div&amp;gt; intercepts pointer events
retrying click action, attempt #59
  waiting 500ms
  waiting for element to be visible, enabled and stable
  element is visible, enabled and stable
  scrolling into view if needed
  done scrolling
  &amp;lt;div role=&amp;quot;dialog&amp;quot; tabindex=&amp;quot;-1&amp;quot; aria-modal=&amp;quot;true&amp;quot; cl…&amp;gt;…&amp;lt;/div&amp;gt; intercepts pointer events
retrying click action, attempt #60
  waiting 500ms
============================================================
    at ProgressController.run (C:\Users\Rhibhus\AppData\Local\Temp\playwright-java-13347389311006075013\package\lib\server\progress.js:88:26)
    at Frame.click (C:\Users\Rhibhus\AppData\Local\Temp\playwright-java-13347389311006075013\package\lib\server\frames.js:994:23)
    at FrameDispatcher.click (C:\Users\Rhibhus\AppData\Local\Temp\playwright-java-13347389311006075013\package\lib\server\dispatchers\frameDispatcher.js:154:30)
    at DispatcherConnection.dispatch (C:\Users\Rhibhus\AppData\Local\Temp\playwright-java-13347389311006075013\package\lib\server\dispatchers\dispatcher.js:313:46)
}">
      <![CDATA[com.microsoft.playwright.TimeoutError: Error {
  message='Timeout 30000ms exceeded.
=========================== logs ===========================
waiting for locator("xpath=//span[text()='SmartClass4']")
  locator resolved to <span class="ps-menu-label css-12w9als">SmartClass4</span>
attempting click action
  waiting for element to be visible, enabled and stable
  element is visible, enabled and stable
  scrolling into view if needed
  done scrolling
  <div role="dialog" tabindex="-1" aria-modal="true" cl…>…</div> intercepts pointer events
retrying click action, attempt #1
  waiting for element to be visible, enabled and stable
  element is visible, enabled and stable
  scrolling into view if needed
  done scrolling
  <div role="dialog" tabindex="-1" aria-modal="true" cl…>…</div> intercepts pointer events
retrying click action, attempt #2
  waiting 20ms
  waiting for element to be visible, enabled and stable
  element is visible, enabled and stable
  scrolling into view if needed
  done scrolling
  <div role="dialog" tabindex="-1" aria-modal="true" cl…>…</div> intercepts pointer events
retrying click action, attempt #3
  waiting 100ms
  waiting for element to be visible, enabled and stable
  element is visible, enabled and stable
  scrolling into view if needed
  done scrolling
  <div role="dialog" tabindex="-1" aria-modal="true" cl…>…</div> intercepts pointer events
retrying click action, attempt #4
  waiting 100ms
  waiting for element to be visible, enabled and stable
  element is visible, enabled and stable
  scrolling into view if needed
  done scrolling
  <div role="dialog" tabindex="-1" aria-modal="true" cl…>…</div> intercepts pointer events
retrying click action, attempt #5
  waiting 500ms
  waiting for element to be visible, enabled and stable
  element is visible, enabled and stable
  scrolling into view if needed
  done scrolling
  <div role="dialog" tabindex="-1" aria-modal="true" cl…>…</div> intercepts pointer events
retrying click action, attempt #6
  waiting 500ms
  waiting for element to be visible, enabled and stable
  element is visible, enabled and stable
  scrolling into view if needed
  done scrolling
  <div role="dialog" tabindex="-1" aria-modal="true" cl…>…</div> intercepts pointer events
retrying click action, attempt #7
  waiting 500ms
  waiting for element to be visible, enabled and stable
  element is visible, enabled and stable
  scrolling into view if needed
  done scrolling
  <div role="dialog" tabindex="-1" aria-modal="true" cl…>…</div> intercepts pointer events
retrying click action, attempt #8
  waiting 500ms
  waiting for element to be visible, enabled and stable
  element is visible, enabled and stable
  scrolling into view if needed
  done scrolling
  <div role="dialog" tabindex="-1" aria-modal="true" cl…>…</div> intercepts pointer events
retrying click action, attempt #9
  waiting 500ms
  waiting for element to be visible, enabled and stable
  element is visible, enabled and stable
  scrolling into view if needed
  done scrolling
  <div role="dialog" tabindex="-1" aria-modal="true" cl…>…</div> intercepts pointer events
retrying click action, attempt #10
  waiting 500ms
  waiting for element to be visible, enabled and stable
  element is visible, enabled and stable
  scrolling into view if needed
  done scrolling
  <div role="dialog" tabindex="-1" aria-modal="true" cl…>…</div> intercepts pointer events
retrying click action, attempt #11
  waiting 500ms
  waiting for element to be visible, enabled and stable
  element is visible, enabled and stable
  scrolling into view if needed
  done scrolling
  <div role="dialog" tabindex="-1" aria-modal="true" cl…>…</div> intercepts pointer events
retrying click action, attempt #12
  waiting 500ms
  waiting for element to be visible, enabled and stable
  element is visible, enabled and stable
  scrolling into view if needed
  done scrolling
  <div role="dialog" tabindex="-1" aria-modal="true" cl…>…</div> intercepts pointer events
retrying click action, attempt #13
  waiting 500ms
  waiting for element to be visible, enabled and stable
  element is visible, enabled and stable
  scrolling into view if needed
  done scrolling
  <div role="dialog" tabindex="-1" aria-modal="true" cl…>…</div> intercepts pointer events
retrying click action, attempt #14
  waiting 500ms
  waiting for element to be visible, enabled and stable
  element is visible, enabled and stable
  scrolling into view if needed
  done scrolling
  <div role="dialog" tabindex="-1" aria-modal="true" cl…>…</div> intercepts pointer events
retrying click action, attempt #15
  waiting 500ms
  waiting for element to be visible, enabled and stable
  element is visible, enabled and stable
  scrolling into view if needed
  done scrolling
  <div role="dialog" tabindex="-1" aria-modal="true" cl…>…</div> intercepts pointer events
retrying click action, attempt #16
  waiting 500ms
  waiting for element to be visible, enabled and stable
  element is visible, enabled and stable
  scrolling into view if needed
  done scrolling
  <div role="dialog" tabindex="-1" aria-modal="true" cl…>…</div> intercepts pointer events
retrying click action, attempt #17
  waiting 500ms
  waiting for element to be visible, enabled and stable
  element is visible, enabled and stable
  scrolling into view if needed
  done scrolling
  <div role="dialog" tabindex="-1" aria-modal="true" cl…>…</div> intercepts pointer events
retrying click action, attempt #18
  waiting 500ms
  waiting for element to be visible, enabled and stable
  element is visible, enabled and stable
  scrolling into view if needed
  done scrolling
  <div role="dialog" tabindex="-1" aria-modal="true" cl…>…</div> intercepts pointer events
retrying click action, attempt #19
  waiting 500ms
  waiting for element to be visible, enabled and stable
  element is visible, enabled and stable
  scrolling into view if needed
  done scrolling
  <div role="dialog" tabindex="-1" aria-modal="true" cl…>…</div> intercepts pointer events
retrying click action, attempt #20
  waiting 500ms
  waiting for element to be visible, enabled and stable
  element is visible, enabled and stable
  scrolling into view if needed
  done scrolling
  <div role="dialog" tabindex="-1" aria-modal="true" cl…>…</div> intercepts pointer events
retrying click action, attempt #21
  waiting 500ms
  waiting for element to be visible, enabled and stable
  element is visible, enabled and stable
  scrolling into view if needed
  done scrolling
  <div role="dialog" tabindex="-1" aria-modal="true" cl…>…</div> intercepts pointer events
retrying click action, attempt #22
  waiting 500ms
  waiting for element to be visible, enabled and stable
  element is visible, enabled and stable
  scrolling into view if needed
  done scrolling
  <div role="dialog" tabindex="-1" aria-modal="true" cl…>…</div> intercepts pointer events
retrying click action, attempt #23
  waiting 500ms
  waiting for element to be visible, enabled and stable
  element is visible, enabled and stable
  scrolling into view if needed
  done scrolling
  <div role="dialog" tabindex="-1" aria-modal="true" cl…>…</div> intercepts pointer events
retrying click action, attempt #24
  waiting 500ms
  waiting for element to be visible, enabled and stable
  element is visible, enabled and stable
  scrolling into view if needed
  done scrolling
  <div role="dialog" tabindex="-1" aria-modal="true" cl…>…</div> intercepts pointer events
retrying click action, attempt #25
  waiting 500ms
  waiting for element to be visible, enabled and stable
  element is visible, enabled and stable
  scrolling into view if needed
  done scrolling
  <div role="dialog" tabindex="-1" aria-modal="true" cl…>…</div> intercepts pointer events
retrying click action, attempt #26
  waiting 500ms
  waiting for element to be visible, enabled and stable
  element is visible, enabled and stable
  scrolling into view if needed
  done scrolling
  <div role="dialog" tabindex="-1" aria-modal="true" cl…>…</div> intercepts pointer events
retrying click action, attempt #27
  waiting 500ms
  waiting for element to be visible, enabled and stable
  element is visible, enabled and stable
  scrolling into view if needed
  done scrolling
  <div role="dialog" tabindex="-1" aria-modal="true" cl…>…</div> intercepts pointer events
retrying click action, attempt #28
  waiting 500ms
  waiting for element to be visible, enabled and stable
  element is visible, enabled and stable
  scrolling into view if needed
  done scrolling
  <div role="dialog" tabindex="-1" aria-modal="true" cl…>…</div> intercepts pointer events
retrying click action, attempt #29
  waiting 500ms
  waiting for element to be visible, enabled and stable
  element is visible, enabled and stable
  scrolling into view if needed
  done scrolling
  <div role="dialog" tabindex="-1" aria-modal="true" cl…>…</div> intercepts pointer events
retrying click action, attempt #30
  waiting 500ms
  waiting for element to be visible, enabled and stable
  element is visible, enabled and stable
  scrolling into view if needed
  done scrolling
  <div role="dialog" tabindex="-1" aria-modal="true" cl…>…</div> intercepts pointer events
retrying click action, attempt #31
  waiting 500ms
  waiting for element to be visible, enabled and stable
  element is visible, enabled and stable
  scrolling into view if needed
  done scrolling
  <div role="dialog" tabindex="-1" aria-modal="true" cl…>…</div> intercepts pointer events
retrying click action, attempt #32
  waiting 500ms
  waiting for element to be visible, enabled and stable
  element is visible, enabled and stable
  scrolling into view if needed
  done scrolling
  <div role="dialog" tabindex="-1" aria-modal="true" cl…>…</div> intercepts pointer events
retrying click action, attempt #33
  waiting 500ms
  waiting for element to be visible, enabled and stable
  element is visible, enabled and stable
  scrolling into view if needed
  done scrolling
  <div role="dialog" tabindex="-1" aria-modal="true" cl…>…</div> intercepts pointer events
retrying click action, attempt #34
  waiting 500ms
  waiting for element to be visible, enabled and stable
  element is visible, enabled and stable
  scrolling into view if needed
  done scrolling
  <div role="dialog" tabindex="-1" aria-modal="true" cl…>…</div> intercepts pointer events
retrying click action, attempt #35
  waiting 500ms
  waiting for element to be visible, enabled and stable
  element is visible, enabled and stable
  scrolling into view if needed
  done scrolling
  <div role="dialog" tabindex="-1" aria-modal="true" cl…>…</div> intercepts pointer events
retrying click action, attempt #36
  waiting 500ms
  waiting for element to be visible, enabled and stable
  element is visible, enabled and stable
  scrolling into view if needed
  done scrolling
  <div role="dialog" tabindex="-1" aria-modal="true" cl…>…</div> intercepts pointer events
retrying click action, attempt #37
  waiting 500ms
  waiting for element to be visible, enabled and stable
  element is visible, enabled and stable
  scrolling into view if needed
  done scrolling
  <div role="dialog" tabindex="-1" aria-modal="true" cl…>…</div> intercepts pointer events
retrying click action, attempt #38
  waiting 500ms
  waiting for element to be visible, enabled and stable
  element is visible, enabled and stable
  scrolling into view if needed
  done scrolling
  <div role="dialog" tabindex="-1" aria-modal="true" cl…>…</div> intercepts pointer events
retrying click action, attempt #39
  waiting 500ms
  waiting for element to be visible, enabled and stable
  element is visible, enabled and stable
  scrolling into view if needed
  done scrolling
  <div role="dialog" tabindex="-1" aria-modal="true" cl…>…</div> intercepts pointer events
retrying click action, attempt #40
  waiting 500ms
  waiting for element to be visible, enabled and stable
  element is visible, enabled and stable
  scrolling into view if needed
  done scrolling
  <div role="dialog" tabindex="-1" aria-modal="true" cl…>…</div> intercepts pointer events
retrying click action, attempt #41
  waiting 500ms
  waiting for element to be visible, enabled and stable
  element is visible, enabled and stable
  scrolling into view if needed
  done scrolling
  <div role="dialog" tabindex="-1" aria-modal="true" cl…>…</div> intercepts pointer events
retrying click action, attempt #42
  waiting 500ms
  waiting for element to be visible, enabled and stable
  element is visible, enabled and stable
  scrolling into view if needed
  done scrolling
  <div role="dialog" tabindex="-1" aria-modal="true" cl…>…</div> intercepts pointer events
retrying click action, attempt #43
  waiting 500ms
  waiting for element to be visible, enabled and stable
  element is visible, enabled and stable
  scrolling into view if needed
  done scrolling
  <div role="dialog" tabindex="-1" aria-modal="true" cl…>…</div> intercepts pointer events
retrying click action, attempt #44
  waiting 500ms
  waiting for element to be visible, enabled and stable
  element is visible, enabled and stable
  scrolling into view if needed
  done scrolling
  <div role="dialog" tabindex="-1" aria-modal="true" cl…>…</div> intercepts pointer events
retrying click action, attempt #45
  waiting 500ms
  waiting for element to be visible, enabled and stable
  element is visible, enabled and stable
  scrolling into view if needed
  done scrolling
  <div role="dialog" tabindex="-1" aria-modal="true" cl…>…</div> intercepts pointer events
retrying click action, attempt #46
  waiting 500ms
  waiting for element to be visible, enabled and stable
  element is visible, enabled and stable
  scrolling into view if needed
  done scrolling
  <div role="dialog" tabindex="-1" aria-modal="true" cl…>…</div> intercepts pointer events
retrying click action, attempt #47
  waiting 500ms
  waiting for element to be visible, enabled and stable
  element is visible, enabled and stable
  scrolling into view if needed
  done scrolling
  <div role="dialog" tabindex="-1" aria-modal="true" cl…>…</div> intercepts pointer events
retrying click action, attempt #48
  waiting 500ms
  waiting for element to be visible, enabled and stable
  element is visible, enabled and stable
  scrolling into view if needed
  done scrolling
  <div role="dialog" tabindex="-1" aria-modal="true" cl…>…</div> intercepts pointer events
retrying click action, attempt #49
  waiting 500ms
  waiting for element to be visible, enabled and stable
  element is visible, enabled and stable
  scrolling into view if needed
  done scrolling
  <div role="dialog" tabindex="-1" aria-modal="true" cl…>…</div> intercepts pointer events
retrying click action, attempt #50
  waiting 500ms
  waiting for element to be visible, enabled and stable
  element is visible, enabled and stable
  scrolling into view if needed
  done scrolling
  <div role="dialog" tabindex="-1" aria-modal="true" cl…>…</div> intercepts pointer events
retrying click action, attempt #51
  waiting 500ms
  waiting for element to be visible, enabled and stable
  element is visible, enabled and stable
  scrolling into view if needed
  done scrolling
  <div role="dialog" tabindex="-1" aria-modal="true" cl…>…</div> intercepts pointer events
retrying click action, attempt #52
  waiting 500ms
  waiting for element to be visible, enabled and stable
  element is visible, enabled and stable
  scrolling into view if needed
  done scrolling
  <div role="dialog" tabindex="-1" aria-modal="true" cl…>…</div> intercepts pointer events
retrying click action, attempt #53
  waiting 500ms
  waiting for element to be visible, enabled and stable
  element is visible, enabled and stable
  scrolling into view if needed
  done scrolling
  <div role="dialog" tabindex="-1" aria-modal="true" cl…>…</div> intercepts pointer events
retrying click action, attempt #54
  waiting 500ms
  waiting for element to be visible, enabled and stable
  element is visible, enabled and stable
  scrolling into view if needed
  done scrolling
  <div role="dialog" tabindex="-1" aria-modal="true" cl…>…</div> intercepts pointer events
retrying click action, attempt #55
  waiting 500ms
  waiting for element to be visible, enabled and stable
  element is visible, enabled and stable
  scrolling into view if needed
  done scrolling
  <div role="dialog" tabindex="-1" aria-modal="true" cl…>…</div> intercepts pointer events
retrying click action, attempt #56
  waiting 500ms
  waiting for element to be visible, enabled and stable
  element is visible, enabled and stable
[...]
retrying click action, attempt #13
  waiting 500ms
  waiting for element to be visible, enabled and stable
  element is visible, enabled and stable
  scrolling into view if needed
  done scrolling
  <div role="dialog" tabindex="-1" aria-modal="true" cl…>…</div> intercepts pointer events
retrying click action, attempt #14
  waiting 500ms
  waiting for element to be visible, enabled and stable
  element is visible, enabled and stable
  scrolling into view if needed
  done scrolling
  <div role="dialog" tabindex="-1" aria-modal="true" cl…>…</div> intercepts pointer events
retrying click action, attempt #15
  waiting 500ms
  waiting for element to be visible, enabled and stable
  element is visible, enabled and stable
  scrolling into view if needed
  done scrolling
  <div role="dialog" tabindex="-1" aria-modal="true" cl…>…</div> intercepts pointer events
retrying click action, attempt #16
  waiting 500ms
  waiting for element to be visible, enabled and stable
  element is visible, enabled and stable
  scrolling into view if needed
  done scrolling
  <div role="dialog" tabindex="-1" aria-modal="true" cl…>…</div> intercepts pointer events
retrying click action, attempt #17
  waiting 500ms
  waiting for element to be visible, enabled and stable
  element is visible, enabled and stable
  scrolling into view if needed
  done scrolling
  <div role="dialog" tabindex="-1" aria-modal="true" cl…>…</div> intercepts pointer events
retrying click action, attempt #18
  waiting 500ms
  waiting for element to be visible, enabled and stable
  element is visible, enabled and stable
  scrolling into view if needed
  done scrolling
  <div role="dialog" tabindex="-1" aria-modal="true" cl…>…</div> intercepts pointer events
retrying click action, attempt #19
  waiting 500ms
  waiting for element to be visible, enabled and stable
  element is visible, enabled and stable
  scrolling into view if needed
  done scrolling
  <div role="dialog" tabindex="-1" aria-modal="true" cl…>…</div> intercepts pointer events
retrying click action, attempt #20
  waiting 500ms
  waiting for element to be visible, enabled and stable
  element is visible, enabled and stable
  scrolling into view if needed
  done scrolling
  <div role="dialog" tabindex="-1" aria-modal="true" cl…>…</div> intercepts pointer events
retrying click action, attempt #21
  waiting 500ms
  waiting for element to be visible, enabled and stable
  element is visible, enabled and stable
  scrolling into view if needed
  done scrolling
  <div role="dialog" tabindex="-1" aria-modal="true" cl…>…</div> intercepts pointer events
retrying click action, attempt #22
  waiting 500ms
  waiting for element to be visible, enabled and stable
  element is visible, enabled and stable
  scrolling into view if needed
  done scrolling
  <div role="dialog" tabindex="-1" aria-modal="true" cl…>…</div> intercepts pointer events
retrying click action, attempt #23
  waiting 500ms
  waiting for element to be visible, enabled and stable
  element is visible, enabled and stable
  scrolling into view if needed
  done scrolling
  <div role="dialog" tabindex="-1" aria-modal="true" cl…>…</div> intercepts pointer events
retrying click action, attempt #24
  waiting 500ms
  waiting for element to be visible, enabled and stable
  element is visible, enabled and stable
  scrolling into view if needed
  done scrolling
  <div role="dialog" tabindex="-1" aria-modal="true" cl…>…</div> intercepts pointer events
retrying click action, attempt #25
  waiting 500ms
  waiting for element to be visible, enabled and stable
  element is visible, enabled and stable
  scrolling into view if needed
  done scrolling
  <div role="dialog" tabindex="-1" aria-modal="true" cl…>…</div> intercepts pointer events
retrying click action, attempt #26
  waiting 500ms
  waiting for element to be visible, enabled and stable
  element is visible, enabled and stable
  scrolling into view if needed
  done scrolling
  <div role="dialog" tabindex="-1" aria-modal="true" cl…>…</div> intercepts pointer events
retrying click action, attempt #27
  waiting 500ms
  waiting for element to be visible, enabled and stable
  element is visible, enabled and stable
  scrolling into view if needed
  done scrolling
  <div role="dialog" tabindex="-1" aria-modal="true" cl…>…</div> intercepts pointer events
retrying click action, attempt #28
  waiting 500ms
  waiting for element to be visible, enabled and stable
  element is visible, enabled and stable
  scrolling into view if needed
  done scrolling
  <div role="dialog" tabindex="-1" aria-modal="true" cl…>…</div> intercepts pointer events
retrying click action, attempt #29
  waiting 500ms
  waiting for element to be visible, enabled and stable
  element is visible, enabled and stable
  scrolling into view if needed
  done scrolling
  <div role="dialog" tabindex="-1" aria-modal="true" cl…>…</div> intercepts pointer events
retrying click action, attempt #30
  waiting 500ms
  waiting for element to be visible, enabled and stable
  element is visible, enabled and stable
  scrolling into view if needed
  done scrolling
  <div role="dialog" tabindex="-1" aria-modal="true" cl…>…</div> intercepts pointer events
retrying click action, attempt #31
  waiting 500ms
  waiting for element to be visible, enabled and stable
  element is visible, enabled and stable
  scrolling into view if needed
  done scrolling
  <div role="dialog" tabindex="-1" aria-modal="true" cl…>…</div> intercepts pointer events
retrying click action, attempt #32
  waiting 500ms
  waiting for element to be visible, enabled and stable
  element is visible, enabled and stable
  scrolling into view if needed
  done scrolling
  <div role="dialog" tabindex="-1" aria-modal="true" cl…>…</div> intercepts pointer events
retrying click action, attempt #33
  waiting 500ms
  waiting for element to be visible, enabled and stable
  element is visible, enabled and stable
  scrolling into view if needed
  done scrolling
  <div role="dialog" tabindex="-1" aria-modal="true" cl…>…</div> intercepts pointer events
retrying click action, attempt #34
  waiting 500ms
  waiting for element to be visible, enabled and stable
  element is visible, enabled and stable
  scrolling into view if needed
  done scrolling
  <div role="dialog" tabindex="-1" aria-modal="true" cl…>…</div> intercepts pointer events
retrying click action, attempt #35
  waiting 500ms
  waiting for element to be visible, enabled and stable
  element is visible, enabled and stable
  scrolling into view if needed
  done scrolling
  <div role="dialog" tabindex="-1" aria-modal="true" cl…>…</div> intercepts pointer events
retrying click action, attempt #36
  waiting 500ms
  waiting for element to be visible, enabled and stable
  element is visible, enabled and stable
  scrolling into view if needed
  done scrolling
  <div role="dialog" tabindex="-1" aria-modal="true" cl…>…</div> intercepts pointer events
retrying click action, attempt #37
  waiting 500ms
  waiting for element to be visible, enabled and stable
  element is visible, enabled and stable
  scrolling into view if needed
  done scrolling
  <div role="dialog" tabindex="-1" aria-modal="true" cl…>…</div> intercepts pointer events
retrying click action, attempt #38
  waiting 500ms
  waiting for element to be visible, enabled and stable
  element is visible, enabled and stable
  scrolling into view if needed
  done scrolling
  <div role="dialog" tabindex="-1" aria-modal="true" cl…>…</div> intercepts pointer events
retrying click action, attempt #39
  waiting 500ms
  waiting for element to be visible, enabled and stable
  element is visible, enabled and stable
  scrolling into view if needed
  done scrolling
  <div role="dialog" tabindex="-1" aria-modal="true" cl…>…</div> intercepts pointer events
retrying click action, attempt #40
  waiting 500ms
  waiting for element to be visible, enabled and stable
  element is visible, enabled and stable
  scrolling into view if needed
  done scrolling
  <div role="dialog" tabindex="-1" aria-modal="true" cl…>…</div> intercepts pointer events
retrying click action, attempt #41
  waiting 500ms
  waiting for element to be visible, enabled and stable
  element is visible, enabled and stable
  scrolling into view if needed
  done scrolling
  <div role="dialog" tabindex="-1" aria-modal="true" cl…>…</div> intercepts pointer events
retrying click action, attempt #42
  waiting 500ms
  waiting for element to be visible, enabled and stable
  element is visible, enabled and stable
  scrolling into view if needed
  done scrolling
  <div role="dialog" tabindex="-1" aria-modal="true" cl…>…</div> intercepts pointer events
retrying click action, attempt #43
  waiting 500ms
  waiting for element to be visible, enabled and stable
  element is visible, enabled and stable
  scrolling into view if needed
  done scrolling
  <div role="dialog" tabindex="-1" aria-modal="true" cl…>…</div> intercepts pointer events
retrying click action, attempt #44
  waiting 500ms
  waiting for element to be visible, enabled and stable
  element is visible, enabled and stable
  scrolling into view if needed
  done scrolling
  <div role="dialog" tabindex="-1" aria-modal="true" cl…>…</div> intercepts pointer events
retrying click action, attempt #45
  waiting 500ms
  waiting for element to be visible, enabled and stable
  element is visible, enabled and stable
  scrolling into view if needed
  done scrolling
  <div role="dialog" tabindex="-1" aria-modal="true" cl…>…</div> intercepts pointer events
retrying click action, attempt #46
  waiting 500ms
  waiting for element to be visible, enabled and stable
  element is visible, enabled and stable
  scrolling into view if needed
  done scrolling
  <div role="dialog" tabindex="-1" aria-modal="true" cl…>…</div> intercepts pointer events
retrying click action, attempt #47
  waiting 500ms
  waiting for element to be visible, enabled and stable
  element is visible, enabled and stable
  scrolling into view if needed
  done scrolling
  <div role="dialog" tabindex="-1" aria-modal="true" cl…>…</div> intercepts pointer events
retrying click action, attempt #48
  waiting 500ms
  waiting for element to be visible, enabled and stable
  element is visible, enabled and stable
  scrolling into view if needed
  done scrolling
  <div role="dialog" tabindex="-1" aria-modal="true" cl…>…</div> intercepts pointer events
retrying click action, attempt #49
  waiting 500ms
  waiting for element to be visible, enabled and stable
  element is visible, enabled and stable
  scrolling into view if needed
  done scrolling
  <div role="dialog" tabindex="-1" aria-modal="true" cl…>…</div> intercepts pointer events
retrying click action, attempt #50
  waiting 500ms
  waiting for element to be visible, enabled and stable
  element is visible, enabled and stable
  scrolling into view if needed
  done scrolling
  <div role="dialog" tabindex="-1" aria-modal="true" cl…>…</div> intercepts pointer events
retrying click action, attempt #51
  waiting 500ms
  waiting for element to be visible, enabled and stable
  element is visible, enabled and stable
  scrolling into view if needed
  done scrolling
  <div role="dialog" tabindex="-1" aria-modal="true" cl…>…</div> intercepts pointer events
retrying click action, attempt #52
  waiting 500ms
  waiting for element to be visible, enabled and stable
  element is visible, enabled and stable
  scrolling into view if needed
  done scrolling
  <div role="dialog" tabindex="-1" aria-modal="true" cl…>…</div> intercepts pointer events
retrying click action, attempt #53
  waiting 500ms
  waiting for element to be visible, enabled and stable
  element is visible, enabled and stable
  scrolling into view if needed
  done scrolling
  <div role="dialog" tabindex="-1" aria-modal="true" cl…>…</div> intercepts pointer events
retrying click action, attempt #54
  waiting 500ms
  waiting for element to be visible, enabled and stable
  element is visible, enabled and stable
  scrolling into view if needed
  done scrolling
  <div role="dialog" tabindex="-1" aria-modal="true" cl…>…</div> intercepts pointer events
retrying click action, attempt #55
  waiting 500ms
  waiting for element to be visible, enabled and stable
  element is visible, enabled and stable
  scrolling into view if needed
  done scrolling
  <div role="dialog" tabindex="-1" aria-modal="true" cl…>…</div> intercepts pointer events
retrying click action, attempt #56
  waiting 500ms
  waiting for element to be visible, enabled and stable
  element is visible, enabled and stable
  scrolling into view if needed
  done scrolling
  <div role="dialog" tabindex="-1" aria-modal="true" cl…>…</div> intercepts pointer events
retrying click action, attempt #57
  waiting 500ms
  waiting for element to be visible, enabled and stable
  element is visible, enabled and stable
  scrolling into view if needed
  done scrolling
  <div role="dialog" tabindex="-1" aria-modal="true" cl…>…</div> intercepts pointer events
retrying click action, attempt #58
  waiting 500ms
  waiting for element to be visible, enabled and stable
  element is visible, enabled and stable
  scrolling into view if needed
  done scrolling
  <div role="dialog" tabindex="-1" aria-modal="true" cl…>…</div> intercepts pointer events
retrying click action, attempt #59
  waiting 500ms
  waiting for element to be visible, enabled and stable
  element is visible, enabled and stable
  scrolling into view if needed
  done scrolling
  <div role="dialog" tabindex="-1" aria-modal="true" cl…>…</div> intercepts pointer events
retrying click action, attempt #60
  waiting 500ms
============================================================
    at ProgressController.run (C:\Users\Rhibhus\AppData\Local\Temp\playwright-java-13347389311006075013\package\lib\server\progress.js:88:26)
    at Frame.click (C:\Users\Rhibhus\AppData\Local\Temp\playwright-java-13347389311006075013\package\lib\server\frames.js:994:23)
    at FrameDispatcher.click (C:\Users\Rhibhus\AppData\Local\Temp\playwright-java-13347389311006075013\package\lib\server\dispatchers\frameDispatcher.js:154:30)
    at DispatcherConnection.dispatch (C:\Users\Rhibhus\AppData\Local\Temp\playwright-java-13347389311006075013\package\lib\server\dispatchers\dispatcher.js:313:46)
}
at com.microsoft.playwright.impl.Connection.dispatch(Connection.java:224)
at com.microsoft.playwright.impl.Connection.processOneMessage(Connection.java:206)
at com.microsoft.playwright.impl.ChannelOwner.runUntil(ChannelOwner.java:109)
... 39 more
]]>
    </failure>
  </testcase> <!-- addcase -->
  <testcase classname="com.qa.beameducation.testscripts.Class4Test" name="addcase" time="50.958"/>
  <testcase classname="com.qa.beameducation.testscripts.Class4Test" name="addcase" time="35.813"/>
  <testcase classname="com.qa.beameducation.testscripts.Class4Test" name="addcase" time="35.853"/>
  <testcase classname="com.qa.beameducation.testscripts.Class4Test" name="addcase" time="35.746"/>
  <testcase classname="com.qa.beameducation.testscripts.Class4Test" name="addcase" time="35.998"/>
  <testcase classname="com.qa.beameducation.testscripts.Class4Test" name="addcase" time="35.753"/>
  <testcase classname="com.qa.beameducation.testscripts.Class4Test" name="addcase" time="35.191"/>
  <testcase classname="com.qa.beameducation.testscripts.Class4Test" name="addcase" time="35.402"/>
  <testcase classname="com.qa.beameducation.testscripts.Class4Test" name="addcase" time="35.738"/>
  <testcase classname="com.qa.beameducation.testscripts.Class4Test" name="addcase" time="35.982"/>
  <testcase classname="com.qa.beameducation.testscripts.Class4Test" name="addcase" time="36.042"/>
  <testcase classname="com.qa.beameducation.testscripts.Class4Test" name="addcase" time="35.883"/>
  <testcase classname="com.qa.beameducation.testscripts.Class4Test" name="addcase" time="35.516"/>
  <testcase classname="com.qa.beameducation.testscripts.Class4Test" name="addcase" time="35.471"/>
  <testcase classname="com.qa.beameducation.testscripts.Class4Test" name="addcase" time="35.314"/>
  <testcase classname="com.qa.beameducation.testscripts.Class4Test" name="addcase" time="35.875"/>
  <testcase classname="com.qa.beameducation.testscripts.Class4Test" name="addcase" time="35.412"/>
  <testcase classname="com.qa.beameducation.testscripts.Class4Test" name="addcase" time="35.415"/>
  <testcase classname="com.qa.beameducation.testscripts.Class4Test" name="addcase" time="35.78"/>
  <testcase classname="com.qa.beameducation.testscripts.Class4Test" name="addcase" time="35.834"/>
  <testcase classname="com.qa.beameducation.testscripts.Class4Test" name="addcase" time="35.431"/>
  <testcase classname="com.qa.beameducation.testscripts.Class4Test" name="addcase" time="35.203"/>
  <testcase classname="com.qa.beameducation.testscripts.Class4Test" name="addcase" time="35.98"/>
  <testcase classname="com.qa.beameducation.testscripts.Class4Test" name="addcase" time="35.955"/>
  <testcase classname="com.qa.beameducation.testscripts.Class4Test" name="addcase" time="35.563"/>
  <testcase classname="com.qa.beameducation.testscripts.Class4Test" name="addcase" time="37.23"/>
  <testcase classname="com.qa.beameducation.testscripts.Class4Test" name="addcase" time="38.229"/>
  <testcase classname="com.qa.beameducation.testscripts.Class4Test" name="addcase" time="38.065"/>
  <testcase classname="com.qa.beameducation.testscripts.Class4Test" name="addcase" time="34.373"/>
  <testcase classname="com.qa.beameducation.testscripts.Class4Test" name="addcase" time="35.122"/>
  <testcase classname="com.qa.beameducation.testscripts.Class4Test" name="addcase" time="37.145"/>
  <testcase classname="com.qa.beameducation.testscripts.Class4Test" name="addcase" time="36.928"/>
  <testcase classname="com.qa.beameducation.testscripts.Class4Test" name="addcase" time="37.768"/>
  <testcase classname="com.qa.beameducation.testscripts.Class4Test" name="addcase" time="36.576"/>
  <testcase classname="com.qa.beameducation.testscripts.Class4Test" name="addcase" time="37.272"/>
  <testcase classname="com.qa.beameducation.testscripts.Class4Test" name="addcase" time="37.45"/>
  <testcase classname="com.qa.beameducation.testscripts.Class4Test" name="addcase" time="37.542"/>
  <testcase classname="com.qa.beameducation.testscripts.Class4Test" name="addcase" time="37.422"/>
  <testcase classname="com.qa.beameducation.testscripts.Class4Test" name="addcase" time="38.965"/>
  <testcase classname="com.qa.beameducation.testscripts.Class4Test" name="addcase" time="37.794"/>
  <testcase classname="com.qa.beameducation.testscripts.Class4Test" name="addcase" time="35.607"/>
  <testcase classname="com.qa.beameducation.testscripts.Class4Test" name="addcase" time="38.558"/>
  <testcase classname="com.qa.beameducation.testscripts.Class4Test" name="addcase" time="36.499"/>
  <testcase classname="com.qa.beameducation.testscripts.Class4Test" name="addcase" time="37.488"/>
  <testcase classname="com.qa.beameducation.testscripts.Class4Test" name="addcase" time="38.019"/>
  <testcase classname="com.qa.beameducation.testscripts.Class4Test" name="addcase" time="37.519"/>
  <testcase classname="com.qa.beameducation.testscripts.Class4Test" name="addcase" time="38.453"/>
  <testcase classname="com.qa.beameducation.testscripts.Class4Test" name="addcase" time="37.781"/>
  <testcase classname="com.qa.beameducation.testscripts.Class4Test" name="addcase" time="37.138"/>
  <testcase classname="com.qa.beameducation.testscripts.Class4Test" name="addcase" time="38.187"/>
  <testcase classname="com.qa.beameducation.testscripts.Class4Test" name="addcase" time="37.508"/>
  <testcase classname="com.qa.beameducation.testscripts.Class4Test" name="addcase" time="37.929"/>
  <testcase classname="com.qa.beameducation.testscripts.Class4Test" name="addcase" time="38.186"/>
  <testcase classname="com.qa.beameducation.testscripts.Class4Test" name="addcase" time="37.443"/>
</testsuite> <!-- Default test -->
